CRITICAL - 2022-03-30 21:39:49 --> Call to undefined function form_open()
#0 C:\xampp\htdocs\web2\vendor\codeigniter4\framework\system\View\View.php(210): include()
#1 C:\xampp\htdocs\web2\vendor\codeigniter4\framework\system\View\View.php(213): CodeIgniter\View\View->CodeIgniter\View\{closure}()
#2 C:\xampp\htdocs\web2\vendor\codeigniter4\framework\system\Common.php(1089): CodeIgniter\View\View->render('login_page', Array, true)
#3 C:\xampp\htdocs\web2\app\Controllers\Home.php(9): view('login_page')
#4 C:\xampp\htdocs\web2\vendor\codeigniter4\framework\system\CodeIgniter.php(832): App\Controllers\Home->index()
#5 C:\xampp\htdocs\web2\vendor\codeigniter4\framework\system\CodeIgniter.php(419): CodeIgniter\CodeIgniter->runController(Object(App\Controllers\Home))
#6 C:\xampp\htdocs\web2\vendor\codeigniter4\framework\system\CodeIgniter.php(326): CodeIgniter\CodeIgniter->handleRequest(NULL, Object(Config\Cache), false)
#7 C:\xampp\htdocs\web2\public\index.php(37): CodeIgniter\CodeIgniter->run()
#8 C:\xampp\htdocs\web2\vendor\codeigniter4\framework\system\Commands\Server\rewrite.php(43): require_once('C:\\xampp\\htdocs...')
#9 {main}
CRITICAL - 2022-03-30 21:41:34 --> Call to undefined function form_open()
#0 C:\xampp\htdocs\web2\vendor\codeigniter4\framework\system\View\View.php(210): include()
#1 C:\xampp\htdocs\web2\vendor\codeigniter4\framework\system\View\View.php(213): CodeIgniter\View\View->CodeIgniter\View\{closure}()
#2 C:\xampp\htdocs\web2\vendor\codeigniter4\framework\system\Common.php(1089): CodeIgniter\View\View->render('login_page', Array, true)
#3 C:\xampp\htdocs\web2\app\Controllers\Home.php(9): view('login_page')
#4 C:\xampp\htdocs\web2\vendor\codeigniter4\framework\system\CodeIgniter.php(832): App\Controllers\Home->index()
#5 C:\xampp\htdocs\web2\vendor\codeigniter4\framework\system\CodeIgniter.php(419): CodeIgniter\CodeIgniter->runController(Object(App\Controllers\Home))
#6 C:\xampp\htdocs\web2\vendor\codeigniter4\framework\system\CodeIgniter.php(326): CodeIgniter\CodeIgniter->handleRequest(NULL, Object(Config\Cache), false)
#7 C:\xampp\htdocs\web2\public\index.php(37): CodeIgniter\CodeIgniter->run()
#8 C:\xampp\htdocs\web2\vendor\codeigniter4\framework\system\Commands\Server\rewrite.php(43): require_once('C:\\xampp\\htdocs...')
#9 {main}
CRITICAL - 2022-03-30 21:41:35 --> Call to undefined function form_open()
#0 C:\xampp\htdocs\web2\vendor\codeigniter4\framework\system\View\View.php(210): include()
#1 C:\xampp\htdocs\web2\vendor\codeigniter4\framework\system\View\View.php(213): CodeIgniter\View\View->CodeIgniter\View\{closure}()
#2 C:\xampp\htdocs\web2\vendor\codeigniter4\framework\system\Common.php(1089): CodeIgniter\View\View->render('login_page', Array, true)
#3 C:\xampp\htdocs\web2\app\Controllers\Home.php(9): view('login_page')
#4 C:\xampp\htdocs\web2\vendor\codeigniter4\framework\system\CodeIgniter.php(832): App\Controllers\Home->index()
#5 C:\xampp\htdocs\web2\vendor\codeigniter4\framework\system\CodeIgniter.php(419): CodeIgniter\CodeIgniter->runController(Object(App\Controllers\Home))
#6 C:\xampp\htdocs\web2\vendor\codeigniter4\framework\system\CodeIgniter.php(326): CodeIgniter\CodeIgniter->handleRequest(NULL, Object(Config\Cache), false)
#7 C:\xampp\htdocs\web2\public\index.php(37): CodeIgniter\CodeIgniter->run()
#8 C:\xampp\htdocs\web2\vendor\codeigniter4\framework\system\Commands\Server\rewrite.php(43): require_once('C:\\xampp\\htdocs...')
#9 {main}
CRITICAL - 2022-03-30 21:50:21 --> syntax error, unexpected token ":"
#0 C:\xampp\htdocs\web2\vendor\codeigniter4\framework\system\View\View.php(213): CodeIgniter\View\View->CodeIgniter\View\{closure}()
#1 C:\xampp\htdocs\web2\vendor\codeigniter4\framework\system\Common.php(1089): CodeIgniter\View\View->render('login_page', Array, true)
#2 C:\xampp\htdocs\web2\app\Controllers\Home.php(9): view('login_page')
#3 C:\xampp\htdocs\web2\vendor\codeigniter4\framework\system\CodeIgniter.php(832): App\Controllers\Home->index()
#4 C:\xampp\htdocs\web2\vendor\codeigniter4\framework\system\CodeIgniter.php(419): CodeIgniter\CodeIgniter->runController(Object(App\Controllers\Home))
#5 C:\xampp\htdocs\web2\vendor\codeigniter4\framework\system\CodeIgniter.php(326): CodeIgniter\CodeIgniter->handleRequest(NULL, Object(Config\Cache), false)
#6 C:\xampp\htdocs\web2\public\index.php(37): CodeIgniter\CodeIgniter->run()
#7 C:\xampp\htdocs\web2\vendor\codeigniter4\framework\system\Commands\Server\rewrite.php(43): require_once('C:\\xampp\\htdocs...')
#8 {main}
CRITICAL - 2022-03-30 21:50:28 --> syntax error, unexpected token ";"
#0 C:\xampp\htdocs\web2\vendor\codeigniter4\framework\system\View\View.php(213): CodeIgniter\View\View->CodeIgniter\View\{closure}()
#1 C:\xampp\htdocs\web2\vendor\codeigniter4\framework\system\Common.php(1089): CodeIgniter\View\View->render('login_page', Array, true)
#2 C:\xampp\htdocs\web2\app\Controllers\Home.php(9): view('login_page')
#3 C:\xampp\htdocs\web2\vendor\codeigniter4\framework\system\CodeIgniter.php(832): App\Controllers\Home->index()
#4 C:\xampp\htdocs\web2\vendor\codeigniter4\framework\system\CodeIgniter.php(419): CodeIgniter\CodeIgniter->runController(Object(App\Controllers\Home))
#5 C:\xampp\htdocs\web2\vendor\codeigniter4\framework\system\CodeIgniter.php(326): CodeIgniter\CodeIgniter->handleRequest(NULL, Object(Config\Cache), false)
#6 C:\xampp\htdocs\web2\public\index.php(37): CodeIgniter\CodeIgniter->run()
#7 C:\xampp\htdocs\web2\vendor\codeigniter4\framework\system\Commands\Server\rewrite.php(43): require_once('C:\\xampp\\htdocs...')
#8 {main}
CRITICAL - 2022-03-30 21:50:42 --> syntax error, unexpected single-quoted string "error", expecting "," or ";"
#0 C:\xampp\htdocs\web2\vendor\codeigniter4\framework\system\View\View.php(213): CodeIgniter\View\View->CodeIgniter\View\{closure}()
#1 C:\xampp\htdocs\web2\vendor\codeigniter4\framework\system\Common.php(1089): CodeIgniter\View\View->render('login_page', Array, true)
#2 C:\xampp\htdocs\web2\app\Controllers\Home.php(9): view('login_page')
#3 C:\xampp\htdocs\web2\vendor\codeigniter4\framework\system\CodeIgniter.php(832): App\Controllers\Home->index()
#4 C:\xampp\htdocs\web2\vendor\codeigniter4\framework\system\CodeIgniter.php(419): CodeIgniter\CodeIgniter->runController(Object(App\Controllers\Home))
#5 C:\xampp\htdocs\web2\vendor\codeigniter4\framework\system\CodeIgniter.php(326): CodeIgniter\CodeIgniter->handleRequest(NULL, Object(Config\Cache), false)
#6 C:\xampp\htdocs\web2\public\index.php(37): CodeIgniter\CodeIgniter->run()
#7 C:\xampp\htdocs\web2\vendor\codeigniter4\framework\system\Commands\Server\rewrite.php(43): require_once('C:\\xampp\\htdocs...')
#8 {main}
CRITICAL - 2022-03-30 21:50:44 --> syntax error, unexpected single-quoted string "error", expecting "," or ";"
#0 C:\xampp\htdocs\web2\vendor\codeigniter4\framework\system\View\View.php(213): CodeIgniter\View\View->CodeIgniter\View\{closure}()
#1 C:\xampp\htdocs\web2\vendor\codeigniter4\framework\system\Common.php(1089): CodeIgniter\View\View->render('login_page', Array, true)
#2 C:\xampp\htdocs\web2\app\Controllers\Home.php(9): view('login_page')
#3 C:\xampp\htdocs\web2\vendor\codeigniter4\framework\system\CodeIgniter.php(832): App\Controllers\Home->index()
#4 C:\xampp\htdocs\web2\vendor\codeigniter4\framework\system\CodeIgniter.php(419): CodeIgniter\CodeIgniter->runController(Object(App\Controllers\Home))
#5 C:\xampp\htdocs\web2\vendor\codeigniter4\framework\system\CodeIgniter.php(326): CodeIgniter\CodeIgniter->handleRequest(NULL, Object(Config\Cache), false)
#6 C:\xampp\htdocs\web2\public\index.php(37): CodeIgniter\CodeIgniter->run()
#7 C:\xampp\htdocs\web2\vendor\codeigniter4\framework\system\Commands\Server\rewrite.php(43): require_once('C:\\xampp\\htdocs...')
#8 {main}
CRITICAL - 2022-03-30 21:55:31 --> Undefined property: App\Controllers\Home::$db
#0 C:\xampp\htdocs\web2\app\Controllers\Home.php(18): CodeIgniter\Debug\Exceptions->errorHandler(2, 'Undefined prope...', 'C:\\xampp\\htdocs...', 18)
#1 C:\xampp\htdocs\web2\vendor\codeigniter4\framework\system\CodeIgniter.php(832): App\Controllers\Home->loginproses()
#2 C:\xampp\htdocs\web2\vendor\codeigniter4\framework\system\CodeIgniter.php(419): CodeIgniter\CodeIgniter->runController(Object(App\Controllers\Home))
#3 C:\xampp\htdocs\web2\vendor\codeigniter4\framework\system\CodeIgniter.php(326): CodeIgniter\CodeIgniter->handleRequest(NULL, Object(Config\Cache), false)
#4 C:\xampp\htdocs\web2\public\index.php(37): CodeIgniter\CodeIgniter->run()
#5 C:\xampp\htdocs\web2\vendor\codeigniter4\framework\system\Commands\Server\rewrite.php(43): require_once('C:\\xampp\\htdocs...')
#6 {main}
CRITICAL - 2022-03-30 21:57:49 --> Undefined property: App\Controllers\Home::$db
#0 C:\xampp\htdocs\web2\app\Controllers\Home.php(18): CodeIgniter\Debug\Exceptions->errorHandler(2, 'Undefined prope...', 'C:\\xampp\\htdocs...', 18)
#1 C:\xampp\htdocs\web2\vendor\codeigniter4\framework\system\CodeIgniter.php(832): App\Controllers\Home->loginproses()
#2 C:\xampp\htdocs\web2\vendor\codeigniter4\framework\system\CodeIgniter.php(419): CodeIgniter\CodeIgniter->runController(Object(App\Controllers\Home))
#3 C:\xampp\htdocs\web2\vendor\codeigniter4\framework\system\CodeIgniter.php(326): CodeIgniter\CodeIgniter->handleRequest(NULL, Object(Config\Cache), false)
#4 C:\xampp\htdocs\web2\public\index.php(37): CodeIgniter\CodeIgniter->run()
#5 C:\xampp\htdocs\web2\vendor\codeigniter4\framework\system\Commands\Server\rewrite.php(43): require_once('C:\\xampp\\htdocs...')
#6 {main}
CRITICAL - 2022-03-30 21:58:03 --> Undefined property: App\Controllers\Home::$db
#0 C:\xampp\htdocs\web2\app\Controllers\Home.php(18): CodeIgniter\Debug\Exceptions->errorHandler(2, 'Undefined prope...', 'C:\\xampp\\htdocs...', 18)
#1 C:\xampp\htdocs\web2\vendor\codeigniter4\framework\system\CodeIgniter.php(832): App\Controllers\Home->loginproses()
#2 C:\xampp\htdocs\web2\vendor\codeigniter4\framework\system\CodeIgniter.php(419): CodeIgniter\CodeIgniter->runController(Object(App\Controllers\Home))
#3 C:\xampp\htdocs\web2\vendor\codeigniter4\framework\system\CodeIgniter.php(326): CodeIgniter\CodeIgniter->handleRequest(NULL, Object(Config\Cache), false)
#4 C:\xampp\htdocs\web2\public\index.php(37): CodeIgniter\CodeIgniter->run()
#5 C:\xampp\htdocs\web2\vendor\codeigniter4\framework\system\Commands\Server\rewrite.php(43): require_once('C:\\xampp\\htdocs...')
#6 {main}
ERROR - 2022-03-30 23:47:54 --> Table 'ci4_web.user' doesn't exist
CRITICAL - 2022-03-30 23:47:54 --> Table 'ci4_web.user' doesn't exist
#0 C:\xampp\htdocs\web2\vendor\codeigniter4\framework\system\Database\MySQLi\Connection.php(292): mysqli->query('SELECT 1\nFROM `...', 0)
#1 C:\xampp\htdocs\web2\vendor\codeigniter4\framework\system\Database\BaseConnection.php(670): CodeIgniter\Database\MySQLi\Connection->execute('SELECT 1\nFROM `...')
#2 C:\xampp\htdocs\web2\vendor\codeigniter4\framework\system\Database\BaseConnection.php(598): CodeIgniter\Database\BaseConnection->simpleQuery('SELECT 1\nFROM `...')
#3 C:\xampp\htdocs\web2\vendor\codeigniter4\framework\system\Database\BaseBuilder.php(1455): CodeIgniter\Database\BaseConnection->query('SELECT 1\nFROM `...', Array, false)
#4 C:\xampp\htdocs\web2\vendor\codeigniter4\framework\system\Validation\Rules.php(142): CodeIgniter\Database\BaseBuilder->get()
#5 C:\xampp\htdocs\web2\vendor\codeigniter4\framework\system\Validation\Validation.php(292): CodeIgniter\Validation\Rules->is_unique('dani', 'username', Array, NULL)
#6 C:\xampp\htdocs\web2\vendor\codeigniter4\framework\system\Validation\Validation.php(157): CodeIgniter\Validation\Validation->processRules('username', 'username', 'dani', Array, Array)
#7 C:\xampp\htdocs\web2\vendor\codeigniter4\framework\system\Controller.php(160): CodeIgniter\Validation\Validation->run()
#8 C:\xampp\htdocs\web2\app\Controllers\Register.php(17): CodeIgniter\Controller->validate(Array)
#9 C:\xampp\htdocs\web2\vendor\codeigniter4\framework\system\CodeIgniter.php(832): App\Controllers\Register->process()
#10 C:\xampp\htdocs\web2\vendor\codeigniter4\framework\system\CodeIgniter.php(419): CodeIgniter\CodeIgniter->runController(Object(App\Controllers\Register))
#11 C:\xampp\htdocs\web2\vendor\codeigniter4\framework\system\CodeIgniter.php(326): CodeIgniter\CodeIgniter->handleRequest(NULL, Object(Config\Cache), false)
#12 C:\xampp\htdocs\web2\public\index.php(37): CodeIgniter\CodeIgniter->run()
#13 C:\xampp\htdocs\web2\vendor\codeigniter4\framework\system\Commands\Server\rewrite.php(43): require_once('C:\\xampp\\htdocs...')
#14 {main}
CRITICAL - 2022-03-30 23:52:35 --> Undefined property: stdClass::$password
#0 C:\xampp\htdocs\web2\app\Controllers\Login.php(23): CodeIgniter\Debug\Exceptions->errorHandler(2, 'Undefined prope...', 'C:\\xampp\\htdocs...', 23)
#1 C:\xampp\htdocs\web2\vendor\codeigniter4\framework\system\CodeIgniter.php(832): App\Controllers\Login->process()
#2 C:\xampp\htdocs\web2\vendor\codeigniter4\framework\system\CodeIgniter.php(419): CodeIgniter\CodeIgniter->runController(Object(App\Controllers\Login))
#3 C:\xampp\htdocs\web2\vendor\codeigniter4\framework\system\CodeIgniter.php(326): CodeIgniter\CodeIgniter->handleRequest(NULL, Object(Config\Cache), false)
#4 C:\xampp\htdocs\web2\public\index.php(37): CodeIgniter\CodeIgniter->run()
#5 C:\xampp\htdocs\web2\vendor\codeigniter4\framework\system\Commands\Server\rewrite.php(43): require_once('C:\\xampp\\htdocs...')
#6 {main}
