ERROR - 2022-04-29 02:13:45 --> Duplicate entry 'STK001' for key 'PRIMARY'
CRITICAL - 2022-04-29 02:13:45 --> Duplicate entry 'STK001' for key 'PRIMARY'
#0 C:\xampp\htdocs\WEB-app\vendor\codeigniter4\framework\system\Database\MySQLi\Connection.php(292): mysqli->query('INSERT INTO `tb...', 0)
#1 C:\xampp\htdocs\WEB-app\vendor\codeigniter4\framework\system\Database\BaseConnection.php(670): CodeIgniter\Database\MySQLi\Connection->execute('INSERT INTO `tb...')
#2 C:\xampp\htdocs\WEB-app\vendor\codeigniter4\framework\system\Database\BaseConnection.php(598): CodeIgniter\Database\BaseConnection->simpleQuery('INSERT INTO `tb...')
#3 C:\xampp\htdocs\WEB-app\vendor\codeigniter4\framework\system\Database\BaseBuilder.php(1771): CodeIgniter\Database\BaseConnection->query('INSERT INTO `tb...', Array, false)
#4 C:\xampp\htdocs\WEB-app\vendor\codeigniter4\framework\system\Model.php(239): CodeIgniter\Database\BaseBuilder->insert()
#5 C:\xampp\htdocs\WEB-app\vendor\codeigniter4\framework\system\BaseModel.php(738): CodeIgniter\Model->doInsert(Array)
#6 C:\xampp\htdocs\WEB-app\vendor\codeigniter4\framework\system\Model.php(625): CodeIgniter\BaseModel->insert(Array, true)
#7 C:\xampp\htdocs\WEB-app\app\Controllers\StokBarang.php(105): CodeIgniter\Model->insert(Array)
#8 C:\xampp\htdocs\WEB-app\vendor\codeigniter4\framework\system\CodeIgniter.php(832): App\Controllers\StokBarang->simpandata()
#9 C:\xampp\htdocs\WEB-app\vendor\codeigniter4\framework\system\CodeIgniter.php(419): CodeIgniter\CodeIgniter->runController(Object(App\Controllers\StokBarang))
#10 C:\xampp\htdocs\WEB-app\vendor\codeigniter4\framework\system\CodeIgniter.php(326): CodeIgniter\CodeIgniter->handleRequest(NULL, Object(Config\Cache), false)
#11 C:\xampp\htdocs\WEB-app\public\index.php(37): CodeIgniter\CodeIgniter->run()
#12 C:\xampp\htdocs\WEB-app\vendor\codeigniter4\framework\system\Commands\Server\rewrite.php(43): require_once('C:\\xampp\\htdocs...')
#13 {main}
ERROR - 2022-04-29 02:15:47 --> Duplicate entry 'STK001' for key 'PRIMARY'
CRITICAL - 2022-04-29 02:15:47 --> Duplicate entry 'STK001' for key 'PRIMARY'
#0 C:\xampp\htdocs\WEB-app\vendor\codeigniter4\framework\system\Database\MySQLi\Connection.php(292): mysqli->query('INSERT INTO `tb...', 0)
#1 C:\xampp\htdocs\WEB-app\vendor\codeigniter4\framework\system\Database\BaseConnection.php(670): CodeIgniter\Database\MySQLi\Connection->execute('INSERT INTO `tb...')
#2 C:\xampp\htdocs\WEB-app\vendor\codeigniter4\framework\system\Database\BaseConnection.php(598): CodeIgniter\Database\BaseConnection->simpleQuery('INSERT INTO `tb...')
#3 C:\xampp\htdocs\WEB-app\vendor\codeigniter4\framework\system\Database\BaseBuilder.php(1771): CodeIgniter\Database\BaseConnection->query('INSERT INTO `tb...', Array, false)
#4 C:\xampp\htdocs\WEB-app\vendor\codeigniter4\framework\system\Model.php(239): CodeIgniter\Database\BaseBuilder->insert()
#5 C:\xampp\htdocs\WEB-app\vendor\codeigniter4\framework\system\BaseModel.php(738): CodeIgniter\Model->doInsert(Array)
#6 C:\xampp\htdocs\WEB-app\vendor\codeigniter4\framework\system\Model.php(625): CodeIgniter\BaseModel->insert(Array, true)
#7 C:\xampp\htdocs\WEB-app\app\Controllers\StokBarang.php(95): CodeIgniter\Model->insert(Array)
#8 C:\xampp\htdocs\WEB-app\vendor\codeigniter4\framework\system\CodeIgniter.php(832): App\Controllers\StokBarang->simpandata()
#9 C:\xampp\htdocs\WEB-app\vendor\codeigniter4\framework\system\CodeIgniter.php(419): CodeIgniter\CodeIgniter->runController(Object(App\Controllers\StokBarang))
#10 C:\xampp\htdocs\WEB-app\vendor\codeigniter4\framework\system\CodeIgniter.php(326): CodeIgniter\CodeIgniter->handleRequest(NULL, Object(Config\Cache), false)
#11 C:\xampp\htdocs\WEB-app\public\index.php(37): CodeIgniter\CodeIgniter->run()
#12 C:\xampp\htdocs\WEB-app\vendor\codeigniter4\framework\system\Commands\Server\rewrite.php(43): require_once('C:\\xampp\\htdocs...')
#13 {main}
ERROR - 2022-04-29 02:16:23 --> Duplicate entry 'STK001' for key 'PRIMARY'
CRITICAL - 2022-04-29 02:16:23 --> Duplicate entry 'STK001' for key 'PRIMARY'
#0 C:\xampp\htdocs\WEB-app\vendor\codeigniter4\framework\system\Database\MySQLi\Connection.php(292): mysqli->query('INSERT INTO `tb...', 0)
#1 C:\xampp\htdocs\WEB-app\vendor\codeigniter4\framework\system\Database\BaseConnection.php(670): CodeIgniter\Database\MySQLi\Connection->execute('INSERT INTO `tb...')
#2 C:\xampp\htdocs\WEB-app\vendor\codeigniter4\framework\system\Database\BaseConnection.php(598): CodeIgniter\Database\BaseConnection->simpleQuery('INSERT INTO `tb...')
#3 C:\xampp\htdocs\WEB-app\vendor\codeigniter4\framework\system\Database\BaseBuilder.php(1771): CodeIgniter\Database\BaseConnection->query('INSERT INTO `tb...', Array, false)
#4 C:\xampp\htdocs\WEB-app\vendor\codeigniter4\framework\system\Model.php(239): CodeIgniter\Database\BaseBuilder->insert()
#5 C:\xampp\htdocs\WEB-app\vendor\codeigniter4\framework\system\BaseModel.php(738): CodeIgniter\Model->doInsert(Array)
#6 C:\xampp\htdocs\WEB-app\vendor\codeigniter4\framework\system\Model.php(625): CodeIgniter\BaseModel->insert(Array, true)
#7 C:\xampp\htdocs\WEB-app\app\Controllers\StokBarang.php(95): CodeIgniter\Model->insert(Array)
#8 C:\xampp\htdocs\WEB-app\vendor\codeigniter4\framework\system\CodeIgniter.php(832): App\Controllers\StokBarang->simpandata()
#9 C:\xampp\htdocs\WEB-app\vendor\codeigniter4\framework\system\CodeIgniter.php(419): CodeIgniter\CodeIgniter->runController(Object(App\Controllers\StokBarang))
#10 C:\xampp\htdocs\WEB-app\vendor\codeigniter4\framework\system\CodeIgniter.php(326): CodeIgniter\CodeIgniter->handleRequest(NULL, Object(Config\Cache), false)
#11 C:\xampp\htdocs\WEB-app\public\index.php(37): CodeIgniter\CodeIgniter->run()
#12 C:\xampp\htdocs\WEB-app\vendor\codeigniter4\framework\system\Commands\Server\rewrite.php(43): require_once('C:\\xampp\\htdocs...')
#13 {main}
CRITICAL - 2022-04-29 02:35:32 --> Undefined array key "merk"
#0 C:\xampp\htdocs\WEB-app\app\Views\admin-super\pameran\formtambah.php(53): CodeIgniter\Debug\Exceptions->errorHandler(2, 'Undefined array...', 'C:\\xampp\\htdocs...', 53)
#1 C:\xampp\htdocs\WEB-app\vendor\codeigniter4\framework\system\View\View.php(210): include('C:\\xampp\\htdocs...')
#2 C:\xampp\htdocs\WEB-app\vendor\codeigniter4\framework\system\View\View.php(213): CodeIgniter\View\View->CodeIgniter\View\{closure}()
#3 C:\xampp\htdocs\WEB-app\vendor\codeigniter4\framework\system\Common.php(1089): CodeIgniter\View\View->render('admin-super/pam...', Array, true)
#4 C:\xampp\htdocs\WEB-app\app\Controllers\Pameran.php(38): view('admin-super/pam...', Array)
#5 C:\xampp\htdocs\WEB-app\vendor\codeigniter4\framework\system\CodeIgniter.php(832): App\Controllers\Pameran->formtambah()
#6 C:\xampp\htdocs\WEB-app\vendor\codeigniter4\framework\system\CodeIgniter.php(419): CodeIgniter\CodeIgniter->runController(Object(App\Controllers\Pameran))
#7 C:\xampp\htdocs\WEB-app\vendor\codeigniter4\framework\system\CodeIgniter.php(326): CodeIgniter\CodeIgniter->handleRequest(NULL, Object(Config\Cache), false)
#8 C:\xampp\htdocs\WEB-app\public\index.php(37): CodeIgniter\CodeIgniter->run()
#9 C:\xampp\htdocs\WEB-app\vendor\codeigniter4\framework\system\Commands\Server\rewrite.php(43): require_once('C:\\xampp\\htdocs...')
#10 {main}
CRITICAL - 2022-04-29 02:35:36 --> Undefined array key "merks"
#0 C:\xampp\htdocs\WEB-app\app\Views\admin-super\pameran\formtambah.php(53): CodeIgniter\Debug\Exceptions->errorHandler(2, 'Undefined array...', 'C:\\xampp\\htdocs...', 53)
#1 C:\xampp\htdocs\WEB-app\vendor\codeigniter4\framework\system\View\View.php(210): include('C:\\xampp\\htdocs...')
#2 C:\xampp\htdocs\WEB-app\vendor\codeigniter4\framework\system\View\View.php(213): CodeIgniter\View\View->CodeIgniter\View\{closure}()
#3 C:\xampp\htdocs\WEB-app\vendor\codeigniter4\framework\system\Common.php(1089): CodeIgniter\View\View->render('admin-super/pam...', Array, true)
#4 C:\xampp\htdocs\WEB-app\app\Controllers\Pameran.php(38): view('admin-super/pam...', Array)
#5 C:\xampp\htdocs\WEB-app\vendor\codeigniter4\framework\system\CodeIgniter.php(832): App\Controllers\Pameran->formtambah()
#6 C:\xampp\htdocs\WEB-app\vendor\codeigniter4\framework\system\CodeIgniter.php(419): CodeIgniter\CodeIgniter->runController(Object(App\Controllers\Pameran))
#7 C:\xampp\htdocs\WEB-app\vendor\codeigniter4\framework\system\CodeIgniter.php(326): CodeIgniter\CodeIgniter->handleRequest(NULL, Object(Config\Cache), false)
#8 C:\xampp\htdocs\WEB-app\public\index.php(37): CodeIgniter\CodeIgniter->run()
#9 C:\xampp\htdocs\WEB-app\vendor\codeigniter4\framework\system\Commands\Server\rewrite.php(43): require_once('C:\\xampp\\htdocs...')
#10 {main}
CRITICAL - 2022-04-29 02:35:39 --> Undefined array key "merks"
#0 C:\xampp\htdocs\WEB-app\app\Views\admin-super\pameran\formtambah.php(53): CodeIgniter\Debug\Exceptions->errorHandler(2, 'Undefined array...', 'C:\\xampp\\htdocs...', 53)
#1 C:\xampp\htdocs\WEB-app\vendor\codeigniter4\framework\system\View\View.php(210): include('C:\\xampp\\htdocs...')
#2 C:\xampp\htdocs\WEB-app\vendor\codeigniter4\framework\system\View\View.php(213): CodeIgniter\View\View->CodeIgniter\View\{closure}()
#3 C:\xampp\htdocs\WEB-app\vendor\codeigniter4\framework\system\Common.php(1089): CodeIgniter\View\View->render('admin-super/pam...', Array, true)
#4 C:\xampp\htdocs\WEB-app\app\Controllers\Pameran.php(38): view('admin-super/pam...', Array)
#5 C:\xampp\htdocs\WEB-app\vendor\codeigniter4\framework\system\CodeIgniter.php(832): App\Controllers\Pameran->formtambah()
#6 C:\xampp\htdocs\WEB-app\vendor\codeigniter4\framework\system\CodeIgniter.php(419): CodeIgniter\CodeIgniter->runController(Object(App\Controllers\Pameran))
#7 C:\xampp\htdocs\WEB-app\vendor\codeigniter4\framework\system\CodeIgniter.php(326): CodeIgniter\CodeIgniter->handleRequest(NULL, Object(Config\Cache), false)
#8 C:\xampp\htdocs\WEB-app\public\index.php(37): CodeIgniter\CodeIgniter->run()
#9 C:\xampp\htdocs\WEB-app\vendor\codeigniter4\framework\system\Commands\Server\rewrite.php(43): require_once('C:\\xampp\\htdocs...')
#10 {main}
ERROR - 2022-04-29 02:42:39 --> Unknown column 'tbltipekendaraan.kodetipe' in 'on clause'
CRITICAL - 2022-04-29 02:42:39 --> Unknown column 'tbltipekendaraan.kodetipe' in 'on clause'
#0 C:\xampp\htdocs\WEB-app\vendor\codeigniter4\framework\system\Database\MySQLi\Connection.php(292): mysqli->query('SELECT *\nFROM `...', 0)
#1 C:\xampp\htdocs\WEB-app\vendor\codeigniter4\framework\system\Database\BaseConnection.php(670): CodeIgniter\Database\MySQLi\Connection->execute('SELECT *\nFROM `...')
#2 C:\xampp\htdocs\WEB-app\vendor\codeigniter4\framework\system\Database\BaseConnection.php(598): CodeIgniter\Database\BaseConnection->simpleQuery('SELECT *\nFROM `...')
#3 C:\xampp\htdocs\WEB-app\vendor\codeigniter4\framework\system\Database\BaseBuilder.php(1455): CodeIgniter\Database\BaseConnection->query('SELECT *\nFROM `...', Array, false)
#4 C:\xampp\htdocs\WEB-app\vendor\codeigniter4\framework\system\Model.php(728): CodeIgniter\Database\BaseBuilder->get()
#5 C:\xampp\htdocs\WEB-app\app\Models\ModelPameran.php(36): CodeIgniter\Model->__call('get', Array)
#6 C:\xampp\htdocs\WEB-app\app\Controllers\Pameran.php(35): App\Models\ModelPameran->tampilTipeKendaraan()
#7 C:\xampp\htdocs\WEB-app\vendor\codeigniter4\framework\system\CodeIgniter.php(832): App\Controllers\Pameran->formtambah()
#8 C:\xampp\htdocs\WEB-app\vendor\codeigniter4\framework\system\CodeIgniter.php(419): CodeIgniter\CodeIgniter->runController(Object(App\Controllers\Pameran))
#9 C:\xampp\htdocs\WEB-app\vendor\codeigniter4\framework\system\CodeIgniter.php(326): CodeIgniter\CodeIgniter->handleRequest(NULL, Object(Config\Cache), false)
#10 C:\xampp\htdocs\WEB-app\public\index.php(37): CodeIgniter\CodeIgniter->run()
#11 C:\xampp\htdocs\WEB-app\vendor\codeigniter4\framework\system\Commands\Server\rewrite.php(43): require_once('C:\\xampp\\htdocs...')
#12 {main}
ERROR - 2022-04-29 02:44:15 --> Unknown column 'tbltipekendaraan.kodetipe' in 'on clause'
CRITICAL - 2022-04-29 02:44:15 --> Unknown column 'tbltipekendaraan.kodetipe' in 'on clause'
#0 C:\xampp\htdocs\WEB-app\vendor\codeigniter4\framework\system\Database\MySQLi\Connection.php(292): mysqli->query('SELECT *\nFROM `...', 0)
#1 C:\xampp\htdocs\WEB-app\vendor\codeigniter4\framework\system\Database\BaseConnection.php(670): CodeIgniter\Database\MySQLi\Connection->execute('SELECT *\nFROM `...')
#2 C:\xampp\htdocs\WEB-app\vendor\codeigniter4\framework\system\Database\BaseConnection.php(598): CodeIgniter\Database\BaseConnection->simpleQuery('SELECT *\nFROM `...')
#3 C:\xampp\htdocs\WEB-app\vendor\codeigniter4\framework\system\Database\BaseBuilder.php(1455): CodeIgniter\Database\BaseConnection->query('SELECT *\nFROM `...', Array, false)
#4 C:\xampp\htdocs\WEB-app\vendor\codeigniter4\framework\system\Model.php(728): CodeIgniter\Database\BaseBuilder->get()
#5 C:\xampp\htdocs\WEB-app\app\Models\ModelPameran.php(36): CodeIgniter\Model->__call('get', Array)
#6 C:\xampp\htdocs\WEB-app\app\Controllers\Pameran.php(35): App\Models\ModelPameran->tampilTipeKendaraan()
#7 C:\xampp\htdocs\WEB-app\vendor\codeigniter4\framework\system\CodeIgniter.php(832): App\Controllers\Pameran->formtambah()
#8 C:\xampp\htdocs\WEB-app\vendor\codeigniter4\framework\system\CodeIgniter.php(419): CodeIgniter\CodeIgniter->runController(Object(App\Controllers\Pameran))
#9 C:\xampp\htdocs\WEB-app\vendor\codeigniter4\framework\system\CodeIgniter.php(326): CodeIgniter\CodeIgniter->handleRequest(NULL, Object(Config\Cache), false)
#10 C:\xampp\htdocs\WEB-app\public\index.php(37): CodeIgniter\CodeIgniter->run()
#11 C:\xampp\htdocs\WEB-app\vendor\codeigniter4\framework\system\Commands\Server\rewrite.php(43): require_once('C:\\xampp\\htdocs...')
#12 {main}
ERROR - 2022-04-29 02:45:15 --> Unknown column 'tbltipekendaraan.kodetipe' in 'on clause'
CRITICAL - 2022-04-29 02:45:15 --> Unknown column 'tbltipekendaraan.kodetipe' in 'on clause'
#0 C:\xampp\htdocs\WEB-app\vendor\codeigniter4\framework\system\Database\MySQLi\Connection.php(292): mysqli->query('SELECT *\nFROM `...', 0)
#1 C:\xampp\htdocs\WEB-app\vendor\codeigniter4\framework\system\Database\BaseConnection.php(670): CodeIgniter\Database\MySQLi\Connection->execute('SELECT *\nFROM `...')
#2 C:\xampp\htdocs\WEB-app\vendor\codeigniter4\framework\system\Database\BaseConnection.php(598): CodeIgniter\Database\BaseConnection->simpleQuery('SELECT *\nFROM `...')
#3 C:\xampp\htdocs\WEB-app\vendor\codeigniter4\framework\system\Database\BaseBuilder.php(1455): CodeIgniter\Database\BaseConnection->query('SELECT *\nFROM `...', Array, false)
#4 C:\xampp\htdocs\WEB-app\vendor\codeigniter4\framework\system\Model.php(728): CodeIgniter\Database\BaseBuilder->get()
#5 C:\xampp\htdocs\WEB-app\app\Models\ModelPameran.php(36): CodeIgniter\Model->__call('get', Array)
#6 C:\xampp\htdocs\WEB-app\app\Controllers\Pameran.php(35): App\Models\ModelPameran->tampilTipeKendaraan()
#7 C:\xampp\htdocs\WEB-app\vendor\codeigniter4\framework\system\CodeIgniter.php(832): App\Controllers\Pameran->formtambah()
#8 C:\xampp\htdocs\WEB-app\vendor\codeigniter4\framework\system\CodeIgniter.php(419): CodeIgniter\CodeIgniter->runController(Object(App\Controllers\Pameran))
#9 C:\xampp\htdocs\WEB-app\vendor\codeigniter4\framework\system\CodeIgniter.php(326): CodeIgniter\CodeIgniter->handleRequest(NULL, Object(Config\Cache), false)
#10 C:\xampp\htdocs\WEB-app\public\index.php(37): CodeIgniter\CodeIgniter->run()
#11 C:\xampp\htdocs\WEB-app\vendor\codeigniter4\framework\system\Commands\Server\rewrite.php(43): require_once('C:\\xampp\\htdocs...')
#12 {main}
ERROR - 2022-04-29 02:45:17 --> Unknown column 'tbltipekendaraan.kodetipe' in 'on clause'
CRITICAL - 2022-04-29 02:45:17 --> Unknown column 'tbltipekendaraan.kodetipe' in 'on clause'
#0 C:\xampp\htdocs\WEB-app\vendor\codeigniter4\framework\system\Database\MySQLi\Connection.php(292): mysqli->query('SELECT *\nFROM `...', 0)
#1 C:\xampp\htdocs\WEB-app\vendor\codeigniter4\framework\system\Database\BaseConnection.php(670): CodeIgniter\Database\MySQLi\Connection->execute('SELECT *\nFROM `...')
#2 C:\xampp\htdocs\WEB-app\vendor\codeigniter4\framework\system\Database\BaseConnection.php(598): CodeIgniter\Database\BaseConnection->simpleQuery('SELECT *\nFROM `...')
#3 C:\xampp\htdocs\WEB-app\vendor\codeigniter4\framework\system\Database\BaseBuilder.php(1455): CodeIgniter\Database\BaseConnection->query('SELECT *\nFROM `...', Array, false)
#4 C:\xampp\htdocs\WEB-app\vendor\codeigniter4\framework\system\Model.php(728): CodeIgniter\Database\BaseBuilder->get()
#5 C:\xampp\htdocs\WEB-app\app\Models\ModelPameran.php(36): CodeIgniter\Model->__call('get', Array)
#6 C:\xampp\htdocs\WEB-app\app\Controllers\Pameran.php(35): App\Models\ModelPameran->tampilTipeKendaraan()
#7 C:\xampp\htdocs\WEB-app\vendor\codeigniter4\framework\system\CodeIgniter.php(832): App\Controllers\Pameran->formtambah()
#8 C:\xampp\htdocs\WEB-app\vendor\codeigniter4\framework\system\CodeIgniter.php(419): CodeIgniter\CodeIgniter->runController(Object(App\Controllers\Pameran))
#9 C:\xampp\htdocs\WEB-app\vendor\codeigniter4\framework\system\CodeIgniter.php(326): CodeIgniter\CodeIgniter->handleRequest(NULL, Object(Config\Cache), false)
#10 C:\xampp\htdocs\WEB-app\public\index.php(37): CodeIgniter\CodeIgniter->run()
#11 C:\xampp\htdocs\WEB-app\vendor\codeigniter4\framework\system\Commands\Server\rewrite.php(43): require_once('C:\\xampp\\htdocs...')
#12 {main}
ERROR - 2022-04-29 02:47:07 --> Unknown column 'tbltipekendaraan.kodetipe' in 'on clause'
CRITICAL - 2022-04-29 02:47:07 --> Unknown column 'tbltipekendaraan.kodetipe' in 'on clause'
#0 C:\xampp\htdocs\WEB-app\vendor\codeigniter4\framework\system\Database\MySQLi\Connection.php(292): mysqli->query('SELECT *\nFROM `...', 0)
#1 C:\xampp\htdocs\WEB-app\vendor\codeigniter4\framework\system\Database\BaseConnection.php(670): CodeIgniter\Database\MySQLi\Connection->execute('SELECT *\nFROM `...')
#2 C:\xampp\htdocs\WEB-app\vendor\codeigniter4\framework\system\Database\BaseConnection.php(598): CodeIgniter\Database\BaseConnection->simpleQuery('SELECT *\nFROM `...')
#3 C:\xampp\htdocs\WEB-app\vendor\codeigniter4\framework\system\Database\BaseBuilder.php(1455): CodeIgniter\Database\BaseConnection->query('SELECT *\nFROM `...', Array, false)
#4 C:\xampp\htdocs\WEB-app\vendor\codeigniter4\framework\system\Model.php(728): CodeIgniter\Database\BaseBuilder->get()
#5 C:\xampp\htdocs\WEB-app\app\Models\ModelPameran.php(35): CodeIgniter\Model->__call('get', Array)
#6 C:\xampp\htdocs\WEB-app\app\Controllers\Pameran.php(35): App\Models\ModelPameran->tampilTipeKendaraan()
#7 C:\xampp\htdocs\WEB-app\vendor\codeigniter4\framework\system\CodeIgniter.php(832): App\Controllers\Pameran->formtambah()
#8 C:\xampp\htdocs\WEB-app\vendor\codeigniter4\framework\system\CodeIgniter.php(419): CodeIgniter\CodeIgniter->runController(Object(App\Controllers\Pameran))
#9 C:\xampp\htdocs\WEB-app\vendor\codeigniter4\framework\system\CodeIgniter.php(326): CodeIgniter\CodeIgniter->handleRequest(NULL, Object(Config\Cache), false)
#10 C:\xampp\htdocs\WEB-app\public\index.php(37): CodeIgniter\CodeIgniter->run()
#11 C:\xampp\htdocs\WEB-app\vendor\codeigniter4\framework\system\Commands\Server\rewrite.php(43): require_once('C:\\xampp\\htdocs...')
#12 {main}
CRITICAL - 2022-04-29 02:49:34 --> Undefined array key "kodetipe"
#0 C:\xampp\htdocs\WEB-app\app\Views\admin-super\pameran\formtambah.php(53): CodeIgniter\Debug\Exceptions->errorHandler(2, 'Undefined array...', 'C:\\xampp\\htdocs...', 53)
#1 C:\xampp\htdocs\WEB-app\vendor\codeigniter4\framework\system\View\View.php(210): include('C:\\xampp\\htdocs...')
#2 C:\xampp\htdocs\WEB-app\vendor\codeigniter4\framework\system\View\View.php(213): CodeIgniter\View\View->CodeIgniter\View\{closure}()
#3 C:\xampp\htdocs\WEB-app\vendor\codeigniter4\framework\system\Common.php(1089): CodeIgniter\View\View->render('admin-super/pam...', Array, true)
#4 C:\xampp\htdocs\WEB-app\app\Controllers\Pameran.php(39): view('admin-super/pam...', Array)
#5 C:\xampp\htdocs\WEB-app\vendor\codeigniter4\framework\system\CodeIgniter.php(832): App\Controllers\Pameran->formtambah()
#6 C:\xampp\htdocs\WEB-app\vendor\codeigniter4\framework\system\CodeIgniter.php(419): CodeIgniter\CodeIgniter->runController(Object(App\Controllers\Pameran))
#7 C:\xampp\htdocs\WEB-app\vendor\codeigniter4\framework\system\CodeIgniter.php(326): CodeIgniter\CodeIgniter->handleRequest(NULL, Object(Config\Cache), false)
#8 C:\xampp\htdocs\WEB-app\public\index.php(37): CodeIgniter\CodeIgniter->run()
#9 C:\xampp\htdocs\WEB-app\vendor\codeigniter4\framework\system\Commands\Server\rewrite.php(43): require_once('C:\\xampp\\htdocs...')
#10 {main}
ERROR - 2022-04-29 02:53:48 --> Not unique table/alias: 'tbldatakendaraan'
CRITICAL - 2022-04-29 02:53:48 --> Not unique table/alias: 'tbldatakendaraan'
#0 C:\xampp\htdocs\WEB-app\vendor\codeigniter4\framework\system\Database\MySQLi\Connection.php(292): mysqli->query('SELECT *\nFROM `...', 0)
#1 C:\xampp\htdocs\WEB-app\vendor\codeigniter4\framework\system\Database\BaseConnection.php(670): CodeIgniter\Database\MySQLi\Connection->execute('SELECT *\nFROM `...')
#2 C:\xampp\htdocs\WEB-app\vendor\codeigniter4\framework\system\Database\BaseConnection.php(598): CodeIgniter\Database\BaseConnection->simpleQuery('SELECT *\nFROM `...')
#3 C:\xampp\htdocs\WEB-app\vendor\codeigniter4\framework\system\Database\BaseBuilder.php(1455): CodeIgniter\Database\BaseConnection->query('SELECT *\nFROM `...', Array, false)
#4 C:\xampp\htdocs\WEB-app\vendor\codeigniter4\framework\system\Model.php(728): CodeIgniter\Database\BaseBuilder->get()
#5 C:\xampp\htdocs\WEB-app\app\Models\ModelKendaraan.php(25): CodeIgniter\Model->__call('get', Array)
#6 C:\xampp\htdocs\WEB-app\app\Controllers\Pameran.php(37): App\Models\ModelKendaraan->tampilTipeKendaraan()
#7 C:\xampp\htdocs\WEB-app\vendor\codeigniter4\framework\system\CodeIgniter.php(832): App\Controllers\Pameran->formtambah()
#8 C:\xampp\htdocs\WEB-app\vendor\codeigniter4\framework\system\CodeIgniter.php(419): CodeIgniter\CodeIgniter->runController(Object(App\Controllers\Pameran))
#9 C:\xampp\htdocs\WEB-app\vendor\codeigniter4\framework\system\CodeIgniter.php(326): CodeIgniter\CodeIgniter->handleRequest(NULL, Object(Config\Cache), false)
#10 C:\xampp\htdocs\WEB-app\public\index.php(37): CodeIgniter\CodeIgniter->run()
#11 C:\xampp\htdocs\WEB-app\vendor\codeigniter4\framework\system\Commands\Server\rewrite.php(43): require_once('C:\\xampp\\htdocs...')
#12 {main}
CRITICAL - 2022-04-29 03:03:42 --> Undefined property: App\Controllers\StokOut::$stokIn
#0 C:\xampp\htdocs\WEB-app\app\Controllers\StokOut.php(26): CodeIgniter\Debug\Exceptions->errorHandler(2, 'Undefined prope...', 'C:\\xampp\\htdocs...', 26)
#1 C:\xampp\htdocs\WEB-app\vendor\codeigniter4\framework\system\CodeIgniter.php(832): App\Controllers\StokOut->formtambah()
#2 C:\xampp\htdocs\WEB-app\vendor\codeigniter4\framework\system\CodeIgniter.php(419): CodeIgniter\CodeIgniter->runController(Object(App\Controllers\StokOut))
#3 C:\xampp\htdocs\WEB-app\vendor\codeigniter4\framework\system\CodeIgniter.php(326): CodeIgniter\CodeIgniter->handleRequest(NULL, Object(Config\Cache), false)
#4 C:\xampp\htdocs\WEB-app\public\index.php(37): CodeIgniter\CodeIgniter->run()
#5 C:\xampp\htdocs\WEB-app\vendor\codeigniter4\framework\system\Commands\Server\rewrite.php(43): require_once('C:\\xampp\\htdocs...')
#6 {main}
CRITICAL - 2022-04-29 03:03:51 --> Call to undefined method App\Models\ModelStokOut::CreateCode
#0 C:\xampp\htdocs\WEB-app\app\Controllers\StokOut.php(26): CodeIgniter\Model->__call('CreateCode', Array)
#1 C:\xampp\htdocs\WEB-app\vendor\codeigniter4\framework\system\CodeIgniter.php(832): App\Controllers\StokOut->formtambah()
#2 C:\xampp\htdocs\WEB-app\vendor\codeigniter4\framework\system\CodeIgniter.php(419): CodeIgniter\CodeIgniter->runController(Object(App\Controllers\StokOut))
#3 C:\xampp\htdocs\WEB-app\vendor\codeigniter4\framework\system\CodeIgniter.php(326): CodeIgniter\CodeIgniter->handleRequest(NULL, Object(Config\Cache), false)
#4 C:\xampp\htdocs\WEB-app\public\index.php(37): CodeIgniter\CodeIgniter->run()
#5 C:\xampp\htdocs\WEB-app\vendor\codeigniter4\framework\system\Commands\Server\rewrite.php(43): require_once('C:\\xampp\\htdocs...')
#6 {main}
CRITICAL - 2022-04-29 03:16:52 --> Undefined variable $tampilstok
#0 C:\xampp\htdocs\WEB-app\app\Views\admin-super\stok-out\formtambah.php(31): CodeIgniter\Debug\Exceptions->errorHandler(2, 'Undefined varia...', 'C:\\xampp\\htdocs...', 31)
#1 C:\xampp\htdocs\WEB-app\vendor\codeigniter4\framework\system\View\View.php(210): include('C:\\xampp\\htdocs...')
#2 C:\xampp\htdocs\WEB-app\vendor\codeigniter4\framework\system\View\View.php(213): CodeIgniter\View\View->CodeIgniter\View\{closure}()
#3 C:\xampp\htdocs\WEB-app\vendor\codeigniter4\framework\system\Common.php(1089): CodeIgniter\View\View->render('admin-super/sto...', Array, true)
#4 C:\xampp\htdocs\WEB-app\app\Controllers\StokOut.php(34): view('admin-super/sto...', Array)
#5 C:\xampp\htdocs\WEB-app\vendor\codeigniter4\framework\system\CodeIgniter.php(832): App\Controllers\StokOut->formtambah()
#6 C:\xampp\htdocs\WEB-app\vendor\codeigniter4\framework\system\CodeIgniter.php(419): CodeIgniter\CodeIgniter->runController(Object(App\Controllers\StokOut))
#7 C:\xampp\htdocs\WEB-app\vendor\codeigniter4\framework\system\CodeIgniter.php(326): CodeIgniter\CodeIgniter->handleRequest(NULL, Object(Config\Cache), false)
#8 C:\xampp\htdocs\WEB-app\public\index.php(37): CodeIgniter\CodeIgniter->run()
#9 C:\xampp\htdocs\WEB-app\vendor\codeigniter4\framework\system\Commands\Server\rewrite.php(43): require_once('C:\\xampp\\htdocs...')
#10 {main}
CRITICAL - 2022-04-29 03:17:20 --> Undefined variable $kodestok
#0 C:\xampp\htdocs\WEB-app\app\Views\admin-super\stok-out\formtambah.php(31): CodeIgniter\Debug\Exceptions->errorHandler(2, 'Undefined varia...', 'C:\\xampp\\htdocs...', 31)
#1 C:\xampp\htdocs\WEB-app\vendor\codeigniter4\framework\system\View\View.php(210): include('C:\\xampp\\htdocs...')
#2 C:\xampp\htdocs\WEB-app\vendor\codeigniter4\framework\system\View\View.php(213): CodeIgniter\View\View->CodeIgniter\View\{closure}()
#3 C:\xampp\htdocs\WEB-app\vendor\codeigniter4\framework\system\Common.php(1089): CodeIgniter\View\View->render('admin-super/sto...', Array, true)
#4 C:\xampp\htdocs\WEB-app\app\Controllers\StokOut.php(34): view('admin-super/sto...', Array)
#5 C:\xampp\htdocs\WEB-app\vendor\codeigniter4\framework\system\CodeIgniter.php(832): App\Controllers\StokOut->formtambah()
#6 C:\xampp\htdocs\WEB-app\vendor\codeigniter4\framework\system\CodeIgniter.php(419): CodeIgniter\CodeIgniter->runController(Object(App\Controllers\StokOut))
#7 C:\xampp\htdocs\WEB-app\vendor\codeigniter4\framework\system\CodeIgniter.php(326): CodeIgniter\CodeIgniter->handleRequest(NULL, Object(Config\Cache), false)
#8 C:\xampp\htdocs\WEB-app\public\index.php(37): CodeIgniter\CodeIgniter->run()
#9 C:\xampp\htdocs\WEB-app\vendor\codeigniter4\framework\system\Commands\Server\rewrite.php(43): require_once('C:\\xampp\\htdocs...')
#10 {main}
CRITICAL - 2022-04-29 03:17:40 --> Undefined variable $kodestok
#0 C:\xampp\htdocs\WEB-app\app\Views\admin-super\stok-out\formtambah.php(31): CodeIgniter\Debug\Exceptions->errorHandler(2, 'Undefined varia...', 'C:\\xampp\\htdocs...', 31)
#1 C:\xampp\htdocs\WEB-app\vendor\codeigniter4\framework\system\View\View.php(210): include('C:\\xampp\\htdocs...')
#2 C:\xampp\htdocs\WEB-app\vendor\codeigniter4\framework\system\View\View.php(213): CodeIgniter\View\View->CodeIgniter\View\{closure}()
#3 C:\xampp\htdocs\WEB-app\vendor\codeigniter4\framework\system\Common.php(1089): CodeIgniter\View\View->render('admin-super/sto...', Array, true)
#4 C:\xampp\htdocs\WEB-app\app\Controllers\StokOut.php(34): view('admin-super/sto...', Array)
#5 C:\xampp\htdocs\WEB-app\vendor\codeigniter4\framework\system\CodeIgniter.php(832): App\Controllers\StokOut->formtambah()
#6 C:\xampp\htdocs\WEB-app\vendor\codeigniter4\framework\system\CodeIgniter.php(419): CodeIgniter\CodeIgniter->runController(Object(App\Controllers\StokOut))
#7 C:\xampp\htdocs\WEB-app\vendor\codeigniter4\framework\system\CodeIgniter.php(326): CodeIgniter\CodeIgniter->handleRequest(NULL, Object(Config\Cache), false)
#8 C:\xampp\htdocs\WEB-app\public\index.php(37): CodeIgniter\CodeIgniter->run()
#9 C:\xampp\htdocs\WEB-app\vendor\codeigniter4\framework\system\Commands\Server\rewrite.php(43): require_once('C:\\xampp\\htdocs...')
#10 {main}
CRITICAL - 2022-04-29 03:18:07 --> Call to undefined method App\Models\ModelStokBarang::findAl
#0 C:\xampp\htdocs\WEB-app\app\Controllers\StokOut.php(29): CodeIgniter\Model->__call('findAl', Array)
#1 C:\xampp\htdocs\WEB-app\vendor\codeigniter4\framework\system\CodeIgniter.php(832): App\Controllers\StokOut->formtambah()
#2 C:\xampp\htdocs\WEB-app\vendor\codeigniter4\framework\system\CodeIgniter.php(419): CodeIgniter\CodeIgniter->runController(Object(App\Controllers\StokOut))
#3 C:\xampp\htdocs\WEB-app\vendor\codeigniter4\framework\system\CodeIgniter.php(326): CodeIgniter\CodeIgniter->handleRequest(NULL, Object(Config\Cache), false)
#4 C:\xampp\htdocs\WEB-app\public\index.php(37): CodeIgniter\CodeIgniter->run()
#5 C:\xampp\htdocs\WEB-app\vendor\codeigniter4\framework\system\Commands\Server\rewrite.php(43): require_once('C:\\xampp\\htdocs...')
#6 {main}
CRITICAL - 2022-04-29 03:19:02 --> Undefined property: App\Controllers\StokOut::$stokIn
#0 C:\xampp\htdocs\WEB-app\app\Controllers\StokOut.php(62): CodeIgniter\Debug\Exceptions->errorHandler(2, 'Undefined prope...', 'C:\\xampp\\htdocs...', 62)
#1 C:\xampp\htdocs\WEB-app\vendor\codeigniter4\framework\system\CodeIgniter.php(832): App\Controllers\StokOut->simpandata()
#2 C:\xampp\htdocs\WEB-app\vendor\codeigniter4\framework\system\CodeIgniter.php(419): CodeIgniter\CodeIgniter->runController(Object(App\Controllers\StokOut))
#3 C:\xampp\htdocs\WEB-app\vendor\codeigniter4\framework\system\CodeIgniter.php(326): CodeIgniter\CodeIgniter->handleRequest(NULL, Object(Config\Cache), false)
#4 C:\xampp\htdocs\WEB-app\public\index.php(37): CodeIgniter\CodeIgniter->run()
#5 C:\xampp\htdocs\WEB-app\vendor\codeigniter4\framework\system\Commands\Server\rewrite.php(43): require_once('C:\\xampp\\htdocs...')
#6 {main}
CRITICAL - 2022-04-29 06:28:17 --> Undefined array key "nospk"
#0 C:\xampp\htdocs\WEB-app\app\Views\pegawai\stok-out\viewstokout.php(54): CodeIgniter\Debug\Exceptions->errorHandler(2, 'Undefined array...', 'C:\\xampp\\htdocs...', 54)
#1 C:\xampp\htdocs\WEB-app\vendor\codeigniter4\framework\system\View\View.php(210): include('C:\\xampp\\htdocs...')
#2 C:\xampp\htdocs\WEB-app\vendor\codeigniter4\framework\system\View\View.php(213): CodeIgniter\View\View->CodeIgniter\View\{closure}()
#3 C:\xampp\htdocs\WEB-app\vendor\codeigniter4\framework\system\Common.php(1089): CodeIgniter\View\View->render('pegawai/stok-ou...', Array, true)
#4 C:\xampp\htdocs\WEB-app\app\Controllers\Pegawai.php(159): view('pegawai/stok-ou...', Array)
#5 C:\xampp\htdocs\WEB-app\vendor\codeigniter4\framework\system\CodeIgniter.php(832): App\Controllers\Pegawai->stokout()
#6 C:\xampp\htdocs\WEB-app\vendor\codeigniter4\framework\system\CodeIgniter.php(419): CodeIgniter\CodeIgniter->runController(Object(App\Controllers\Pegawai))
#7 C:\xampp\htdocs\WEB-app\vendor\codeigniter4\framework\system\CodeIgniter.php(326): CodeIgniter\CodeIgniter->handleRequest(NULL, Object(Config\Cache), false)
#8 C:\xampp\htdocs\WEB-app\public\index.php(37): CodeIgniter\CodeIgniter->run()
#9 C:\xampp\htdocs\WEB-app\vendor\codeigniter4\framework\system\Commands\Server\rewrite.php(43): require_once('C:\\xampp\\htdocs...')
#10 {main}
CRITICAL - 2022-04-29 06:29:30 --> Undefined array key "nospk"
#0 C:\xampp\htdocs\WEB-app\app\Views\pegawai\stok-out\viewstokout.php(54): CodeIgniter\Debug\Exceptions->errorHandler(2, 'Undefined array...', 'C:\\xampp\\htdocs...', 54)
#1 C:\xampp\htdocs\WEB-app\vendor\codeigniter4\framework\system\View\View.php(210): include('C:\\xampp\\htdocs...')
#2 C:\xampp\htdocs\WEB-app\vendor\codeigniter4\framework\system\View\View.php(213): CodeIgniter\View\View->CodeIgniter\View\{closure}()
#3 C:\xampp\htdocs\WEB-app\vendor\codeigniter4\framework\system\Common.php(1089): CodeIgniter\View\View->render('pegawai/stok-ou...', Array, true)
#4 C:\xampp\htdocs\WEB-app\app\Controllers\Pegawai.php(159): view('pegawai/stok-ou...', Array)
#5 C:\xampp\htdocs\WEB-app\vendor\codeigniter4\framework\system\CodeIgniter.php(832): App\Controllers\Pegawai->stokout()
#6 C:\xampp\htdocs\WEB-app\vendor\codeigniter4\framework\system\CodeIgniter.php(419): CodeIgniter\CodeIgniter->runController(Object(App\Controllers\Pegawai))
#7 C:\xampp\htdocs\WEB-app\vendor\codeigniter4\framework\system\CodeIgniter.php(326): CodeIgniter\CodeIgniter->handleRequest(NULL, Object(Config\Cache), false)
#8 C:\xampp\htdocs\WEB-app\public\index.php(37): CodeIgniter\CodeIgniter->run()
#9 C:\xampp\htdocs\WEB-app\vendor\codeigniter4\framework\system\Commands\Server\rewrite.php(43): require_once('C:\\xampp\\htdocs...')
#10 {main}
CRITICAL - 2022-04-29 06:29:31 --> Undefined array key "nospk"
#0 C:\xampp\htdocs\WEB-app\app\Views\pegawai\stok-out\viewstokout.php(54): CodeIgniter\Debug\Exceptions->errorHandler(2, 'Undefined array...', 'C:\\xampp\\htdocs...', 54)
#1 C:\xampp\htdocs\WEB-app\vendor\codeigniter4\framework\system\View\View.php(210): include('C:\\xampp\\htdocs...')
#2 C:\xampp\htdocs\WEB-app\vendor\codeigniter4\framework\system\View\View.php(213): CodeIgniter\View\View->CodeIgniter\View\{closure}()
#3 C:\xampp\htdocs\WEB-app\vendor\codeigniter4\framework\system\Common.php(1089): CodeIgniter\View\View->render('pegawai/stok-ou...', Array, true)
#4 C:\xampp\htdocs\WEB-app\app\Controllers\Pegawai.php(159): view('pegawai/stok-ou...', Array)
#5 C:\xampp\htdocs\WEB-app\vendor\codeigniter4\framework\system\CodeIgniter.php(832): App\Controllers\Pegawai->stokout()
#6 C:\xampp\htdocs\WEB-app\vendor\codeigniter4\framework\system\CodeIgniter.php(419): CodeIgniter\CodeIgniter->runController(Object(App\Controllers\Pegawai))
#7 C:\xampp\htdocs\WEB-app\vendor\codeigniter4\framework\system\CodeIgniter.php(326): CodeIgniter\CodeIgniter->handleRequest(NULL, Object(Config\Cache), false)
#8 C:\xampp\htdocs\WEB-app\public\index.php(37): CodeIgniter\CodeIgniter->run()
#9 C:\xampp\htdocs\WEB-app\vendor\codeigniter4\framework\system\Commands\Server\rewrite.php(43): require_once('C:\\xampp\\htdocs...')
#10 {main}
CRITICAL - 2022-04-29 06:32:23 --> Undefined property: App\Controllers\Pegawai::$stokBarang
#0 C:\xampp\htdocs\WEB-app\app\Controllers\Pegawai.php(166): CodeIgniter\Debug\Exceptions->errorHandler(2, 'Undefined prope...', 'C:\\xampp\\htdocs...', 166)
#1 C:\xampp\htdocs\WEB-app\vendor\codeigniter4\framework\system\CodeIgniter.php(832): App\Controllers\Pegawai->formtambah_out()
#2 C:\xampp\htdocs\WEB-app\vendor\codeigniter4\framework\system\CodeIgniter.php(419): CodeIgniter\CodeIgniter->runController(Object(App\Controllers\Pegawai))
#3 C:\xampp\htdocs\WEB-app\vendor\codeigniter4\framework\system\CodeIgniter.php(326): CodeIgniter\CodeIgniter->handleRequest(NULL, Object(Config\Cache), false)
#4 C:\xampp\htdocs\WEB-app\public\index.php(37): CodeIgniter\CodeIgniter->run()
#5 C:\xampp\htdocs\WEB-app\vendor\codeigniter4\framework\system\Commands\Server\rewrite.php(43): require_once('C:\\xampp\\htdocs...')
#6 {main}
ERROR - 2022-04-29 06:34:46 --> Duplicate entry 'STK002' for key 'PRIMARY'
CRITICAL - 2022-04-29 06:34:46 --> Duplicate entry 'STK002' for key 'PRIMARY'
#0 C:\xampp\htdocs\WEB-app\vendor\codeigniter4\framework\system\Database\MySQLi\Connection.php(292): mysqli->query('INSERT INTO `tb...', 0)
#1 C:\xampp\htdocs\WEB-app\vendor\codeigniter4\framework\system\Database\BaseConnection.php(670): CodeIgniter\Database\MySQLi\Connection->execute('INSERT INTO `tb...')
#2 C:\xampp\htdocs\WEB-app\vendor\codeigniter4\framework\system\Database\BaseConnection.php(598): CodeIgniter\Database\BaseConnection->simpleQuery('INSERT INTO `tb...')
#3 C:\xampp\htdocs\WEB-app\vendor\codeigniter4\framework\system\Database\BaseBuilder.php(1771): CodeIgniter\Database\BaseConnection->query('INSERT INTO `tb...', Array, false)
#4 C:\xampp\htdocs\WEB-app\vendor\codeigniter4\framework\system\Model.php(239): CodeIgniter\Database\BaseBuilder->insert()
#5 C:\xampp\htdocs\WEB-app\vendor\codeigniter4\framework\system\BaseModel.php(738): CodeIgniter\Model->doInsert(Array)
#6 C:\xampp\htdocs\WEB-app\vendor\codeigniter4\framework\system\Model.php(625): CodeIgniter\BaseModel->insert(Array, true)
#7 C:\xampp\htdocs\WEB-app\app\Controllers\StokOut.php(69): CodeIgniter\Model->insert(Array)
#8 C:\xampp\htdocs\WEB-app\vendor\codeigniter4\framework\system\CodeIgniter.php(832): App\Controllers\StokOut->simpandata()
#9 C:\xampp\htdocs\WEB-app\vendor\codeigniter4\framework\system\CodeIgniter.php(419): CodeIgniter\CodeIgniter->runController(Object(App\Controllers\StokOut))
#10 C:\xampp\htdocs\WEB-app\vendor\codeigniter4\framework\system\CodeIgniter.php(326): CodeIgniter\CodeIgniter->handleRequest(NULL, Object(Config\Cache), false)
#11 C:\xampp\htdocs\WEB-app\public\index.php(37): CodeIgniter\CodeIgniter->run()
#12 C:\xampp\htdocs\WEB-app\vendor\codeigniter4\framework\system\Commands\Server\rewrite.php(43): require_once('C:\\xampp\\htdocs...')
#13 {main}
ERROR - 2022-04-29 06:35:20 --> Duplicate entry 'STK002' for key 'PRIMARY'
CRITICAL - 2022-04-29 06:35:20 --> Duplicate entry 'STK002' for key 'PRIMARY'
#0 C:\xampp\htdocs\WEB-app\vendor\codeigniter4\framework\system\Database\MySQLi\Connection.php(292): mysqli->query('INSERT INTO `tb...', 0)
#1 C:\xampp\htdocs\WEB-app\vendor\codeigniter4\framework\system\Database\BaseConnection.php(670): CodeIgniter\Database\MySQLi\Connection->execute('INSERT INTO `tb...')
#2 C:\xampp\htdocs\WEB-app\vendor\codeigniter4\framework\system\Database\BaseConnection.php(598): CodeIgniter\Database\BaseConnection->simpleQuery('INSERT INTO `tb...')
#3 C:\xampp\htdocs\WEB-app\vendor\codeigniter4\framework\system\Database\BaseBuilder.php(1771): CodeIgniter\Database\BaseConnection->query('INSERT INTO `tb...', Array, false)
#4 C:\xampp\htdocs\WEB-app\vendor\codeigniter4\framework\system\Model.php(239): CodeIgniter\Database\BaseBuilder->insert()
#5 C:\xampp\htdocs\WEB-app\vendor\codeigniter4\framework\system\BaseModel.php(738): CodeIgniter\Model->doInsert(Array)
#6 C:\xampp\htdocs\WEB-app\vendor\codeigniter4\framework\system\Model.php(625): CodeIgniter\BaseModel->insert(Array, true)
#7 C:\xampp\htdocs\WEB-app\app\Controllers\StokOut.php(69): CodeIgniter\Model->insert(Array)
#8 C:\xampp\htdocs\WEB-app\vendor\codeigniter4\framework\system\CodeIgniter.php(832): App\Controllers\StokOut->simpandata()
#9 C:\xampp\htdocs\WEB-app\vendor\codeigniter4\framework\system\CodeIgniter.php(419): CodeIgniter\CodeIgniter->runController(Object(App\Controllers\StokOut))
#10 C:\xampp\htdocs\WEB-app\vendor\codeigniter4\framework\system\CodeIgniter.php(326): CodeIgniter\CodeIgniter->handleRequest(NULL, Object(Config\Cache), false)
#11 C:\xampp\htdocs\WEB-app\public\index.php(37): CodeIgniter\CodeIgniter->run()
#12 C:\xampp\htdocs\WEB-app\vendor\codeigniter4\framework\system\Commands\Server\rewrite.php(43): require_once('C:\\xampp\\htdocs...')
#13 {main}
CRITICAL - 2022-04-29 06:47:10 --> Call to a member function where() on array
#0 C:\xampp\htdocs\WEB-app\vendor\codeigniter4\framework\system\CodeIgniter.php(832): App\Controllers\Pegawai->stokin()
#1 C:\xampp\htdocs\WEB-app\vendor\codeigniter4\framework\system\CodeIgniter.php(419): CodeIgniter\CodeIgniter->runController(Object(App\Controllers\Pegawai))
#2 C:\xampp\htdocs\WEB-app\vendor\codeigniter4\framework\system\CodeIgniter.php(326): CodeIgniter\CodeIgniter->handleRequest(NULL, Object(Config\Cache), false)
#3 C:\xampp\htdocs\WEB-app\public\index.php(37): CodeIgniter\CodeIgniter->run()
#4 C:\xampp\htdocs\WEB-app\vendor\codeigniter4\framework\system\Commands\Server\rewrite.php(43): require_once('C:\\xampp\\htdocs...')
#5 {main}
