CRITICAL - 2022-04-26 14:32:10 --> Call to undefined method App\Models\ModelTransfer::tampildata_in
#0 C:\xampp\htdocs\WEB-app\app\Controllers\Admin.php(218): CodeIgniter\Model->__call('tampildata_in', Array)
#1 C:\xampp\htdocs\WEB-app\vendor\codeigniter4\framework\system\CodeIgniter.php(832): App\Controllers\Admin->stokin()
#2 C:\xampp\htdocs\WEB-app\vendor\codeigniter4\framework\system\CodeIgniter.php(419): CodeIgniter\CodeIgniter->runController(Object(App\Controllers\Admin))
#3 C:\xampp\htdocs\WEB-app\vendor\codeigniter4\framework\system\CodeIgniter.php(326): CodeIgniter\CodeIgniter->handleRequest(NULL, Object(Config\Cache), false)
#4 C:\xampp\htdocs\WEB-app\public\index.php(37): CodeIgniter\CodeIgniter->run()
#5 C:\xampp\htdocs\WEB-app\vendor\codeigniter4\framework\system\Commands\Server\rewrite.php(43): require_once('C:\\xampp\\htdocs...')
#6 {main}
CRITICAL - 2022-04-26 14:33:38 --> Undefined array key "jenisstok"
#0 C:\xampp\htdocs\WEB-app\app\Views\admin\transferin\viewstokin.php(74): CodeIgniter\Debug\Exceptions->errorHandler(2, 'Undefined array...', 'C:\\xampp\\htdocs...', 74)
#1 C:\xampp\htdocs\WEB-app\vendor\codeigniter4\framework\system\View\View.php(210): include('C:\\xampp\\htdocs...')
#2 C:\xampp\htdocs\WEB-app\vendor\codeigniter4\framework\system\View\View.php(213): CodeIgniter\View\View->CodeIgniter\View\{closure}()
#3 C:\xampp\htdocs\WEB-app\vendor\codeigniter4\framework\system\Common.php(1089): CodeIgniter\View\View->render('admin/transferi...', Array, true)
#4 C:\xampp\htdocs\WEB-app\app\Controllers\Admin.php(220): view('admin/transferi...', Array)
#5 C:\xampp\htdocs\WEB-app\vendor\codeigniter4\framework\system\CodeIgniter.php(832): App\Controllers\Admin->stokin()
#6 C:\xampp\htdocs\WEB-app\vendor\codeigniter4\framework\system\CodeIgniter.php(419): CodeIgniter\CodeIgniter->runController(Object(App\Controllers\Admin))
#7 C:\xampp\htdocs\WEB-app\vendor\codeigniter4\framework\system\CodeIgniter.php(326): CodeIgniter\CodeIgniter->handleRequest(NULL, Object(Config\Cache), false)
#8 C:\xampp\htdocs\WEB-app\public\index.php(37): CodeIgniter\CodeIgniter->run()
#9 C:\xampp\htdocs\WEB-app\vendor\codeigniter4\framework\system\Commands\Server\rewrite.php(43): require_once('C:\\xampp\\htdocs...')
#10 {main}
CRITICAL - 2022-04-26 14:34:14 --> Undefined array key "jenisstok"
#0 C:\xampp\htdocs\WEB-app\app\Views\admin\transferin\viewstokin.php(74): CodeIgniter\Debug\Exceptions->errorHandler(2, 'Undefined array...', 'C:\\xampp\\htdocs...', 74)
#1 C:\xampp\htdocs\WEB-app\vendor\codeigniter4\framework\system\View\View.php(210): include('C:\\xampp\\htdocs...')
#2 C:\xampp\htdocs\WEB-app\vendor\codeigniter4\framework\system\View\View.php(213): CodeIgniter\View\View->CodeIgniter\View\{closure}()
#3 C:\xampp\htdocs\WEB-app\vendor\codeigniter4\framework\system\Common.php(1089): CodeIgniter\View\View->render('admin/transferi...', Array, true)
#4 C:\xampp\htdocs\WEB-app\app\Controllers\Admin.php(220): view('admin/transferi...', Array)
#5 C:\xampp\htdocs\WEB-app\vendor\codeigniter4\framework\system\CodeIgniter.php(832): App\Controllers\Admin->stokin()
#6 C:\xampp\htdocs\WEB-app\vendor\codeigniter4\framework\system\CodeIgniter.php(419): CodeIgniter\CodeIgniter->runController(Object(App\Controllers\Admin))
#7 C:\xampp\htdocs\WEB-app\vendor\codeigniter4\framework\system\CodeIgniter.php(326): CodeIgniter\CodeIgniter->handleRequest(NULL, Object(Config\Cache), false)
#8 C:\xampp\htdocs\WEB-app\public\index.php(37): CodeIgniter\CodeIgniter->run()
#9 C:\xampp\htdocs\WEB-app\vendor\codeigniter4\framework\system\Commands\Server\rewrite.php(43): require_once('C:\\xampp\\htdocs...')
#10 {main}
CRITICAL - 2022-04-26 14:34:48 --> Call to undefined method CodeIgniter\Database\MySQLi\Result::getArray()
#0 C:\xampp\htdocs\WEB-app\app\Controllers\Admin.php(218): App\Models\ModelTransfer->tampildata_in()
#1 C:\xampp\htdocs\WEB-app\vendor\codeigniter4\framework\system\CodeIgniter.php(832): App\Controllers\Admin->stokin()
#2 C:\xampp\htdocs\WEB-app\vendor\codeigniter4\framework\system\CodeIgniter.php(419): CodeIgniter\CodeIgniter->runController(Object(App\Controllers\Admin))
#3 C:\xampp\htdocs\WEB-app\vendor\codeigniter4\framework\system\CodeIgniter.php(326): CodeIgniter\CodeIgniter->handleRequest(NULL, Object(Config\Cache), false)
#4 C:\xampp\htdocs\WEB-app\public\index.php(37): CodeIgniter\CodeIgniter->run()
#5 C:\xampp\htdocs\WEB-app\vendor\codeigniter4\framework\system\Commands\Server\rewrite.php(43): require_once('C:\\xampp\\htdocs...')
#6 {main}
CRITICAL - 2022-04-26 14:35:11 --> Call to undefined method CodeIgniter\Database\MySQLi\Result::getArray()
#0 C:\xampp\htdocs\WEB-app\app\Controllers\Admin.php(218): App\Models\ModelTransfer->tampildata_in()
#1 C:\xampp\htdocs\WEB-app\vendor\codeigniter4\framework\system\CodeIgniter.php(832): App\Controllers\Admin->stokin()
#2 C:\xampp\htdocs\WEB-app\vendor\codeigniter4\framework\system\CodeIgniter.php(419): CodeIgniter\CodeIgniter->runController(Object(App\Controllers\Admin))
#3 C:\xampp\htdocs\WEB-app\vendor\codeigniter4\framework\system\CodeIgniter.php(326): CodeIgniter\CodeIgniter->handleRequest(NULL, Object(Config\Cache), false)
#4 C:\xampp\htdocs\WEB-app\public\index.php(37): CodeIgniter\CodeIgniter->run()
#5 C:\xampp\htdocs\WEB-app\vendor\codeigniter4\framework\system\Commands\Server\rewrite.php(43): require_once('C:\\xampp\\htdocs...')
#6 {main}
CRITICAL - 2022-04-26 14:35:21 --> Call to undefined method CodeIgniter\Database\MySQLi\Result::getArray()
#0 C:\xampp\htdocs\WEB-app\app\Controllers\Admin.php(218): App\Models\ModelTransfer->tampildata_in()
#1 C:\xampp\htdocs\WEB-app\vendor\codeigniter4\framework\system\CodeIgniter.php(832): App\Controllers\Admin->stokin()
#2 C:\xampp\htdocs\WEB-app\vendor\codeigniter4\framework\system\CodeIgniter.php(419): CodeIgniter\CodeIgniter->runController(Object(App\Controllers\Admin))
#3 C:\xampp\htdocs\WEB-app\vendor\codeigniter4\framework\system\CodeIgniter.php(326): CodeIgniter\CodeIgniter->handleRequest(NULL, Object(Config\Cache), false)
#4 C:\xampp\htdocs\WEB-app\public\index.php(37): CodeIgniter\CodeIgniter->run()
#5 C:\xampp\htdocs\WEB-app\vendor\codeigniter4\framework\system\Commands\Server\rewrite.php(43): require_once('C:\\xampp\\htdocs...')
#6 {main}
CRITICAL - 2022-04-26 14:35:26 --> Call to undefined method CodeIgniter\Database\MySQLi\Result::getArray()
#0 C:\xampp\htdocs\WEB-app\app\Controllers\Admin.php(218): App\Models\ModelTransfer->tampildata_in()
#1 C:\xampp\htdocs\WEB-app\vendor\codeigniter4\framework\system\CodeIgniter.php(832): App\Controllers\Admin->stokin()
#2 C:\xampp\htdocs\WEB-app\vendor\codeigniter4\framework\system\CodeIgniter.php(419): CodeIgniter\CodeIgniter->runController(Object(App\Controllers\Admin))
#3 C:\xampp\htdocs\WEB-app\vendor\codeigniter4\framework\system\CodeIgniter.php(326): CodeIgniter\CodeIgniter->handleRequest(NULL, Object(Config\Cache), false)
#4 C:\xampp\htdocs\WEB-app\public\index.php(37): CodeIgniter\CodeIgniter->run()
#5 C:\xampp\htdocs\WEB-app\vendor\codeigniter4\framework\system\Commands\Server\rewrite.php(43): require_once('C:\\xampp\\htdocs...')
#6 {main}
CRITICAL - 2022-04-26 14:41:54 --> Call to undefined function App\Controllers\transfer_in()
#0 C:\xampp\htdocs\WEB-app\vendor\codeigniter4\framework\system\CodeIgniter.php(832): App\Controllers\Admin->stokin()
#1 C:\xampp\htdocs\WEB-app\vendor\codeigniter4\framework\system\CodeIgniter.php(419): CodeIgniter\CodeIgniter->runController(Object(App\Controllers\Admin))
#2 C:\xampp\htdocs\WEB-app\vendor\codeigniter4\framework\system\CodeIgniter.php(326): CodeIgniter\CodeIgniter->handleRequest(NULL, Object(Config\Cache), false)
#3 C:\xampp\htdocs\WEB-app\public\index.php(37): CodeIgniter\CodeIgniter->run()
#4 C:\xampp\htdocs\WEB-app\vendor\codeigniter4\framework\system\Commands\Server\rewrite.php(43): require_once('C:\\xampp\\htdocs...')
#5 {main}
CRITICAL - 2022-04-26 14:45:58 --> Call to undefined method App\Models\ModelAdmin::getResultArray
#0 C:\xampp\htdocs\WEB-app\app\Models\ModelAdmin.php(26): CodeIgniter\Model->__call('getResultArray', Array)
#1 C:\xampp\htdocs\WEB-app\app\Controllers\Admin.php(217): App\Models\ModelAdmin->tampildata()
#2 C:\xampp\htdocs\WEB-app\vendor\codeigniter4\framework\system\CodeIgniter.php(832): App\Controllers\Admin->stokin()
#3 C:\xampp\htdocs\WEB-app\vendor\codeigniter4\framework\system\CodeIgniter.php(419): CodeIgniter\CodeIgniter->runController(Object(App\Controllers\Admin))
#4 C:\xampp\htdocs\WEB-app\vendor\codeigniter4\framework\system\CodeIgniter.php(326): CodeIgniter\CodeIgniter->handleRequest(NULL, Object(Config\Cache), false)
#5 C:\xampp\htdocs\WEB-app\public\index.php(37): CodeIgniter\CodeIgniter->run()
#6 C:\xampp\htdocs\WEB-app\vendor\codeigniter4\framework\system\Commands\Server\rewrite.php(43): require_once('C:\\xampp\\htdocs...')
#7 {main}
CRITICAL - 2022-04-26 14:49:54 --> Call to undefined method App\Models\ModelAdmin::getArray
#0 C:\xampp\htdocs\WEB-app\app\Models\ModelAdmin.php(26): CodeIgniter\Model->__call('getArray', Array)
#1 C:\xampp\htdocs\WEB-app\app\Controllers\Admin.php(217): App\Models\ModelAdmin->tampildata()
#2 C:\xampp\htdocs\WEB-app\vendor\codeigniter4\framework\system\CodeIgniter.php(832): App\Controllers\Admin->stokin()
#3 C:\xampp\htdocs\WEB-app\vendor\codeigniter4\framework\system\CodeIgniter.php(419): CodeIgniter\CodeIgniter->runController(Object(App\Controllers\Admin))
#4 C:\xampp\htdocs\WEB-app\vendor\codeigniter4\framework\system\CodeIgniter.php(326): CodeIgniter\CodeIgniter->handleRequest(NULL, Object(Config\Cache), false)
#5 C:\xampp\htdocs\WEB-app\public\index.php(37): CodeIgniter\CodeIgniter->run()
#6 C:\xampp\htdocs\WEB-app\vendor\codeigniter4\framework\system\Commands\Server\rewrite.php(43): require_once('C:\\xampp\\htdocs...')
#7 {main}
CRITICAL - 2022-04-26 14:50:02 --> Call to undefined method App\Models\ModelAdmin::getRowArray
#0 C:\xampp\htdocs\WEB-app\app\Models\ModelAdmin.php(26): CodeIgniter\Model->__call('getRowArray', Array)
#1 C:\xampp\htdocs\WEB-app\app\Controllers\Admin.php(217): App\Models\ModelAdmin->tampildata()
#2 C:\xampp\htdocs\WEB-app\vendor\codeigniter4\framework\system\CodeIgniter.php(832): App\Controllers\Admin->stokin()
#3 C:\xampp\htdocs\WEB-app\vendor\codeigniter4\framework\system\CodeIgniter.php(419): CodeIgniter\CodeIgniter->runController(Object(App\Controllers\Admin))
#4 C:\xampp\htdocs\WEB-app\vendor\codeigniter4\framework\system\CodeIgniter.php(326): CodeIgniter\CodeIgniter->handleRequest(NULL, Object(Config\Cache), false)
#5 C:\xampp\htdocs\WEB-app\public\index.php(37): CodeIgniter\CodeIgniter->run()
#6 C:\xampp\htdocs\WEB-app\vendor\codeigniter4\framework\system\Commands\Server\rewrite.php(43): require_once('C:\\xampp\\htdocs...')
#7 {main}
CRITICAL - 2022-04-26 14:51:21 --> Call to undefined method App\Models\ModelAdmin::getResult
#0 C:\xampp\htdocs\WEB-app\app\Models\ModelAdmin.php(26): CodeIgniter\Model->__call('getResult', Array)
#1 C:\xampp\htdocs\WEB-app\app\Controllers\Admin.php(217): App\Models\ModelAdmin->tampildata()
#2 C:\xampp\htdocs\WEB-app\vendor\codeigniter4\framework\system\CodeIgniter.php(832): App\Controllers\Admin->stokin()
#3 C:\xampp\htdocs\WEB-app\vendor\codeigniter4\framework\system\CodeIgniter.php(419): CodeIgniter\CodeIgniter->runController(Object(App\Controllers\Admin))
#4 C:\xampp\htdocs\WEB-app\vendor\codeigniter4\framework\system\CodeIgniter.php(326): CodeIgniter\CodeIgniter->handleRequest(NULL, Object(Config\Cache), false)
#5 C:\xampp\htdocs\WEB-app\public\index.php(37): CodeIgniter\CodeIgniter->run()
#6 C:\xampp\htdocs\WEB-app\vendor\codeigniter4\framework\system\Commands\Server\rewrite.php(43): require_once('C:\\xampp\\htdocs...')
#7 {main}
CRITICAL - 2022-04-26 14:52:06 --> Call to undefined method App\Models\ModelAdmin::fetch_all
#0 C:\xampp\htdocs\WEB-app\app\Models\ModelAdmin.php(26): CodeIgniter\Model->__call('fetch_all', Array)
#1 C:\xampp\htdocs\WEB-app\app\Controllers\Admin.php(217): App\Models\ModelAdmin->tampildata()
#2 C:\xampp\htdocs\WEB-app\vendor\codeigniter4\framework\system\CodeIgniter.php(832): App\Controllers\Admin->stokin()
#3 C:\xampp\htdocs\WEB-app\vendor\codeigniter4\framework\system\CodeIgniter.php(419): CodeIgniter\CodeIgniter->runController(Object(App\Controllers\Admin))
#4 C:\xampp\htdocs\WEB-app\vendor\codeigniter4\framework\system\CodeIgniter.php(326): CodeIgniter\CodeIgniter->handleRequest(NULL, Object(Config\Cache), false)
#5 C:\xampp\htdocs\WEB-app\public\index.php(37): CodeIgniter\CodeIgniter->run()
#6 C:\xampp\htdocs\WEB-app\vendor\codeigniter4\framework\system\Commands\Server\rewrite.php(43): require_once('C:\\xampp\\htdocs...')
#7 {main}
CRITICAL - 2022-04-26 14:52:13 --> Call to undefined method App\Models\ModelAdmin::getResultArray
#0 C:\xampp\htdocs\WEB-app\app\Models\ModelAdmin.php(26): CodeIgniter\Model->__call('getResultArray', Array)
#1 C:\xampp\htdocs\WEB-app\app\Controllers\Admin.php(217): App\Models\ModelAdmin->tampildata()
#2 C:\xampp\htdocs\WEB-app\vendor\codeigniter4\framework\system\CodeIgniter.php(832): App\Controllers\Admin->stokin()
#3 C:\xampp\htdocs\WEB-app\vendor\codeigniter4\framework\system\CodeIgniter.php(419): CodeIgniter\CodeIgniter->runController(Object(App\Controllers\Admin))
#4 C:\xampp\htdocs\WEB-app\vendor\codeigniter4\framework\system\CodeIgniter.php(326): CodeIgniter\CodeIgniter->handleRequest(NULL, Object(Config\Cache), false)
#5 C:\xampp\htdocs\WEB-app\public\index.php(37): CodeIgniter\CodeIgniter->run()
#6 C:\xampp\htdocs\WEB-app\vendor\codeigniter4\framework\system\Commands\Server\rewrite.php(43): require_once('C:\\xampp\\htdocs...')
#7 {main}
CRITICAL - 2022-04-26 14:52:15 --> Call to undefined method App\Models\ModelAdmin::getResultArray
#0 C:\xampp\htdocs\WEB-app\app\Models\ModelAdmin.php(26): CodeIgniter\Model->__call('getResultArray', Array)
#1 C:\xampp\htdocs\WEB-app\app\Controllers\Admin.php(217): App\Models\ModelAdmin->tampildata()
#2 C:\xampp\htdocs\WEB-app\vendor\codeigniter4\framework\system\CodeIgniter.php(832): App\Controllers\Admin->stokin()
#3 C:\xampp\htdocs\WEB-app\vendor\codeigniter4\framework\system\CodeIgniter.php(419): CodeIgniter\CodeIgniter->runController(Object(App\Controllers\Admin))
#4 C:\xampp\htdocs\WEB-app\vendor\codeigniter4\framework\system\CodeIgniter.php(326): CodeIgniter\CodeIgniter->handleRequest(NULL, Object(Config\Cache), false)
#5 C:\xampp\htdocs\WEB-app\public\index.php(37): CodeIgniter\CodeIgniter->run()
#6 C:\xampp\htdocs\WEB-app\vendor\codeigniter4\framework\system\Commands\Server\rewrite.php(43): require_once('C:\\xampp\\htdocs...')
#7 {main}
CRITICAL - 2022-04-26 14:52:34 --> Call to undefined method CodeIgniter\Database\MySQLi\Result::getArray()
#0 C:\xampp\htdocs\WEB-app\app\Controllers\Admin.php(217): App\Models\ModelAdmin->tampildata()
#1 C:\xampp\htdocs\WEB-app\vendor\codeigniter4\framework\system\CodeIgniter.php(832): App\Controllers\Admin->stokin()
#2 C:\xampp\htdocs\WEB-app\vendor\codeigniter4\framework\system\CodeIgniter.php(419): CodeIgniter\CodeIgniter->runController(Object(App\Controllers\Admin))
#3 C:\xampp\htdocs\WEB-app\vendor\codeigniter4\framework\system\CodeIgniter.php(326): CodeIgniter\CodeIgniter->handleRequest(NULL, Object(Config\Cache), false)
#4 C:\xampp\htdocs\WEB-app\public\index.php(37): CodeIgniter\CodeIgniter->run()
#5 C:\xampp\htdocs\WEB-app\vendor\codeigniter4\framework\system\Commands\Server\rewrite.php(43): require_once('C:\\xampp\\htdocs...')
#6 {main}
CRITICAL - 2022-04-26 14:52:42 --> Call to undefined method CodeIgniter\Database\MySQLi\Result::ResultArray()
#0 C:\xampp\htdocs\WEB-app\app\Controllers\Admin.php(217): App\Models\ModelAdmin->tampildata()
#1 C:\xampp\htdocs\WEB-app\vendor\codeigniter4\framework\system\CodeIgniter.php(832): App\Controllers\Admin->stokin()
#2 C:\xampp\htdocs\WEB-app\vendor\codeigniter4\framework\system\CodeIgniter.php(419): CodeIgniter\CodeIgniter->runController(Object(App\Controllers\Admin))
#3 C:\xampp\htdocs\WEB-app\vendor\codeigniter4\framework\system\CodeIgniter.php(326): CodeIgniter\CodeIgniter->handleRequest(NULL, Object(Config\Cache), false)
#4 C:\xampp\htdocs\WEB-app\public\index.php(37): CodeIgniter\CodeIgniter->run()
#5 C:\xampp\htdocs\WEB-app\vendor\codeigniter4\framework\system\Commands\Server\rewrite.php(43): require_once('C:\\xampp\\htdocs...')
#6 {main}
CRITICAL - 2022-04-26 14:54:20 --> Cannot use object of type stdClass as array
#0 C:\xampp\htdocs\WEB-app\vendor\codeigniter4\framework\system\View\View.php(210): include()
#1 C:\xampp\htdocs\WEB-app\vendor\codeigniter4\framework\system\View\View.php(213): CodeIgniter\View\View->CodeIgniter\View\{closure}()
#2 C:\xampp\htdocs\WEB-app\vendor\codeigniter4\framework\system\Common.php(1089): CodeIgniter\View\View->render('admin/transferi...', Array, true)
#3 C:\xampp\htdocs\WEB-app\app\Controllers\Admin.php(219): view('admin/transferi...', Array)
#4 C:\xampp\htdocs\WEB-app\vendor\codeigniter4\framework\system\CodeIgniter.php(832): App\Controllers\Admin->stokin()
#5 C:\xampp\htdocs\WEB-app\vendor\codeigniter4\framework\system\CodeIgniter.php(419): CodeIgniter\CodeIgniter->runController(Object(App\Controllers\Admin))
#6 C:\xampp\htdocs\WEB-app\vendor\codeigniter4\framework\system\CodeIgniter.php(326): CodeIgniter\CodeIgniter->handleRequest(NULL, Object(Config\Cache), false)
#7 C:\xampp\htdocs\WEB-app\public\index.php(37): CodeIgniter\CodeIgniter->run()
#8 C:\xampp\htdocs\WEB-app\vendor\codeigniter4\framework\system\Commands\Server\rewrite.php(43): require_once('C:\\xampp\\htdocs...')
#9 {main}
CRITICAL - 2022-04-26 14:56:17 --> Call to undefined method App\Models\ModelAdmin::result
#0 C:\xampp\htdocs\WEB-app\app\Models\ModelAdmin.php(25): CodeIgniter\Model->__call('result', Array)
#1 C:\xampp\htdocs\WEB-app\app\Controllers\Admin.php(217): App\Models\ModelAdmin->tampildata()
#2 C:\xampp\htdocs\WEB-app\vendor\codeigniter4\framework\system\CodeIgniter.php(832): App\Controllers\Admin->stokin()
#3 C:\xampp\htdocs\WEB-app\vendor\codeigniter4\framework\system\CodeIgniter.php(419): CodeIgniter\CodeIgniter->runController(Object(App\Controllers\Admin))
#4 C:\xampp\htdocs\WEB-app\vendor\codeigniter4\framework\system\CodeIgniter.php(326): CodeIgniter\CodeIgniter->handleRequest(NULL, Object(Config\Cache), false)
#5 C:\xampp\htdocs\WEB-app\public\index.php(37): CodeIgniter\CodeIgniter->run()
#6 C:\xampp\htdocs\WEB-app\vendor\codeigniter4\framework\system\Commands\Server\rewrite.php(43): require_once('C:\\xampp\\htdocs...')
#7 {main}
CRITICAL - 2022-04-26 14:56:35 --> Call to a member function result() on null
#0 C:\xampp\htdocs\WEB-app\app\Controllers\Admin.php(217): App\Models\ModelAdmin->tampildata()
#1 C:\xampp\htdocs\WEB-app\vendor\codeigniter4\framework\system\CodeIgniter.php(832): App\Controllers\Admin->stokin()
#2 C:\xampp\htdocs\WEB-app\vendor\codeigniter4\framework\system\CodeIgniter.php(419): CodeIgniter\CodeIgniter->runController(Object(App\Controllers\Admin))
#3 C:\xampp\htdocs\WEB-app\vendor\codeigniter4\framework\system\CodeIgniter.php(326): CodeIgniter\CodeIgniter->handleRequest(NULL, Object(Config\Cache), false)
#4 C:\xampp\htdocs\WEB-app\public\index.php(37): CodeIgniter\CodeIgniter->run()
#5 C:\xampp\htdocs\WEB-app\vendor\codeigniter4\framework\system\Commands\Server\rewrite.php(43): require_once('C:\\xampp\\htdocs...')
#6 {main}
CRITICAL - 2022-04-26 14:56:43 --> Call to undefined method CodeIgniter\Database\MySQLi\Result::result()
#0 C:\xampp\htdocs\WEB-app\app\Controllers\Admin.php(217): App\Models\ModelAdmin->tampildata()
#1 C:\xampp\htdocs\WEB-app\vendor\codeigniter4\framework\system\CodeIgniter.php(832): App\Controllers\Admin->stokin()
#2 C:\xampp\htdocs\WEB-app\vendor\codeigniter4\framework\system\CodeIgniter.php(419): CodeIgniter\CodeIgniter->runController(Object(App\Controllers\Admin))
#3 C:\xampp\htdocs\WEB-app\vendor\codeigniter4\framework\system\CodeIgniter.php(326): CodeIgniter\CodeIgniter->handleRequest(NULL, Object(Config\Cache), false)
#4 C:\xampp\htdocs\WEB-app\public\index.php(37): CodeIgniter\CodeIgniter->run()
#5 C:\xampp\htdocs\WEB-app\vendor\codeigniter4\framework\system\Commands\Server\rewrite.php(43): require_once('C:\\xampp\\htdocs...')
#6 {main}
CRITICAL - 2022-04-26 14:57:12 --> CodeIgniter\Database\BaseBuilder::get(): Argument #1 ($limit) must be of type ?int, string given, called in C:\xampp\htdocs\WEB-app\vendor\codeigniter4\framework\system\Model.php on line 728
#0 C:\xampp\htdocs\WEB-app\vendor\codeigniter4\framework\system\Model.php(728): CodeIgniter\Database\BaseBuilder->get('tbldatatransfer')
#1 C:\xampp\htdocs\WEB-app\app\Models\ModelAdmin.php(25): CodeIgniter\Model->__call('get', Array)
#2 C:\xampp\htdocs\WEB-app\app\Controllers\Admin.php(217): App\Models\ModelAdmin->tampildata()
#3 C:\xampp\htdocs\WEB-app\vendor\codeigniter4\framework\system\CodeIgniter.php(832): App\Controllers\Admin->stokin()
#4 C:\xampp\htdocs\WEB-app\vendor\codeigniter4\framework\system\CodeIgniter.php(419): CodeIgniter\CodeIgniter->runController(Object(App\Controllers\Admin))
#5 C:\xampp\htdocs\WEB-app\vendor\codeigniter4\framework\system\CodeIgniter.php(326): CodeIgniter\CodeIgniter->handleRequest(NULL, Object(Config\Cache), false)
#6 C:\xampp\htdocs\WEB-app\public\index.php(37): CodeIgniter\CodeIgniter->run()
#7 C:\xampp\htdocs\WEB-app\vendor\codeigniter4\framework\system\Commands\Server\rewrite.php(43): require_once('C:\\xampp\\htdocs...')
#8 {main}
CRITICAL - 2022-04-26 14:57:38 --> Undefined array key "jenisstok"
#0 C:\xampp\htdocs\WEB-app\app\Views\admin\transferin\viewstokin.php(74): CodeIgniter\Debug\Exceptions->errorHandler(2, 'Undefined array...', 'C:\\xampp\\htdocs...', 74)
#1 C:\xampp\htdocs\WEB-app\vendor\codeigniter4\framework\system\View\View.php(210): include('C:\\xampp\\htdocs...')
#2 C:\xampp\htdocs\WEB-app\vendor\codeigniter4\framework\system\View\View.php(213): CodeIgniter\View\View->CodeIgniter\View\{closure}()
#3 C:\xampp\htdocs\WEB-app\vendor\codeigniter4\framework\system\Common.php(1089): CodeIgniter\View\View->render('admin/transferi...', Array, true)
#4 C:\xampp\htdocs\WEB-app\app\Controllers\Admin.php(219): view('admin/transferi...', Array)
#5 C:\xampp\htdocs\WEB-app\vendor\codeigniter4\framework\system\CodeIgniter.php(832): App\Controllers\Admin->stokin()
#6 C:\xampp\htdocs\WEB-app\vendor\codeigniter4\framework\system\CodeIgniter.php(419): CodeIgniter\CodeIgniter->runController(Object(App\Controllers\Admin))
#7 C:\xampp\htdocs\WEB-app\vendor\codeigniter4\framework\system\CodeIgniter.php(326): CodeIgniter\CodeIgniter->handleRequest(NULL, Object(Config\Cache), false)
#8 C:\xampp\htdocs\WEB-app\public\index.php(37): CodeIgniter\CodeIgniter->run()
#9 C:\xampp\htdocs\WEB-app\vendor\codeigniter4\framework\system\Commands\Server\rewrite.php(43): require_once('C:\\xampp\\htdocs...')
#10 {main}
CRITICAL - 2022-04-26 14:59:02 --> Call to undefined method App\Models\ModelAdmin::tampildata_in
#0 C:\xampp\htdocs\WEB-app\app\Controllers\Admin.php(217): CodeIgniter\Model->__call('tampildata_in', Array)
#1 C:\xampp\htdocs\WEB-app\vendor\codeigniter4\framework\system\CodeIgniter.php(832): App\Controllers\Admin->stokin()
#2 C:\xampp\htdocs\WEB-app\vendor\codeigniter4\framework\system\CodeIgniter.php(419): CodeIgniter\CodeIgniter->runController(Object(App\Controllers\Admin))
#3 C:\xampp\htdocs\WEB-app\vendor\codeigniter4\framework\system\CodeIgniter.php(326): CodeIgniter\CodeIgniter->handleRequest(NULL, Object(Config\Cache), false)
#4 C:\xampp\htdocs\WEB-app\public\index.php(37): CodeIgniter\CodeIgniter->run()
#5 C:\xampp\htdocs\WEB-app\vendor\codeigniter4\framework\system\Commands\Server\rewrite.php(43): require_once('C:\\xampp\\htdocs...')
#6 {main}
CRITICAL - 2022-04-26 14:59:19 --> Call to undefined method App\Models\ModelAdmin::getResultArray
#0 C:\xampp\htdocs\WEB-app\app\Models\ModelAdmin.php(36): CodeIgniter\Model->__call('getResultArray', Array)
#1 C:\xampp\htdocs\WEB-app\app\Controllers\Admin.php(217): App\Models\ModelAdmin->tampildata_in()
#2 C:\xampp\htdocs\WEB-app\vendor\codeigniter4\framework\system\CodeIgniter.php(832): App\Controllers\Admin->stokin()
#3 C:\xampp\htdocs\WEB-app\vendor\codeigniter4\framework\system\CodeIgniter.php(419): CodeIgniter\CodeIgniter->runController(Object(App\Controllers\Admin))
#4 C:\xampp\htdocs\WEB-app\vendor\codeigniter4\framework\system\CodeIgniter.php(326): CodeIgniter\CodeIgniter->handleRequest(NULL, Object(Config\Cache), false)
#5 C:\xampp\htdocs\WEB-app\public\index.php(37): CodeIgniter\CodeIgniter->run()
#6 C:\xampp\htdocs\WEB-app\vendor\codeigniter4\framework\system\Commands\Server\rewrite.php(43): require_once('C:\\xampp\\htdocs...')
#7 {main}
CRITICAL - 2022-04-26 15:05:19 --> Undefined property: App\Controllers\Admin::$transferIn
#0 C:\xampp\htdocs\WEB-app\app\Controllers\Admin.php(225): CodeIgniter\Debug\Exceptions->errorHandler(2, 'Undefined prope...', 'C:\\xampp\\htdocs...', 225)
#1 C:\xampp\htdocs\WEB-app\vendor\codeigniter4\framework\system\CodeIgniter.php(832): App\Controllers\Admin->stokout()
#2 C:\xampp\htdocs\WEB-app\vendor\codeigniter4\framework\system\CodeIgniter.php(419): CodeIgniter\CodeIgniter->runController(Object(App\Controllers\Admin))
#3 C:\xampp\htdocs\WEB-app\vendor\codeigniter4\framework\system\CodeIgniter.php(326): CodeIgniter\CodeIgniter->handleRequest(NULL, Object(Config\Cache), false)
#4 C:\xampp\htdocs\WEB-app\public\index.php(37): CodeIgniter\CodeIgniter->run()
#5 C:\xampp\htdocs\WEB-app\vendor\codeigniter4\framework\system\Commands\Server\rewrite.php(43): require_once('C:\\xampp\\htdocs...')
#6 {main}
CRITICAL - 2022-04-26 15:05:19 --> Undefined property: App\Controllers\Admin::$transferIn
#0 C:\xampp\htdocs\WEB-app\app\Controllers\Admin.php(225): CodeIgniter\Debug\Exceptions->errorHandler(2, 'Undefined prope...', 'C:\\xampp\\htdocs...', 225)
#1 C:\xampp\htdocs\WEB-app\vendor\codeigniter4\framework\system\CodeIgniter.php(832): App\Controllers\Admin->stokout()
#2 C:\xampp\htdocs\WEB-app\vendor\codeigniter4\framework\system\CodeIgniter.php(419): CodeIgniter\CodeIgniter->runController(Object(App\Controllers\Admin))
#3 C:\xampp\htdocs\WEB-app\vendor\codeigniter4\framework\system\CodeIgniter.php(326): CodeIgniter\CodeIgniter->handleRequest(NULL, Object(Config\Cache), false)
#4 C:\xampp\htdocs\WEB-app\public\index.php(37): CodeIgniter\CodeIgniter->run()
#5 C:\xampp\htdocs\WEB-app\vendor\codeigniter4\framework\system\Commands\Server\rewrite.php(43): require_once('C:\\xampp\\htdocs...')
#6 {main}
CRITICAL - 2022-04-26 15:07:03 --> Undefined property: App\Controllers\Admin::$transferIn
#0 C:\xampp\htdocs\WEB-app\app\Controllers\Admin.php(235): CodeIgniter\Debug\Exceptions->errorHandler(2, 'Undefined prope...', 'C:\\xampp\\htdocs...', 235)
#1 C:\xampp\htdocs\WEB-app\vendor\codeigniter4\framework\system\CodeIgniter.php(832): App\Controllers\Admin->updateTransferStok()
#2 C:\xampp\htdocs\WEB-app\vendor\codeigniter4\framework\system\CodeIgniter.php(419): CodeIgniter\CodeIgniter->runController(Object(App\Controllers\Admin))
#3 C:\xampp\htdocs\WEB-app\vendor\codeigniter4\framework\system\CodeIgniter.php(326): CodeIgniter\CodeIgniter->handleRequest(NULL, Object(Config\Cache), false)
#4 C:\xampp\htdocs\WEB-app\public\index.php(37): CodeIgniter\CodeIgniter->run()
#5 C:\xampp\htdocs\WEB-app\vendor\codeigniter4\framework\system\Commands\Server\rewrite.php(43): require_once('C:\\xampp\\htdocs...')
#6 {main}
CRITICAL - 2022-04-26 15:07:34 --> Invalid file: admin/datatransfer/viewstokin.php
#0 C:\xampp\htdocs\WEB-app\vendor\codeigniter4\framework\system\View\View.php(198): CodeIgniter\Exceptions\FrameworkException::forInvalidFile('admin/datatrans...')
#1 C:\xampp\htdocs\WEB-app\vendor\codeigniter4\framework\system\Common.php(1089): CodeIgniter\View\View->render('admin/datatrans...', Array, true)
#2 C:\xampp\htdocs\WEB-app\app\Controllers\Admin.php(219): view('admin/datatrans...', Array)
#3 C:\xampp\htdocs\WEB-app\vendor\codeigniter4\framework\system\CodeIgniter.php(832): App\Controllers\Admin->stokin()
#4 C:\xampp\htdocs\WEB-app\vendor\codeigniter4\framework\system\CodeIgniter.php(419): CodeIgniter\CodeIgniter->runController(Object(App\Controllers\Admin))
#5 C:\xampp\htdocs\WEB-app\vendor\codeigniter4\framework\system\CodeIgniter.php(326): CodeIgniter\CodeIgniter->handleRequest(NULL, Object(Config\Cache), false)
#6 C:\xampp\htdocs\WEB-app\public\index.php(37): CodeIgniter\CodeIgniter->run()
#7 C:\xampp\htdocs\WEB-app\vendor\codeigniter4\framework\system\Commands\Server\rewrite.php(43): require_once('C:\\xampp\\htdocs...')
#8 {main}
CRITICAL - 2022-04-26 15:07:43 --> Invalid file: admin/datatransfer/viewstokin.php
#0 C:\xampp\htdocs\WEB-app\vendor\codeigniter4\framework\system\View\View.php(198): CodeIgniter\Exceptions\FrameworkException::forInvalidFile('admin/datatrans...')
#1 C:\xampp\htdocs\WEB-app\vendor\codeigniter4\framework\system\Common.php(1089): CodeIgniter\View\View->render('admin/datatrans...', Array, true)
#2 C:\xampp\htdocs\WEB-app\app\Controllers\Admin.php(219): view('admin/datatrans...', Array)
#3 C:\xampp\htdocs\WEB-app\vendor\codeigniter4\framework\system\CodeIgniter.php(832): App\Controllers\Admin->stokin()
#4 C:\xampp\htdocs\WEB-app\vendor\codeigniter4\framework\system\CodeIgniter.php(419): CodeIgniter\CodeIgniter->runController(Object(App\Controllers\Admin))
#5 C:\xampp\htdocs\WEB-app\vendor\codeigniter4\framework\system\CodeIgniter.php(326): CodeIgniter\CodeIgniter->handleRequest(NULL, Object(Config\Cache), false)
#6 C:\xampp\htdocs\WEB-app\public\index.php(37): CodeIgniter\CodeIgniter->run()
#7 C:\xampp\htdocs\WEB-app\vendor\codeigniter4\framework\system\Commands\Server\rewrite.php(43): require_once('C:\\xampp\\htdocs...')
#8 {main}
CRITICAL - 2022-04-26 15:07:47 --> Invalid file: admin/datatransfer/viewstokin.php
#0 C:\xampp\htdocs\WEB-app\vendor\codeigniter4\framework\system\View\View.php(198): CodeIgniter\Exceptions\FrameworkException::forInvalidFile('admin/datatrans...')
#1 C:\xampp\htdocs\WEB-app\vendor\codeigniter4\framework\system\Common.php(1089): CodeIgniter\View\View->render('admin/datatrans...', Array, true)
#2 C:\xampp\htdocs\WEB-app\app\Controllers\Admin.php(219): view('admin/datatrans...', Array)
#3 C:\xampp\htdocs\WEB-app\vendor\codeigniter4\framework\system\CodeIgniter.php(832): App\Controllers\Admin->stokin()
#4 C:\xampp\htdocs\WEB-app\vendor\codeigniter4\framework\system\CodeIgniter.php(419): CodeIgniter\CodeIgniter->runController(Object(App\Controllers\Admin))
#5 C:\xampp\htdocs\WEB-app\vendor\codeigniter4\framework\system\CodeIgniter.php(326): CodeIgniter\CodeIgniter->handleRequest(NULL, Object(Config\Cache), false)
#6 C:\xampp\htdocs\WEB-app\public\index.php(37): CodeIgniter\CodeIgniter->run()
#7 C:\xampp\htdocs\WEB-app\vendor\codeigniter4\framework\system\Commands\Server\rewrite.php(43): require_once('C:\\xampp\\htdocs...')
#8 {main}
CRITICAL - 2022-04-26 15:08:26 --> Undefined array key "jenisstok"
#0 C:\xampp\htdocs\WEB-app\app\Views\admin\transferin\viewstokin.php(74): CodeIgniter\Debug\Exceptions->errorHandler(2, 'Undefined array...', 'C:\\xampp\\htdocs...', 74)
#1 C:\xampp\htdocs\WEB-app\vendor\codeigniter4\framework\system\View\View.php(210): include('C:\\xampp\\htdocs...')
#2 C:\xampp\htdocs\WEB-app\vendor\codeigniter4\framework\system\View\View.php(213): CodeIgniter\View\View->CodeIgniter\View\{closure}()
#3 C:\xampp\htdocs\WEB-app\vendor\codeigniter4\framework\system\Common.php(1089): CodeIgniter\View\View->render('admin/transferi...', Array, true)
#4 C:\xampp\htdocs\WEB-app\app\Controllers\Admin.php(219): view('admin/transferi...', Array)
#5 C:\xampp\htdocs\WEB-app\vendor\codeigniter4\framework\system\CodeIgniter.php(832): App\Controllers\Admin->stokin()
#6 C:\xampp\htdocs\WEB-app\vendor\codeigniter4\framework\system\CodeIgniter.php(419): CodeIgniter\CodeIgniter->runController(Object(App\Controllers\Admin))
#7 C:\xampp\htdocs\WEB-app\vendor\codeigniter4\framework\system\CodeIgniter.php(326): CodeIgniter\CodeIgniter->handleRequest(NULL, Object(Config\Cache), false)
#8 C:\xampp\htdocs\WEB-app\public\index.php(37): CodeIgniter\CodeIgniter->run()
#9 C:\xampp\htdocs\WEB-app\vendor\codeigniter4\framework\system\Commands\Server\rewrite.php(43): require_once('C:\\xampp\\htdocs...')
#10 {main}
CRITICAL - 2022-04-26 15:09:04 --> Undefined property: App\Controllers\Admin::$transferIn
#0 C:\xampp\htdocs\WEB-app\app\Controllers\Admin.php(235): CodeIgniter\Debug\Exceptions->errorHandler(2, 'Undefined prope...', 'C:\\xampp\\htdocs...', 235)
#1 C:\xampp\htdocs\WEB-app\vendor\codeigniter4\framework\system\CodeIgniter.php(832): App\Controllers\Admin->updateTransferStok()
#2 C:\xampp\htdocs\WEB-app\vendor\codeigniter4\framework\system\CodeIgniter.php(419): CodeIgniter\CodeIgniter->runController(Object(App\Controllers\Admin))
#3 C:\xampp\htdocs\WEB-app\vendor\codeigniter4\framework\system\CodeIgniter.php(326): CodeIgniter\CodeIgniter->handleRequest(NULL, Object(Config\Cache), false)
#4 C:\xampp\htdocs\WEB-app\public\index.php(37): CodeIgniter\CodeIgniter->run()
#5 C:\xampp\htdocs\WEB-app\vendor\codeigniter4\framework\system\Commands\Server\rewrite.php(43): require_once('C:\\xampp\\htdocs...')
#6 {main}
CRITICAL - 2022-04-26 15:09:53 --> Undefined property: App\Controllers\Admin::$transferIn
#0 C:\xampp\htdocs\WEB-app\app\Controllers\Admin.php(284): CodeIgniter\Debug\Exceptions->errorHandler(2, 'Undefined prope...', 'C:\\xampp\\htdocs...', 284)
#1 C:\xampp\htdocs\WEB-app\vendor\codeigniter4\framework\system\CodeIgniter.php(832): App\Controllers\Admin->simpan_stokout()
#2 C:\xampp\htdocs\WEB-app\vendor\codeigniter4\framework\system\CodeIgniter.php(419): CodeIgniter\CodeIgniter->runController(Object(App\Controllers\Admin))
#3 C:\xampp\htdocs\WEB-app\vendor\codeigniter4\framework\system\CodeIgniter.php(326): CodeIgniter\CodeIgniter->handleRequest(NULL, Object(Config\Cache), false)
#4 C:\xampp\htdocs\WEB-app\public\index.php(37): CodeIgniter\CodeIgniter->run()
#5 C:\xampp\htdocs\WEB-app\vendor\codeigniter4\framework\system\Commands\Server\rewrite.php(43): require_once('C:\\xampp\\htdocs...')
#6 {main}
CRITICAL - 2022-04-26 15:20:13 --> Undefined property: App\Controllers\DataHistoryStok::$cabang
#0 C:\xampp\htdocs\WEB-app\app\Controllers\DataHistoryStok.php(17): CodeIgniter\Debug\Exceptions->errorHandler(2, 'Undefined prope...', 'C:\\xampp\\htdocs...', 17)
#1 C:\xampp\htdocs\WEB-app\vendor\codeigniter4\framework\system\CodeIgniter.php(832): App\Controllers\DataHistoryStok->index()
#2 C:\xampp\htdocs\WEB-app\vendor\codeigniter4\framework\system\CodeIgniter.php(419): CodeIgniter\CodeIgniter->runController(Object(App\Controllers\DataHistoryStok))
#3 C:\xampp\htdocs\WEB-app\vendor\codeigniter4\framework\system\CodeIgniter.php(326): CodeIgniter\CodeIgniter->handleRequest(NULL, Object(Config\Cache), false)
#4 C:\xampp\htdocs\WEB-app\public\index.php(37): CodeIgniter\CodeIgniter->run()
#5 C:\xampp\htdocs\WEB-app\vendor\codeigniter4\framework\system\Commands\Server\rewrite.php(43): require_once('C:\\xampp\\htdocs...')
#6 {main}
CRITICAL - 2022-04-26 15:21:08 --> Undefined array key "kodecabang"
#0 C:\xampp\htdocs\WEB-app\app\Views\admin-super\history-stok\viewshistory.php(49): CodeIgniter\Debug\Exceptions->errorHandler(2, 'Undefined array...', 'C:\\xampp\\htdocs...', 49)
#1 C:\xampp\htdocs\WEB-app\vendor\codeigniter4\framework\system\View\View.php(210): include('C:\\xampp\\htdocs...')
#2 C:\xampp\htdocs\WEB-app\vendor\codeigniter4\framework\system\View\View.php(213): CodeIgniter\View\View->CodeIgniter\View\{closure}()
#3 C:\xampp\htdocs\WEB-app\vendor\codeigniter4\framework\system\Common.php(1089): CodeIgniter\View\View->render('admin-super/his...', Array, true)
#4 C:\xampp\htdocs\WEB-app\app\Controllers\DataHistoryStok.php(19): view('admin-super/his...', Array)
#5 C:\xampp\htdocs\WEB-app\vendor\codeigniter4\framework\system\CodeIgniter.php(832): App\Controllers\DataHistoryStok->index()
#6 C:\xampp\htdocs\WEB-app\vendor\codeigniter4\framework\system\CodeIgniter.php(419): CodeIgniter\CodeIgniter->runController(Object(App\Controllers\DataHistoryStok))
#7 C:\xampp\htdocs\WEB-app\vendor\codeigniter4\framework\system\CodeIgniter.php(326): CodeIgniter\CodeIgniter->handleRequest(NULL, Object(Config\Cache), false)
#8 C:\xampp\htdocs\WEB-app\public\index.php(37): CodeIgniter\CodeIgniter->run()
#9 C:\xampp\htdocs\WEB-app\vendor\codeigniter4\framework\system\Commands\Server\rewrite.php(43): require_once('C:\\xampp\\htdocs...')
#10 {main}
CRITICAL - 2022-04-26 15:21:39 --> Undefined array key "nketerangan"
#0 C:\xampp\htdocs\WEB-app\app\Views\admin-super\history-stok\viewshistory.php(50): CodeIgniter\Debug\Exceptions->errorHandler(2, 'Undefined array...', 'C:\\xampp\\htdocs...', 50)
#1 C:\xampp\htdocs\WEB-app\vendor\codeigniter4\framework\system\View\View.php(210): include('C:\\xampp\\htdocs...')
#2 C:\xampp\htdocs\WEB-app\vendor\codeigniter4\framework\system\View\View.php(213): CodeIgniter\View\View->CodeIgniter\View\{closure}()
#3 C:\xampp\htdocs\WEB-app\vendor\codeigniter4\framework\system\Common.php(1089): CodeIgniter\View\View->render('admin-super/his...', Array, true)
#4 C:\xampp\htdocs\WEB-app\app\Controllers\DataHistoryStok.php(19): view('admin-super/his...', Array)
#5 C:\xampp\htdocs\WEB-app\vendor\codeigniter4\framework\system\CodeIgniter.php(832): App\Controllers\DataHistoryStok->index()
#6 C:\xampp\htdocs\WEB-app\vendor\codeigniter4\framework\system\CodeIgniter.php(419): CodeIgniter\CodeIgniter->runController(Object(App\Controllers\DataHistoryStok))
#7 C:\xampp\htdocs\WEB-app\vendor\codeigniter4\framework\system\CodeIgniter.php(326): CodeIgniter\CodeIgniter->handleRequest(NULL, Object(Config\Cache), false)
#8 C:\xampp\htdocs\WEB-app\public\index.php(37): CodeIgniter\CodeIgniter->run()
#9 C:\xampp\htdocs\WEB-app\vendor\codeigniter4\framework\system\Commands\Server\rewrite.php(43): require_once('C:\\xampp\\htdocs...')
#10 {main}
CRITICAL - 2022-04-26 15:21:45 --> Undefined array key "kodecabang"
#0 C:\xampp\htdocs\WEB-app\app\Views\admin-super\history-stok\viewshistory.php(54): CodeIgniter\Debug\Exceptions->errorHandler(2, 'Undefined array...', 'C:\\xampp\\htdocs...', 54)
#1 C:\xampp\htdocs\WEB-app\vendor\codeigniter4\framework\system\View\View.php(210): include('C:\\xampp\\htdocs...')
#2 C:\xampp\htdocs\WEB-app\vendor\codeigniter4\framework\system\View\View.php(213): CodeIgniter\View\View->CodeIgniter\View\{closure}()
#3 C:\xampp\htdocs\WEB-app\vendor\codeigniter4\framework\system\Common.php(1089): CodeIgniter\View\View->render('admin-super/his...', Array, true)
#4 C:\xampp\htdocs\WEB-app\app\Controllers\DataHistoryStok.php(19): view('admin-super/his...', Array)
#5 C:\xampp\htdocs\WEB-app\vendor\codeigniter4\framework\system\CodeIgniter.php(832): App\Controllers\DataHistoryStok->index()
#6 C:\xampp\htdocs\WEB-app\vendor\codeigniter4\framework\system\CodeIgniter.php(419): CodeIgniter\CodeIgniter->runController(Object(App\Controllers\DataHistoryStok))
#7 C:\xampp\htdocs\WEB-app\vendor\codeigniter4\framework\system\CodeIgniter.php(326): CodeIgniter\CodeIgniter->handleRequest(NULL, Object(Config\Cache), false)
#8 C:\xampp\htdocs\WEB-app\public\index.php(37): CodeIgniter\CodeIgniter->run()
#9 C:\xampp\htdocs\WEB-app\vendor\codeigniter4\framework\system\Commands\Server\rewrite.php(43): require_once('C:\\xampp\\htdocs...')
#10 {main}
CRITICAL - 2022-04-26 15:35:24 --> Undefined variable $tglKirim
#0 C:\xampp\htdocs\WEB-app\app\Controllers\TransferOut.php(80): CodeIgniter\Debug\Exceptions->errorHandler(2, 'Undefined varia...', 'C:\\xampp\\htdocs...', 80)
#1 C:\xampp\htdocs\WEB-app\vendor\codeigniter4\framework\system\CodeIgniter.php(832): App\Controllers\TransferOut->simpandata()
#2 C:\xampp\htdocs\WEB-app\vendor\codeigniter4\framework\system\CodeIgniter.php(419): CodeIgniter\CodeIgniter->runController(Object(App\Controllers\TransferOut))
#3 C:\xampp\htdocs\WEB-app\vendor\codeigniter4\framework\system\CodeIgniter.php(326): CodeIgniter\CodeIgniter->handleRequest(NULL, Object(Config\Cache), false)
#4 C:\xampp\htdocs\WEB-app\public\index.php(37): CodeIgniter\CodeIgniter->run()
#5 C:\xampp\htdocs\WEB-app\vendor\codeigniter4\framework\system\Commands\Server\rewrite.php(43): require_once('C:\\xampp\\htdocs...')
#6 {main}
ERROR - 2022-04-26 15:35:34 --> Duplicate entry 'TRF2323' for key 'PRIMARY'
CRITICAL - 2022-04-26 15:35:34 --> Duplicate entry 'TRF2323' for key 'PRIMARY'
#0 C:\xampp\htdocs\WEB-app\vendor\codeigniter4\framework\system\Database\MySQLi\Connection.php(292): mysqli->query('INSERT INTO `tb...', 0)
#1 C:\xampp\htdocs\WEB-app\vendor\codeigniter4\framework\system\Database\BaseConnection.php(670): CodeIgniter\Database\MySQLi\Connection->execute('INSERT INTO `tb...')
#2 C:\xampp\htdocs\WEB-app\vendor\codeigniter4\framework\system\Database\BaseConnection.php(598): CodeIgniter\Database\BaseConnection->simpleQuery('INSERT INTO `tb...')
#3 C:\xampp\htdocs\WEB-app\vendor\codeigniter4\framework\system\Database\BaseBuilder.php(1771): CodeIgniter\Database\BaseConnection->query('INSERT INTO `tb...', Array, false)
#4 C:\xampp\htdocs\WEB-app\vendor\codeigniter4\framework\system\Model.php(239): CodeIgniter\Database\BaseBuilder->insert()
#5 C:\xampp\htdocs\WEB-app\vendor\codeigniter4\framework\system\BaseModel.php(738): CodeIgniter\Model->doInsert(Array)
#6 C:\xampp\htdocs\WEB-app\vendor\codeigniter4\framework\system\Model.php(625): CodeIgniter\BaseModel->insert(Array, true)
#7 C:\xampp\htdocs\WEB-app\app\Controllers\TransferOut.php(76): CodeIgniter\Model->insert(Array)
#8 C:\xampp\htdocs\WEB-app\vendor\codeigniter4\framework\system\CodeIgniter.php(832): App\Controllers\TransferOut->simpandata()
#9 C:\xampp\htdocs\WEB-app\vendor\codeigniter4\framework\system\CodeIgniter.php(419): CodeIgniter\CodeIgniter->runController(Object(App\Controllers\TransferOut))
#10 C:\xampp\htdocs\WEB-app\vendor\codeigniter4\framework\system\CodeIgniter.php(326): CodeIgniter\CodeIgniter->handleRequest(NULL, Object(Config\Cache), false)
#11 C:\xampp\htdocs\WEB-app\public\index.php(37): CodeIgniter\CodeIgniter->run()
#12 C:\xampp\htdocs\WEB-app\vendor\codeigniter4\framework\system\Commands\Server\rewrite.php(43): require_once('C:\\xampp\\htdocs...')
#13 {main}
ERROR - 2022-04-26 15:36:40 --> Duplicate entry 'TRF2323' for key 'PRIMARY'
CRITICAL - 2022-04-26 15:36:40 --> Duplicate entry 'TRF2323' for key 'PRIMARY'
#0 C:\xampp\htdocs\WEB-app\vendor\codeigniter4\framework\system\Database\MySQLi\Connection.php(292): mysqli->query('INSERT INTO `tb...', 0)
#1 C:\xampp\htdocs\WEB-app\vendor\codeigniter4\framework\system\Database\BaseConnection.php(670): CodeIgniter\Database\MySQLi\Connection->execute('INSERT INTO `tb...')
#2 C:\xampp\htdocs\WEB-app\vendor\codeigniter4\framework\system\Database\BaseConnection.php(598): CodeIgniter\Database\BaseConnection->simpleQuery('INSERT INTO `tb...')
#3 C:\xampp\htdocs\WEB-app\vendor\codeigniter4\framework\system\Database\BaseBuilder.php(1771): CodeIgniter\Database\BaseConnection->query('INSERT INTO `tb...', Array, false)
#4 C:\xampp\htdocs\WEB-app\vendor\codeigniter4\framework\system\Model.php(239): CodeIgniter\Database\BaseBuilder->insert()
#5 C:\xampp\htdocs\WEB-app\vendor\codeigniter4\framework\system\BaseModel.php(738): CodeIgniter\Model->doInsert(Array)
#6 C:\xampp\htdocs\WEB-app\vendor\codeigniter4\framework\system\Model.php(625): CodeIgniter\BaseModel->insert(Array, true)
#7 C:\xampp\htdocs\WEB-app\app\Controllers\TransferOut.php(76): CodeIgniter\Model->insert(Array)
#8 C:\xampp\htdocs\WEB-app\vendor\codeigniter4\framework\system\CodeIgniter.php(832): App\Controllers\TransferOut->simpandata()
#9 C:\xampp\htdocs\WEB-app\vendor\codeigniter4\framework\system\CodeIgniter.php(419): CodeIgniter\CodeIgniter->runController(Object(App\Controllers\TransferOut))
#10 C:\xampp\htdocs\WEB-app\vendor\codeigniter4\framework\system\CodeIgniter.php(326): CodeIgniter\CodeIgniter->handleRequest(NULL, Object(Config\Cache), false)
#11 C:\xampp\htdocs\WEB-app\public\index.php(37): CodeIgniter\CodeIgniter->run()
#12 C:\xampp\htdocs\WEB-app\vendor\codeigniter4\framework\system\Commands\Server\rewrite.php(43): require_once('C:\\xampp\\htdocs...')
#13 {main}
CRITICAL - 2022-04-26 16:24:31 --> Undefined variable $tampilstok
#0 C:\xampp\htdocs\WEB-app\app\Views\admin-super\pameran\viewspameran.php(54): CodeIgniter\Debug\Exceptions->errorHandler(2, 'Undefined varia...', 'C:\\xampp\\htdocs...', 54)
#1 C:\xampp\htdocs\WEB-app\vendor\codeigniter4\framework\system\View\View.php(210): include('C:\\xampp\\htdocs...')
#2 C:\xampp\htdocs\WEB-app\vendor\codeigniter4\framework\system\View\View.php(213): CodeIgniter\View\View->CodeIgniter\View\{closure}()
#3 C:\xampp\htdocs\WEB-app\vendor\codeigniter4\framework\system\Common.php(1089): CodeIgniter\View\View->render('admin-super/pam...', Array, true)
#4 C:\xampp\htdocs\WEB-app\app\Controllers\ShowRoom.php(30): view('admin-super/pam...')
#5 C:\xampp\htdocs\WEB-app\vendor\codeigniter4\framework\system\CodeIgniter.php(832): App\Controllers\ShowRoom->pameran()
#6 C:\xampp\htdocs\WEB-app\vendor\codeigniter4\framework\system\CodeIgniter.php(419): CodeIgniter\CodeIgniter->runController(Object(App\Controllers\ShowRoom))
#7 C:\xampp\htdocs\WEB-app\vendor\codeigniter4\framework\system\CodeIgniter.php(326): CodeIgniter\CodeIgniter->handleRequest(NULL, Object(Config\Cache), false)
#8 C:\xampp\htdocs\WEB-app\public\index.php(37): CodeIgniter\CodeIgniter->run()
#9 C:\xampp\htdocs\WEB-app\vendor\codeigniter4\framework\system\Commands\Server\rewrite.php(43): require_once('C:\\xampp\\htdocs...')
#10 {main}
CRITICAL - 2022-04-26 16:30:28 --> Undefined array key "dibuatroleh"
#0 C:\xampp\htdocs\WEB-app\app\Views\admin-super\pameran\viewspameran.php(68): CodeIgniter\Debug\Exceptions->errorHandler(2, 'Undefined array...', 'C:\\xampp\\htdocs...', 68)
#1 C:\xampp\htdocs\WEB-app\vendor\codeigniter4\framework\system\View\View.php(210): include('C:\\xampp\\htdocs...')
#2 C:\xampp\htdocs\WEB-app\vendor\codeigniter4\framework\system\View\View.php(213): CodeIgniter\View\View->CodeIgniter\View\{closure}()
#3 C:\xampp\htdocs\WEB-app\vendor\codeigniter4\framework\system\Common.php(1089): CodeIgniter\View\View->render('admin-super/pam...', Array, true)
#4 C:\xampp\htdocs\WEB-app\app\Controllers\ShowRoom.php(33): view('admin-super/pam...', Array)
#5 C:\xampp\htdocs\WEB-app\vendor\codeigniter4\framework\system\CodeIgniter.php(832): App\Controllers\ShowRoom->pameran()
#6 C:\xampp\htdocs\WEB-app\vendor\codeigniter4\framework\system\CodeIgniter.php(419): CodeIgniter\CodeIgniter->runController(Object(App\Controllers\ShowRoom))
#7 C:\xampp\htdocs\WEB-app\vendor\codeigniter4\framework\system\CodeIgniter.php(326): CodeIgniter\CodeIgniter->handleRequest(NULL, Object(Config\Cache), false)
#8 C:\xampp\htdocs\WEB-app\public\index.php(37): CodeIgniter\CodeIgniter->run()
#9 C:\xampp\htdocs\WEB-app\vendor\codeigniter4\framework\system\Commands\Server\rewrite.php(43): require_once('C:\\xampp\\htdocs...')
#10 {main}
CRITICAL - 2022-04-26 17:00:38 --> Undefined property: App\Controllers\Transfer::$dataStok
#0 C:\xampp\htdocs\WEB-app\app\Controllers\Transfer.php(24): CodeIgniter\Debug\Exceptions->errorHandler(2, 'Undefined prope...', 'C:\\xampp\\htdocs...', 24)
#1 C:\xampp\htdocs\WEB-app\vendor\codeigniter4\framework\system\CodeIgniter.php(832): App\Controllers\Transfer->formtambah()
#2 C:\xampp\htdocs\WEB-app\vendor\codeigniter4\framework\system\CodeIgniter.php(419): CodeIgniter\CodeIgniter->runController(Object(App\Controllers\Transfer))
#3 C:\xampp\htdocs\WEB-app\vendor\codeigniter4\framework\system\CodeIgniter.php(326): CodeIgniter\CodeIgniter->handleRequest(NULL, Object(Config\Cache), false)
#4 C:\xampp\htdocs\WEB-app\public\index.php(37): CodeIgniter\CodeIgniter->run()
#5 C:\xampp\htdocs\WEB-app\vendor\codeigniter4\framework\system\Commands\Server\rewrite.php(43): require_once('C:\\xampp\\htdocs...')
#6 {main}
CRITICAL - 2022-04-26 17:01:56 --> Undefined array key "jenisstok"
#0 C:\xampp\htdocs\WEB-app\app\Views\admin-super\transfer\formtambah.php(31): CodeIgniter\Debug\Exceptions->errorHandler(2, 'Undefined array...', 'C:\\xampp\\htdocs...', 31)
#1 C:\xampp\htdocs\WEB-app\vendor\codeigniter4\framework\system\View\View.php(210): include('C:\\xampp\\htdocs...')
#2 C:\xampp\htdocs\WEB-app\vendor\codeigniter4\framework\system\View\View.php(213): CodeIgniter\View\View->CodeIgniter\View\{closure}()
#3 C:\xampp\htdocs\WEB-app\vendor\codeigniter4\framework\system\Common.php(1089): CodeIgniter\View\View->render('admin-super/tra...', Array, true)
#4 C:\xampp\htdocs\WEB-app\app\Controllers\Transfer.php(26): view('admin-super/tra...', Array)
#5 C:\xampp\htdocs\WEB-app\vendor\codeigniter4\framework\system\CodeIgniter.php(832): App\Controllers\Transfer->formtambah()
#6 C:\xampp\htdocs\WEB-app\vendor\codeigniter4\framework\system\CodeIgniter.php(419): CodeIgniter\CodeIgniter->runController(Object(App\Controllers\Transfer))
#7 C:\xampp\htdocs\WEB-app\vendor\codeigniter4\framework\system\CodeIgniter.php(326): CodeIgniter\CodeIgniter->handleRequest(NULL, Object(Config\Cache), false)
#8 C:\xampp\htdocs\WEB-app\public\index.php(37): CodeIgniter\CodeIgniter->run()
#9 C:\xampp\htdocs\WEB-app\vendor\codeigniter4\framework\system\Commands\Server\rewrite.php(43): require_once('C:\\xampp\\htdocs...')
#10 {main}
CRITICAL - 2022-04-26 17:06:48 --> Undefined property: App\Controllers\Transfer::$transferOut
#0 C:\xampp\htdocs\WEB-app\app\Controllers\Transfer.php(62): CodeIgniter\Debug\Exceptions->errorHandler(2, 'Undefined prope...', 'C:\\xampp\\htdocs...', 62)
#1 C:\xampp\htdocs\WEB-app\vendor\codeigniter4\framework\system\CodeIgniter.php(832): App\Controllers\Transfer->simpandata()
#2 C:\xampp\htdocs\WEB-app\vendor\codeigniter4\framework\system\CodeIgniter.php(419): CodeIgniter\CodeIgniter->runController(Object(App\Controllers\Transfer))
#3 C:\xampp\htdocs\WEB-app\vendor\codeigniter4\framework\system\CodeIgniter.php(326): CodeIgniter\CodeIgniter->handleRequest(NULL, Object(Config\Cache), false)
#4 C:\xampp\htdocs\WEB-app\public\index.php(37): CodeIgniter\CodeIgniter->run()
#5 C:\xampp\htdocs\WEB-app\vendor\codeigniter4\framework\system\Commands\Server\rewrite.php(43): require_once('C:\\xampp\\htdocs...')
#6 {main}
CRITICAL - 2022-04-26 17:07:01 --> Undefined property: App\Controllers\Transfer::$historyStok
#0 C:\xampp\htdocs\WEB-app\app\Controllers\Transfer.php(75): CodeIgniter\Debug\Exceptions->errorHandler(2, 'Undefined prope...', 'C:\\xampp\\htdocs...', 75)
#1 C:\xampp\htdocs\WEB-app\vendor\codeigniter4\framework\system\CodeIgniter.php(832): App\Controllers\Transfer->simpandata()
#2 C:\xampp\htdocs\WEB-app\vendor\codeigniter4\framework\system\CodeIgniter.php(419): CodeIgniter\CodeIgniter->runController(Object(App\Controllers\Transfer))
#3 C:\xampp\htdocs\WEB-app\vendor\codeigniter4\framework\system\CodeIgniter.php(326): CodeIgniter\CodeIgniter->handleRequest(NULL, Object(Config\Cache), false)
#4 C:\xampp\htdocs\WEB-app\public\index.php(37): CodeIgniter\CodeIgniter->run()
#5 C:\xampp\htdocs\WEB-app\vendor\codeigniter4\framework\system\Commands\Server\rewrite.php(43): require_once('C:\\xampp\\htdocs...')
#6 {main}
ERROR - 2022-04-26 17:07:53 --> Duplicate entry 'TRF12455342122' for key 'PRIMARY'
CRITICAL - 2022-04-26 17:07:53 --> Duplicate entry 'TRF12455342122' for key 'PRIMARY'
#0 C:\xampp\htdocs\WEB-app\vendor\codeigniter4\framework\system\Database\MySQLi\Connection.php(292): mysqli->query('INSERT INTO `tb...', 0)
#1 C:\xampp\htdocs\WEB-app\vendor\codeigniter4\framework\system\Database\BaseConnection.php(670): CodeIgniter\Database\MySQLi\Connection->execute('INSERT INTO `tb...')
#2 C:\xampp\htdocs\WEB-app\vendor\codeigniter4\framework\system\Database\BaseConnection.php(598): CodeIgniter\Database\BaseConnection->simpleQuery('INSERT INTO `tb...')
#3 C:\xampp\htdocs\WEB-app\vendor\codeigniter4\framework\system\Database\BaseBuilder.php(1771): CodeIgniter\Database\BaseConnection->query('INSERT INTO `tb...', Array, false)
#4 C:\xampp\htdocs\WEB-app\vendor\codeigniter4\framework\system\Model.php(239): CodeIgniter\Database\BaseBuilder->insert()
#5 C:\xampp\htdocs\WEB-app\vendor\codeigniter4\framework\system\BaseModel.php(738): CodeIgniter\Model->doInsert(Array)
#6 C:\xampp\htdocs\WEB-app\vendor\codeigniter4\framework\system\Model.php(625): CodeIgniter\BaseModel->insert(Array, true)
#7 C:\xampp\htdocs\WEB-app\app\Controllers\Transfer.php(74): CodeIgniter\Model->insert(Array)
#8 C:\xampp\htdocs\WEB-app\vendor\codeigniter4\framework\system\CodeIgniter.php(832): App\Controllers\Transfer->simpandata()
#9 C:\xampp\htdocs\WEB-app\vendor\codeigniter4\framework\system\CodeIgniter.php(419): CodeIgniter\CodeIgniter->runController(Object(App\Controllers\Transfer))
#10 C:\xampp\htdocs\WEB-app\vendor\codeigniter4\framework\system\CodeIgniter.php(326): CodeIgniter\CodeIgniter->handleRequest(NULL, Object(Config\Cache), false)
#11 C:\xampp\htdocs\WEB-app\public\index.php(37): CodeIgniter\CodeIgniter->run()
#12 C:\xampp\htdocs\WEB-app\vendor\codeigniter4\framework\system\Commands\Server\rewrite.php(43): require_once('C:\\xampp\\htdocs...')
#13 {main}
ERROR - 2022-04-26 17:08:47 --> Duplicate entry 'TRF12455342122' for key 'PRIMARY'
CRITICAL - 2022-04-26 17:08:47 --> Duplicate entry 'TRF12455342122' for key 'PRIMARY'
#0 C:\xampp\htdocs\WEB-app\vendor\codeigniter4\framework\system\Database\MySQLi\Connection.php(292): mysqli->query('INSERT INTO `tb...', 0)
#1 C:\xampp\htdocs\WEB-app\vendor\codeigniter4\framework\system\Database\BaseConnection.php(670): CodeIgniter\Database\MySQLi\Connection->execute('INSERT INTO `tb...')
#2 C:\xampp\htdocs\WEB-app\vendor\codeigniter4\framework\system\Database\BaseConnection.php(598): CodeIgniter\Database\BaseConnection->simpleQuery('INSERT INTO `tb...')
#3 C:\xampp\htdocs\WEB-app\vendor\codeigniter4\framework\system\Database\BaseBuilder.php(1771): CodeIgniter\Database\BaseConnection->query('INSERT INTO `tb...', Array, false)
#4 C:\xampp\htdocs\WEB-app\vendor\codeigniter4\framework\system\Model.php(239): CodeIgniter\Database\BaseBuilder->insert()
#5 C:\xampp\htdocs\WEB-app\vendor\codeigniter4\framework\system\BaseModel.php(738): CodeIgniter\Model->doInsert(Array)
#6 C:\xampp\htdocs\WEB-app\vendor\codeigniter4\framework\system\Model.php(625): CodeIgniter\BaseModel->insert(Array, true)
#7 C:\xampp\htdocs\WEB-app\app\Controllers\Transfer.php(74): CodeIgniter\Model->insert(Array)
#8 C:\xampp\htdocs\WEB-app\vendor\codeigniter4\framework\system\CodeIgniter.php(832): App\Controllers\Transfer->simpandata()
#9 C:\xampp\htdocs\WEB-app\vendor\codeigniter4\framework\system\CodeIgniter.php(419): CodeIgniter\CodeIgniter->runController(Object(App\Controllers\Transfer))
#10 C:\xampp\htdocs\WEB-app\vendor\codeigniter4\framework\system\CodeIgniter.php(326): CodeIgniter\CodeIgniter->handleRequest(NULL, Object(Config\Cache), false)
#11 C:\xampp\htdocs\WEB-app\public\index.php(37): CodeIgniter\CodeIgniter->run()
#12 C:\xampp\htdocs\WEB-app\vendor\codeigniter4\framework\system\Commands\Server\rewrite.php(43): require_once('C:\\xampp\\htdocs...')
#13 {main}
CRITICAL - 2022-04-26 17:27:47 --> Undefined array key "cabang"
#0 C:\xampp\htdocs\WEB-app\app\Views\admin-super\pameran\viewspameran.php(63): CodeIgniter\Debug\Exceptions->errorHandler(2, 'Undefined array...', 'C:\\xampp\\htdocs...', 63)
#1 C:\xampp\htdocs\WEB-app\vendor\codeigniter4\framework\system\View\View.php(210): include('C:\\xampp\\htdocs...')
#2 C:\xampp\htdocs\WEB-app\vendor\codeigniter4\framework\system\View\View.php(213): CodeIgniter\View\View->CodeIgniter\View\{closure}()
#3 C:\xampp\htdocs\WEB-app\vendor\codeigniter4\framework\system\Common.php(1089): CodeIgniter\View\View->render('admin-super/pam...', Array, true)
#4 C:\xampp\htdocs\WEB-app\app\Controllers\Pameran.php(23): view('admin-super/pam...', Array)
#5 C:\xampp\htdocs\WEB-app\vendor\codeigniter4\framework\system\CodeIgniter.php(832): App\Controllers\Pameran->index()
#6 C:\xampp\htdocs\WEB-app\vendor\codeigniter4\framework\system\CodeIgniter.php(419): CodeIgniter\CodeIgniter->runController(Object(App\Controllers\Pameran))
#7 C:\xampp\htdocs\WEB-app\vendor\codeigniter4\framework\system\CodeIgniter.php(326): CodeIgniter\CodeIgniter->handleRequest(NULL, Object(Config\Cache), false)
#8 C:\xampp\htdocs\WEB-app\public\index.php(37): CodeIgniter\CodeIgniter->run()
#9 C:\xampp\htdocs\WEB-app\vendor\codeigniter4\framework\system\Commands\Server\rewrite.php(43): require_once('C:\\xampp\\htdocs...')
#10 {main}
CRITICAL - 2022-04-26 17:29:36 --> Call to undefined method App\Models\ModelPameran::tampildata
#0 C:\xampp\htdocs\WEB-app\app\Controllers\Pameran.php(23): CodeIgniter\Model->__call('tampildata', Array)
#1 C:\xampp\htdocs\WEB-app\vendor\codeigniter4\framework\system\CodeIgniter.php(832): App\Controllers\Pameran->index()
#2 C:\xampp\htdocs\WEB-app\vendor\codeigniter4\framework\system\CodeIgniter.php(419): CodeIgniter\CodeIgniter->runController(Object(App\Controllers\Pameran))
#3 C:\xampp\htdocs\WEB-app\vendor\codeigniter4\framework\system\CodeIgniter.php(326): CodeIgniter\CodeIgniter->handleRequest(NULL, Object(Config\Cache), false)
#4 C:\xampp\htdocs\WEB-app\public\index.php(37): CodeIgniter\CodeIgniter->run()
#5 C:\xampp\htdocs\WEB-app\vendor\codeigniter4\framework\system\Commands\Server\rewrite.php(43): require_once('C:\\xampp\\htdocs...')
#6 {main}
ERROR - 2022-04-26 17:30:24 --> Unknown column 'tbldatatransfer.kodestok' in 'on clause'
CRITICAL - 2022-04-26 17:30:24 --> Unknown column 'tbldatatransfer.kodestok' in 'on clause'
#0 C:\xampp\htdocs\WEB-app\vendor\codeigniter4\framework\system\Database\MySQLi\Connection.php(292): mysqli->query('SELECT *\nFROM `...', 0)
#1 C:\xampp\htdocs\WEB-app\vendor\codeigniter4\framework\system\Database\BaseConnection.php(670): CodeIgniter\Database\MySQLi\Connection->execute('SELECT *\nFROM `...')
#2 C:\xampp\htdocs\WEB-app\vendor\codeigniter4\framework\system\Database\BaseConnection.php(598): CodeIgniter\Database\BaseConnection->simpleQuery('SELECT *\nFROM `...')
#3 C:\xampp\htdocs\WEB-app\vendor\codeigniter4\framework\system\Database\BaseBuilder.php(1455): CodeIgniter\Database\BaseConnection->query('SELECT *\nFROM `...', Array, false)
#4 C:\xampp\htdocs\WEB-app\vendor\codeigniter4\framework\system\Model.php(728): CodeIgniter\Database\BaseBuilder->get()
#5 C:\xampp\htdocs\WEB-app\app\Models\ModelPameran.php(30): CodeIgniter\Model->__call('get', Array)
#6 C:\xampp\htdocs\WEB-app\app\Controllers\Pameran.php(23): App\Models\ModelPameran->tampildata()
#7 C:\xampp\htdocs\WEB-app\vendor\codeigniter4\framework\system\CodeIgniter.php(832): App\Controllers\Pameran->index()
#8 C:\xampp\htdocs\WEB-app\vendor\codeigniter4\framework\system\CodeIgniter.php(419): CodeIgniter\CodeIgniter->runController(Object(App\Controllers\Pameran))
#9 C:\xampp\htdocs\WEB-app\vendor\codeigniter4\framework\system\CodeIgniter.php(326): CodeIgniter\CodeIgniter->handleRequest(NULL, Object(Config\Cache), false)
#10 C:\xampp\htdocs\WEB-app\public\index.php(37): CodeIgniter\CodeIgniter->run()
#11 C:\xampp\htdocs\WEB-app\vendor\codeigniter4\framework\system\Commands\Server\rewrite.php(43): require_once('C:\\xampp\\htdocs...')
#12 {main}
CRITICAL - 2022-04-26 17:30:51 --> Undefined array key "statustransfer"
#0 C:\xampp\htdocs\WEB-app\app\Views\admin-super\pameran\viewspameran.php(61): CodeIgniter\Debug\Exceptions->errorHandler(2, 'Undefined array...', 'C:\\xampp\\htdocs...', 61)
#1 C:\xampp\htdocs\WEB-app\vendor\codeigniter4\framework\system\View\View.php(210): include('C:\\xampp\\htdocs...')
#2 C:\xampp\htdocs\WEB-app\vendor\codeigniter4\framework\system\View\View.php(213): CodeIgniter\View\View->CodeIgniter\View\{closure}()
#3 C:\xampp\htdocs\WEB-app\vendor\codeigniter4\framework\system\Common.php(1089): CodeIgniter\View\View->render('admin-super/pam...', Array, true)
#4 C:\xampp\htdocs\WEB-app\app\Controllers\Pameran.php(25): view('admin-super/pam...', Array)
#5 C:\xampp\htdocs\WEB-app\vendor\codeigniter4\framework\system\CodeIgniter.php(832): App\Controllers\Pameran->index()
#6 C:\xampp\htdocs\WEB-app\vendor\codeigniter4\framework\system\CodeIgniter.php(419): CodeIgniter\CodeIgniter->runController(Object(App\Controllers\Pameran))
#7 C:\xampp\htdocs\WEB-app\vendor\codeigniter4\framework\system\CodeIgniter.php(326): CodeIgniter\CodeIgniter->handleRequest(NULL, Object(Config\Cache), false)
#8 C:\xampp\htdocs\WEB-app\public\index.php(37): CodeIgniter\CodeIgniter->run()
#9 C:\xampp\htdocs\WEB-app\vendor\codeigniter4\framework\system\Commands\Server\rewrite.php(43): require_once('C:\\xampp\\htdocs...')
#10 {main}
CRITICAL - 2022-04-26 17:31:53 --> Undefined array key "diterimaoleh"
#0 C:\xampp\htdocs\WEB-app\app\Views\admin-super\pameran\viewspameran.php(65): CodeIgniter\Debug\Exceptions->errorHandler(2, 'Undefined array...', 'C:\\xampp\\htdocs...', 65)
#1 C:\xampp\htdocs\WEB-app\vendor\codeigniter4\framework\system\View\View.php(210): include('C:\\xampp\\htdocs...')
#2 C:\xampp\htdocs\WEB-app\vendor\codeigniter4\framework\system\View\View.php(213): CodeIgniter\View\View->CodeIgniter\View\{closure}()
#3 C:\xampp\htdocs\WEB-app\vendor\codeigniter4\framework\system\Common.php(1089): CodeIgniter\View\View->render('admin-super/pam...', Array, true)
#4 C:\xampp\htdocs\WEB-app\app\Controllers\Pameran.php(25): view('admin-super/pam...', Array)
#5 C:\xampp\htdocs\WEB-app\vendor\codeigniter4\framework\system\CodeIgniter.php(832): App\Controllers\Pameran->index()
#6 C:\xampp\htdocs\WEB-app\vendor\codeigniter4\framework\system\CodeIgniter.php(419): CodeIgniter\CodeIgniter->runController(Object(App\Controllers\Pameran))
#7 C:\xampp\htdocs\WEB-app\vendor\codeigniter4\framework\system\CodeIgniter.php(326): CodeIgniter\CodeIgniter->handleRequest(NULL, Object(Config\Cache), false)
#8 C:\xampp\htdocs\WEB-app\public\index.php(37): CodeIgniter\CodeIgniter->run()
#9 C:\xampp\htdocs\WEB-app\vendor\codeigniter4\framework\system\Commands\Server\rewrite.php(43): require_once('C:\\xampp\\htdocs...')
#10 {main}
CRITICAL - 2022-04-26 17:32:07 --> Undefined array key "jenisstok"
#0 C:\xampp\htdocs\WEB-app\app\Views\admin-super\pameran\viewspameran.php(67): CodeIgniter\Debug\Exceptions->errorHandler(2, 'Undefined array...', 'C:\\xampp\\htdocs...', 67)
#1 C:\xampp\htdocs\WEB-app\vendor\codeigniter4\framework\system\View\View.php(210): include('C:\\xampp\\htdocs...')
#2 C:\xampp\htdocs\WEB-app\vendor\codeigniter4\framework\system\View\View.php(213): CodeIgniter\View\View->CodeIgniter\View\{closure}()
#3 C:\xampp\htdocs\WEB-app\vendor\codeigniter4\framework\system\Common.php(1089): CodeIgniter\View\View->render('admin-super/pam...', Array, true)
#4 C:\xampp\htdocs\WEB-app\app\Controllers\Pameran.php(25): view('admin-super/pam...', Array)
#5 C:\xampp\htdocs\WEB-app\vendor\codeigniter4\framework\system\CodeIgniter.php(832): App\Controllers\Pameran->index()
#6 C:\xampp\htdocs\WEB-app\vendor\codeigniter4\framework\system\CodeIgniter.php(419): CodeIgniter\CodeIgniter->runController(Object(App\Controllers\Pameran))
#7 C:\xampp\htdocs\WEB-app\vendor\codeigniter4\framework\system\CodeIgniter.php(326): CodeIgniter\CodeIgniter->handleRequest(NULL, Object(Config\Cache), false)
#8 C:\xampp\htdocs\WEB-app\public\index.php(37): CodeIgniter\CodeIgniter->run()
#9 C:\xampp\htdocs\WEB-app\vendor\codeigniter4\framework\system\Commands\Server\rewrite.php(43): require_once('C:\\xampp\\htdocs...')
#10 {main}
ERROR - 2022-04-26 17:32:44 --> Unknown column 'tbldatatransfer.kodestok' in 'on clause'
CRITICAL - 2022-04-26 17:32:44 --> Unknown column 'tbldatatransfer.kodestok' in 'on clause'
#0 C:\xampp\htdocs\WEB-app\vendor\codeigniter4\framework\system\Database\MySQLi\Connection.php(292): mysqli->query('SELECT *\nFROM `...', 0)
#1 C:\xampp\htdocs\WEB-app\vendor\codeigniter4\framework\system\Database\BaseConnection.php(670): CodeIgniter\Database\MySQLi\Connection->execute('SELECT *\nFROM `...')
#2 C:\xampp\htdocs\WEB-app\vendor\codeigniter4\framework\system\Database\BaseConnection.php(598): CodeIgniter\Database\BaseConnection->simpleQuery('SELECT *\nFROM `...')
#3 C:\xampp\htdocs\WEB-app\vendor\codeigniter4\framework\system\Database\BaseBuilder.php(1455): CodeIgniter\Database\BaseConnection->query('SELECT *\nFROM `...', Array, false)
#4 C:\xampp\htdocs\WEB-app\vendor\codeigniter4\framework\system\Model.php(728): CodeIgniter\Database\BaseBuilder->get()
#5 C:\xampp\htdocs\WEB-app\app\Models\ModelPameran.php(29): CodeIgniter\Model->__call('get', Array)
#6 C:\xampp\htdocs\WEB-app\app\Controllers\Pameran.php(23): App\Models\ModelPameran->tampildata()
#7 C:\xampp\htdocs\WEB-app\vendor\codeigniter4\framework\system\CodeIgniter.php(832): App\Controllers\Pameran->index()
#8 C:\xampp\htdocs\WEB-app\vendor\codeigniter4\framework\system\CodeIgniter.php(419): CodeIgniter\CodeIgniter->runController(Object(App\Controllers\Pameran))
#9 C:\xampp\htdocs\WEB-app\vendor\codeigniter4\framework\system\CodeIgniter.php(326): CodeIgniter\CodeIgniter->handleRequest(NULL, Object(Config\Cache), false)
#10 C:\xampp\htdocs\WEB-app\public\index.php(37): CodeIgniter\CodeIgniter->run()
#11 C:\xampp\htdocs\WEB-app\vendor\codeigniter4\framework\system\Commands\Server\rewrite.php(43): require_once('C:\\xampp\\htdocs...')
#12 {main}
CRITICAL - 2022-04-26 17:33:17 --> Undefined array key "norangka"
#0 C:\xampp\htdocs\WEB-app\app\Views\admin-super\pameran\viewspameran.php(68): CodeIgniter\Debug\Exceptions->errorHandler(2, 'Undefined array...', 'C:\\xampp\\htdocs...', 68)
#1 C:\xampp\htdocs\WEB-app\vendor\codeigniter4\framework\system\View\View.php(210): include('C:\\xampp\\htdocs...')
#2 C:\xampp\htdocs\WEB-app\vendor\codeigniter4\framework\system\View\View.php(213): CodeIgniter\View\View->CodeIgniter\View\{closure}()
#3 C:\xampp\htdocs\WEB-app\vendor\codeigniter4\framework\system\Common.php(1089): CodeIgniter\View\View->render('admin-super/pam...', Array, true)
#4 C:\xampp\htdocs\WEB-app\app\Controllers\Pameran.php(25): view('admin-super/pam...', Array)
#5 C:\xampp\htdocs\WEB-app\vendor\codeigniter4\framework\system\CodeIgniter.php(832): App\Controllers\Pameran->index()
#6 C:\xampp\htdocs\WEB-app\vendor\codeigniter4\framework\system\CodeIgniter.php(419): CodeIgniter\CodeIgniter->runController(Object(App\Controllers\Pameran))
#7 C:\xampp\htdocs\WEB-app\vendor\codeigniter4\framework\system\CodeIgniter.php(326): CodeIgniter\CodeIgniter->handleRequest(NULL, Object(Config\Cache), false)
#8 C:\xampp\htdocs\WEB-app\public\index.php(37): CodeIgniter\CodeIgniter->run()
#9 C:\xampp\htdocs\WEB-app\vendor\codeigniter4\framework\system\Commands\Server\rewrite.php(43): require_once('C:\\xampp\\htdocs...')
#10 {main}
CRITICAL - 2022-04-26 17:40:48 --> Undefined array key "jenisstok"
#0 C:\xampp\htdocs\WEB-app\app\Views\admin-super\pameran\formtambah.php(31): CodeIgniter\Debug\Exceptions->errorHandler(2, 'Undefined array...', 'C:\\xampp\\htdocs...', 31)
#1 C:\xampp\htdocs\WEB-app\vendor\codeigniter4\framework\system\View\View.php(210): include('C:\\xampp\\htdocs...')
#2 C:\xampp\htdocs\WEB-app\vendor\codeigniter4\framework\system\View\View.php(213): CodeIgniter\View\View->CodeIgniter\View\{closure}()
#3 C:\xampp\htdocs\WEB-app\vendor\codeigniter4\framework\system\Common.php(1089): CodeIgniter\View\View->render('admin-super/pam...', Array, true)
#4 C:\xampp\htdocs\WEB-app\app\Controllers\Pameran.php(32): view('admin-super/pam...', Array)
#5 C:\xampp\htdocs\WEB-app\vendor\codeigniter4\framework\system\CodeIgniter.php(832): App\Controllers\Pameran->formtambah()
#6 C:\xampp\htdocs\WEB-app\vendor\codeigniter4\framework\system\CodeIgniter.php(419): CodeIgniter\CodeIgniter->runController(Object(App\Controllers\Pameran))
#7 C:\xampp\htdocs\WEB-app\vendor\codeigniter4\framework\system\CodeIgniter.php(326): CodeIgniter\CodeIgniter->handleRequest(NULL, Object(Config\Cache), false)
#8 C:\xampp\htdocs\WEB-app\public\index.php(37): CodeIgniter\CodeIgniter->run()
#9 C:\xampp\htdocs\WEB-app\vendor\codeigniter4\framework\system\Commands\Server\rewrite.php(43): require_once('C:\\xampp\\htdocs...')
#10 {main}
CRITICAL - 2022-04-26 17:41:10 --> Undefined array key "jenisstok"
#0 C:\xampp\htdocs\WEB-app\app\Views\admin-super\pameran\formtambah.php(31): CodeIgniter\Debug\Exceptions->errorHandler(2, 'Undefined array...', 'C:\\xampp\\htdocs...', 31)
#1 C:\xampp\htdocs\WEB-app\vendor\codeigniter4\framework\system\View\View.php(210): include('C:\\xampp\\htdocs...')
#2 C:\xampp\htdocs\WEB-app\vendor\codeigniter4\framework\system\View\View.php(213): CodeIgniter\View\View->CodeIgniter\View\{closure}()
#3 C:\xampp\htdocs\WEB-app\vendor\codeigniter4\framework\system\Common.php(1089): CodeIgniter\View\View->render('admin-super/pam...', Array, true)
#4 C:\xampp\htdocs\WEB-app\app\Controllers\Pameran.php(32): view('admin-super/pam...', Array)
#5 C:\xampp\htdocs\WEB-app\vendor\codeigniter4\framework\system\CodeIgniter.php(832): App\Controllers\Pameran->formtambah()
#6 C:\xampp\htdocs\WEB-app\vendor\codeigniter4\framework\system\CodeIgniter.php(419): CodeIgniter\CodeIgniter->runController(Object(App\Controllers\Pameran))
#7 C:\xampp\htdocs\WEB-app\vendor\codeigniter4\framework\system\CodeIgniter.php(326): CodeIgniter\CodeIgniter->handleRequest(NULL, Object(Config\Cache), false)
#8 C:\xampp\htdocs\WEB-app\public\index.php(37): CodeIgniter\CodeIgniter->run()
#9 C:\xampp\htdocs\WEB-app\vendor\codeigniter4\framework\system\Commands\Server\rewrite.php(43): require_once('C:\\xampp\\htdocs...')
#10 {main}
CRITICAL - 2022-04-26 17:45:13 --> Undefined variable $tampilcabang
#0 C:\xampp\htdocs\WEB-app\app\Views\admin-super\pameran\formtambah.php(30): CodeIgniter\Debug\Exceptions->errorHandler(2, 'Undefined varia...', 'C:\\xampp\\htdocs...', 30)
#1 C:\xampp\htdocs\WEB-app\vendor\codeigniter4\framework\system\View\View.php(210): include('C:\\xampp\\htdocs...')
#2 C:\xampp\htdocs\WEB-app\vendor\codeigniter4\framework\system\View\View.php(213): CodeIgniter\View\View->CodeIgniter\View\{closure}()
#3 C:\xampp\htdocs\WEB-app\vendor\codeigniter4\framework\system\Common.php(1089): CodeIgniter\View\View->render('admin-super/pam...', Array, true)
#4 C:\xampp\htdocs\WEB-app\app\Controllers\Pameran.php(32): view('admin-super/pam...', Array)
#5 C:\xampp\htdocs\WEB-app\vendor\codeigniter4\framework\system\CodeIgniter.php(832): App\Controllers\Pameran->formtambah()
#6 C:\xampp\htdocs\WEB-app\vendor\codeigniter4\framework\system\CodeIgniter.php(419): CodeIgniter\CodeIgniter->runController(Object(App\Controllers\Pameran))
#7 C:\xampp\htdocs\WEB-app\vendor\codeigniter4\framework\system\CodeIgniter.php(326): CodeIgniter\CodeIgniter->handleRequest(NULL, Object(Config\Cache), false)
#8 C:\xampp\htdocs\WEB-app\public\index.php(37): CodeIgniter\CodeIgniter->run()
#9 C:\xampp\htdocs\WEB-app\vendor\codeigniter4\framework\system\Commands\Server\rewrite.php(43): require_once('C:\\xampp\\htdocs...')
#10 {main}
CRITICAL - 2022-04-26 17:46:28 --> Undefined variable $stok
#0 C:\xampp\htdocs\WEB-app\app\Views\admin-super\pameran\formtambah.php(31): CodeIgniter\Debug\Exceptions->errorHandler(2, 'Undefined varia...', 'C:\\xampp\\htdocs...', 31)
#1 C:\xampp\htdocs\WEB-app\vendor\codeigniter4\framework\system\View\View.php(210): include('C:\\xampp\\htdocs...')
#2 C:\xampp\htdocs\WEB-app\vendor\codeigniter4\framework\system\View\View.php(213): CodeIgniter\View\View->CodeIgniter\View\{closure}()
#3 C:\xampp\htdocs\WEB-app\vendor\codeigniter4\framework\system\Common.php(1089): CodeIgniter\View\View->render('admin-super/pam...', Array, true)
#4 C:\xampp\htdocs\WEB-app\app\Controllers\Pameran.php(34): view('admin-super/pam...', Array)
#5 C:\xampp\htdocs\WEB-app\vendor\codeigniter4\framework\system\CodeIgniter.php(832): App\Controllers\Pameran->formtambah()
#6 C:\xampp\htdocs\WEB-app\vendor\codeigniter4\framework\system\CodeIgniter.php(419): CodeIgniter\CodeIgniter->runController(Object(App\Controllers\Pameran))
#7 C:\xampp\htdocs\WEB-app\vendor\codeigniter4\framework\system\CodeIgniter.php(326): CodeIgniter\CodeIgniter->handleRequest(NULL, Object(Config\Cache), false)
#8 C:\xampp\htdocs\WEB-app\public\index.php(37): CodeIgniter\CodeIgniter->run()
#9 C:\xampp\htdocs\WEB-app\vendor\codeigniter4\framework\system\Commands\Server\rewrite.php(43): require_once('C:\\xampp\\htdocs...')
#10 {main}
CRITICAL - 2022-04-26 17:48:18 --> Undefined variable $tampildata
#0 C:\xampp\htdocs\WEB-app\app\Views\admin-super\pameran\formtambah.php(38): CodeIgniter\Debug\Exceptions->errorHandler(2, 'Undefined varia...', 'C:\\xampp\\htdocs...', 38)
#1 C:\xampp\htdocs\WEB-app\vendor\codeigniter4\framework\system\View\View.php(210): include('C:\\xampp\\htdocs...')
#2 C:\xampp\htdocs\WEB-app\vendor\codeigniter4\framework\system\View\View.php(213): CodeIgniter\View\View->CodeIgniter\View\{closure}()
#3 C:\xampp\htdocs\WEB-app\vendor\codeigniter4\framework\system\Common.php(1089): CodeIgniter\View\View->render('admin-super/pam...', Array, true)
#4 C:\xampp\htdocs\WEB-app\app\Controllers\Pameran.php(34): view('admin-super/pam...', Array)
#5 C:\xampp\htdocs\WEB-app\vendor\codeigniter4\framework\system\CodeIgniter.php(832): App\Controllers\Pameran->formtambah()
#6 C:\xampp\htdocs\WEB-app\vendor\codeigniter4\framework\system\CodeIgniter.php(419): CodeIgniter\CodeIgniter->runController(Object(App\Controllers\Pameran))
#7 C:\xampp\htdocs\WEB-app\vendor\codeigniter4\framework\system\CodeIgniter.php(326): CodeIgniter\CodeIgniter->handleRequest(NULL, Object(Config\Cache), false)
#8 C:\xampp\htdocs\WEB-app\public\index.php(37): CodeIgniter\CodeIgniter->run()
#9 C:\xampp\htdocs\WEB-app\vendor\codeigniter4\framework\system\Commands\Server\rewrite.php(43): require_once('C:\\xampp\\htdocs...')
#10 {main}
ERROR - 2022-04-26 17:52:17 --> Unknown column 'tbldatatransfer.kodestok' in 'on clause'
CRITICAL - 2022-04-26 17:52:17 --> Unknown column 'tbldatatransfer.kodestok' in 'on clause'
#0 C:\xampp\htdocs\WEB-app\vendor\codeigniter4\framework\system\Database\MySQLi\Connection.php(292): mysqli->query('SELECT *\nFROM `...', 0)
#1 C:\xampp\htdocs\WEB-app\vendor\codeigniter4\framework\system\Database\BaseConnection.php(670): CodeIgniter\Database\MySQLi\Connection->execute('SELECT *\nFROM `...')
#2 C:\xampp\htdocs\WEB-app\vendor\codeigniter4\framework\system\Database\BaseConnection.php(598): CodeIgniter\Database\BaseConnection->simpleQuery('SELECT *\nFROM `...')
#3 C:\xampp\htdocs\WEB-app\vendor\codeigniter4\framework\system\Database\BaseBuilder.php(1455): CodeIgniter\Database\BaseConnection->query('SELECT *\nFROM `...', Array, false)
#4 C:\xampp\htdocs\WEB-app\vendor\codeigniter4\framework\system\Model.php(728): CodeIgniter\Database\BaseBuilder->get()
#5 C:\xampp\htdocs\WEB-app\app\Models\ModelPameran.php(35): CodeIgniter\Model->__call('get', Array)
#6 C:\xampp\htdocs\WEB-app\app\Controllers\Pameran.php(33): App\Models\ModelPameran->tampilTransfer()
#7 C:\xampp\htdocs\WEB-app\vendor\codeigniter4\framework\system\CodeIgniter.php(832): App\Controllers\Pameran->formtambah()
#8 C:\xampp\htdocs\WEB-app\vendor\codeigniter4\framework\system\CodeIgniter.php(419): CodeIgniter\CodeIgniter->runController(Object(App\Controllers\Pameran))
#9 C:\xampp\htdocs\WEB-app\vendor\codeigniter4\framework\system\CodeIgniter.php(326): CodeIgniter\CodeIgniter->handleRequest(NULL, Object(Config\Cache), false)
#10 C:\xampp\htdocs\WEB-app\public\index.php(37): CodeIgniter\CodeIgniter->run()
#11 C:\xampp\htdocs\WEB-app\vendor\codeigniter4\framework\system\Commands\Server\rewrite.php(43): require_once('C:\\xampp\\htdocs...')
#12 {main}
CRITICAL - 2022-04-26 17:53:27 --> Cannot use object of type mysqli as array
#0 C:\xampp\htdocs\WEB-app\vendor\codeigniter4\framework\system\View\View.php(210): include()
#1 C:\xampp\htdocs\WEB-app\vendor\codeigniter4\framework\system\View\View.php(213): CodeIgniter\View\View->CodeIgniter\View\{closure}()
#2 C:\xampp\htdocs\WEB-app\vendor\codeigniter4\framework\system\Common.php(1089): CodeIgniter\View\View->render('admin-super/pam...', Array, true)
#3 C:\xampp\htdocs\WEB-app\app\Controllers\Pameran.php(35): view('admin-super/pam...', Array)
#4 C:\xampp\htdocs\WEB-app\vendor\codeigniter4\framework\system\CodeIgniter.php(832): App\Controllers\Pameran->formtambah()
#5 C:\xampp\htdocs\WEB-app\vendor\codeigniter4\framework\system\CodeIgniter.php(419): CodeIgniter\CodeIgniter->runController(Object(App\Controllers\Pameran))
#6 C:\xampp\htdocs\WEB-app\vendor\codeigniter4\framework\system\CodeIgniter.php(326): CodeIgniter\CodeIgniter->handleRequest(NULL, Object(Config\Cache), false)
#7 C:\xampp\htdocs\WEB-app\public\index.php(37): CodeIgniter\CodeIgniter->run()
#8 C:\xampp\htdocs\WEB-app\vendor\codeigniter4\framework\system\Commands\Server\rewrite.php(43): require_once('C:\\xampp\\htdocs...')
#9 {main}
CRITICAL - 2022-04-26 17:53:35 --> Call to undefined method App\Models\ModelPameran::getResultArray
#0 C:\xampp\htdocs\WEB-app\app\Models\ModelPameran.php(35): CodeIgniter\Model->__call('getResultArray', Array)
#1 C:\xampp\htdocs\WEB-app\app\Controllers\Pameran.php(33): App\Models\ModelPameran->tampilTransfer()
#2 C:\xampp\htdocs\WEB-app\vendor\codeigniter4\framework\system\CodeIgniter.php(832): App\Controllers\Pameran->formtambah()
#3 C:\xampp\htdocs\WEB-app\vendor\codeigniter4\framework\system\CodeIgniter.php(419): CodeIgniter\CodeIgniter->runController(Object(App\Controllers\Pameran))
#4 C:\xampp\htdocs\WEB-app\vendor\codeigniter4\framework\system\CodeIgniter.php(326): CodeIgniter\CodeIgniter->handleRequest(NULL, Object(Config\Cache), false)
#5 C:\xampp\htdocs\WEB-app\public\index.php(37): CodeIgniter\CodeIgniter->run()
#6 C:\xampp\htdocs\WEB-app\vendor\codeigniter4\framework\system\Commands\Server\rewrite.php(43): require_once('C:\\xampp\\htdocs...')
#7 {main}
ERROR - 2022-04-26 18:01:41 --> Unknown column 'tbldatakendaraan.kodetipe' in 'on clause'
CRITICAL - 2022-04-26 18:01:41 --> Unknown column 'tbldatakendaraan.kodetipe' in 'on clause'
#0 C:\xampp\htdocs\WEB-app\vendor\codeigniter4\framework\system\Database\MySQLi\Connection.php(292): mysqli->query('SELECT `tbltipe...', 0)
#1 C:\xampp\htdocs\WEB-app\vendor\codeigniter4\framework\system\Database\BaseConnection.php(670): CodeIgniter\Database\MySQLi\Connection->execute('SELECT `tbltipe...')
#2 C:\xampp\htdocs\WEB-app\vendor\codeigniter4\framework\system\Database\BaseConnection.php(598): CodeIgniter\Database\BaseConnection->simpleQuery('SELECT `tbltipe...')
#3 C:\xampp\htdocs\WEB-app\vendor\codeigniter4\framework\system\Database\BaseBuilder.php(1455): CodeIgniter\Database\BaseConnection->query('SELECT `tbltipe...', Array, false)
#4 C:\xampp\htdocs\WEB-app\vendor\codeigniter4\framework\system\Model.php(183): CodeIgniter\Database\BaseBuilder->get()
#5 C:\xampp\htdocs\WEB-app\vendor\codeigniter4\framework\system\BaseModel.php(584): CodeIgniter\Model->doFindAll(0, 0)
#6 C:\xampp\htdocs\WEB-app\app\Models\ModelTransfer.php(60): CodeIgniter\BaseModel->findAll()
#7 C:\xampp\htdocs\WEB-app\app\Controllers\Pameran.php(33): App\Models\ModelTransfer->getTransfer()
#8 C:\xampp\htdocs\WEB-app\vendor\codeigniter4\framework\system\CodeIgniter.php(832): App\Controllers\Pameran->formtambah()
#9 C:\xampp\htdocs\WEB-app\vendor\codeigniter4\framework\system\CodeIgniter.php(419): CodeIgniter\CodeIgniter->runController(Object(App\Controllers\Pameran))
#10 C:\xampp\htdocs\WEB-app\vendor\codeigniter4\framework\system\CodeIgniter.php(326): CodeIgniter\CodeIgniter->handleRequest(NULL, Object(Config\Cache), false)
#11 C:\xampp\htdocs\WEB-app\public\index.php(37): CodeIgniter\CodeIgniter->run()
#12 C:\xampp\htdocs\WEB-app\vendor\codeigniter4\framework\system\Commands\Server\rewrite.php(43): require_once('C:\\xampp\\htdocs...')
#13 {main}
CRITICAL - 2022-04-26 18:22:52 --> Undefined variable $tampildata
#0 C:\xampp\htdocs\WEB-app\app\Views\admin-super\transfer\viewstransfer.php(55): CodeIgniter\Debug\Exceptions->errorHandler(2, 'Undefined varia...', 'C:\\xampp\\htdocs...', 55)
#1 C:\xampp\htdocs\WEB-app\vendor\codeigniter4\framework\system\View\View.php(210): include('C:\\xampp\\htdocs...')
#2 C:\xampp\htdocs\WEB-app\vendor\codeigniter4\framework\system\View\View.php(213): CodeIgniter\View\View->CodeIgniter\View\{closure}()
#3 C:\xampp\htdocs\WEB-app\vendor\codeigniter4\framework\system\Common.php(1089): CodeIgniter\View\View->render('admin-super/tra...', Array, true)
#4 C:\xampp\htdocs\WEB-app\app\Controllers\Transfer.php(23): view('admin-super/tra...', Array)
#5 C:\xampp\htdocs\WEB-app\vendor\codeigniter4\framework\system\CodeIgniter.php(832): App\Controllers\Transfer->index()
#6 C:\xampp\htdocs\WEB-app\vendor\codeigniter4\framework\system\CodeIgniter.php(419): CodeIgniter\CodeIgniter->runController(Object(App\Controllers\Transfer))
#7 C:\xampp\htdocs\WEB-app\vendor\codeigniter4\framework\system\CodeIgniter.php(326): CodeIgniter\CodeIgniter->handleRequest(NULL, Object(Config\Cache), false)
#8 C:\xampp\htdocs\WEB-app\public\index.php(37): CodeIgniter\CodeIgniter->run()
#9 C:\xampp\htdocs\WEB-app\vendor\codeigniter4\framework\system\Commands\Server\rewrite.php(43): require_once('C:\\xampp\\htdocs...')
#10 {main}
