CRITICAL - 2022-05-01 07:13:26 --> Undefined variable $btnpublish
#0 C:\xampp\htdocs\WEB-app\app\Views\admin\showroom\viewspameran.php(53): CodeIgniter\Debug\Exceptions->errorHandler(2, 'Undefined varia...', 'C:\\xampp\\htdocs...', 53)
#1 C:\xampp\htdocs\WEB-app\vendor\codeigniter4\framework\system\View\View.php(210): include('C:\\xampp\\htdocs...')
#2 C:\xampp\htdocs\WEB-app\vendor\codeigniter4\framework\system\View\View.php(213): CodeIgniter\View\View->CodeIgniter\View\{closure}()
#3 C:\xampp\htdocs\WEB-app\vendor\codeigniter4\framework\system\Common.php(1089): CodeIgniter\View\View->render('admin/showroom/...', Array, true)
#4 C:\xampp\htdocs\WEB-app\app\Controllers\Admin.php(309): view('admin/showroom/...', Array)
#5 C:\xampp\htdocs\WEB-app\vendor\codeigniter4\framework\system\CodeIgniter.php(832): App\Controllers\Admin->pameran()
#6 C:\xampp\htdocs\WEB-app\vendor\codeigniter4\framework\system\CodeIgniter.php(419): CodeIgniter\CodeIgniter->runController(Object(App\Controllers\Admin))
#7 C:\xampp\htdocs\WEB-app\vendor\codeigniter4\framework\system\CodeIgniter.php(326): CodeIgniter\CodeIgniter->handleRequest(NULL, Object(Config\Cache), false)
#8 C:\xampp\htdocs\WEB-app\public\index.php(37): CodeIgniter\CodeIgniter->run()
#9 C:\xampp\htdocs\WEB-app\vendor\codeigniter4\framework\system\Commands\Server\rewrite.php(43): require_once('C:\\xampp\\htdocs...')
#10 {main}
CRITICAL - 2022-05-01 07:28:48 --> Undefined property: App\Controllers\Admin::$datatpameran
#0 C:\xampp\htdocs\WEB-app\app\Controllers\Admin.php(318): CodeIgniter\Debug\Exceptions->errorHandler(2, 'Undefined prope...', 'C:\\xampp\\htdocs...', 318)
#1 C:\xampp\htdocs\WEB-app\vendor\codeigniter4\framework\system\CodeIgniter.php(832): App\Controllers\Admin->updatePameran()
#2 C:\xampp\htdocs\WEB-app\vendor\codeigniter4\framework\system\CodeIgniter.php(419): CodeIgniter\CodeIgniter->runController(Object(App\Controllers\Admin))
#3 C:\xampp\htdocs\WEB-app\vendor\codeigniter4\framework\system\CodeIgniter.php(326): CodeIgniter\CodeIgniter->handleRequest(NULL, Object(Config\Cache), false)
#4 C:\xampp\htdocs\WEB-app\public\index.php(37): CodeIgniter\CodeIgniter->run()
#5 C:\xampp\htdocs\WEB-app\vendor\codeigniter4\framework\system\Commands\Server\rewrite.php(43): require_once('C:\\xampp\\htdocs...')
#6 {main}
ERROR - 2022-05-01 07:29:00 --> Unknown column 'tbldatapameran.id' in 'where clause'
CRITICAL - 2022-05-01 07:29:00 --> Unknown column 'tbldatapameran.id' in 'where clause'
#0 C:\xampp\htdocs\WEB-app\vendor\codeigniter4\framework\system\Database\MySQLi\Connection.php(292): mysqli->query('UPDATE `tbldata...', 0)
#1 C:\xampp\htdocs\WEB-app\vendor\codeigniter4\framework\system\Database\BaseConnection.php(670): CodeIgniter\Database\MySQLi\Connection->execute('UPDATE `tbldata...')
#2 C:\xampp\htdocs\WEB-app\vendor\codeigniter4\framework\system\Database\BaseConnection.php(598): CodeIgniter\Database\BaseConnection->simpleQuery('UPDATE `tbldata...')
#3 C:\xampp\htdocs\WEB-app\vendor\codeigniter4\framework\system\Database\BaseBuilder.php(1913): CodeIgniter\Database\BaseConnection->query('UPDATE `tbldata...', Array, false)
#4 C:\xampp\htdocs\WEB-app\vendor\codeigniter4\framework\system\Model.php(298): CodeIgniter\Database\BaseBuilder->update()
#5 C:\xampp\htdocs\WEB-app\vendor\codeigniter4\framework\system\BaseModel.php(865): CodeIgniter\Model->doUpdate(Array, Array)
#6 C:\xampp\htdocs\WEB-app\vendor\codeigniter4\framework\system\Model.php(651): CodeIgniter\BaseModel->update(Array, Array)
#7 C:\xampp\htdocs\WEB-app\app\Controllers\Admin.php(320): CodeIgniter\Model->update('SHW001', Array)
#8 C:\xampp\htdocs\WEB-app\vendor\codeigniter4\framework\system\CodeIgniter.php(832): App\Controllers\Admin->updatePameran()
#9 C:\xampp\htdocs\WEB-app\vendor\codeigniter4\framework\system\CodeIgniter.php(419): CodeIgniter\CodeIgniter->runController(Object(App\Controllers\Admin))
#10 C:\xampp\htdocs\WEB-app\vendor\codeigniter4\framework\system\CodeIgniter.php(326): CodeIgniter\CodeIgniter->handleRequest(NULL, Object(Config\Cache), false)
#11 C:\xampp\htdocs\WEB-app\public\index.php(37): CodeIgniter\CodeIgniter->run()
#12 C:\xampp\htdocs\WEB-app\vendor\codeigniter4\framework\system\Commands\Server\rewrite.php(43): require_once('C:\\xampp\\htdocs...')
#13 {main}
ERROR - 2022-05-01 07:38:12 --> Unknown column 'tbldatapameran.id' in 'where clause'
CRITICAL - 2022-05-01 07:38:12 --> Unknown column 'tbldatapameran.id' in 'where clause'
#0 C:\xampp\htdocs\WEB-app\vendor\codeigniter4\framework\system\Database\MySQLi\Connection.php(292): mysqli->query('UPDATE `tbldata...', 0)
#1 C:\xampp\htdocs\WEB-app\vendor\codeigniter4\framework\system\Database\BaseConnection.php(670): CodeIgniter\Database\MySQLi\Connection->execute('UPDATE `tbldata...')
#2 C:\xampp\htdocs\WEB-app\vendor\codeigniter4\framework\system\Database\BaseConnection.php(598): CodeIgniter\Database\BaseConnection->simpleQuery('UPDATE `tbldata...')
#3 C:\xampp\htdocs\WEB-app\vendor\codeigniter4\framework\system\Database\BaseBuilder.php(1913): CodeIgniter\Database\BaseConnection->query('UPDATE `tbldata...', Array, false)
#4 C:\xampp\htdocs\WEB-app\vendor\codeigniter4\framework\system\Model.php(298): CodeIgniter\Database\BaseBuilder->update()
#5 C:\xampp\htdocs\WEB-app\vendor\codeigniter4\framework\system\BaseModel.php(865): CodeIgniter\Model->doUpdate(Array, Array)
#6 C:\xampp\htdocs\WEB-app\vendor\codeigniter4\framework\system\Model.php(651): CodeIgniter\BaseModel->update(Array, Array)
#7 C:\xampp\htdocs\WEB-app\app\Controllers\Admin.php(320): CodeIgniter\Model->update('SHW001', Array)
#8 C:\xampp\htdocs\WEB-app\vendor\codeigniter4\framework\system\CodeIgniter.php(832): App\Controllers\Admin->updatePameran()
#9 C:\xampp\htdocs\WEB-app\vendor\codeigniter4\framework\system\CodeIgniter.php(419): CodeIgniter\CodeIgniter->runController(Object(App\Controllers\Admin))
#10 C:\xampp\htdocs\WEB-app\vendor\codeigniter4\framework\system\CodeIgniter.php(326): CodeIgniter\CodeIgniter->handleRequest(NULL, Object(Config\Cache), false)
#11 C:\xampp\htdocs\WEB-app\public\index.php(37): CodeIgniter\CodeIgniter->run()
#12 C:\xampp\htdocs\WEB-app\vendor\codeigniter4\framework\system\Commands\Server\rewrite.php(43): require_once('C:\\xampp\\htdocs...')
#13 {main}
ERROR - 2022-05-01 07:38:19 --> Unknown column 'tbldatapameran.id' in 'where clause'
CRITICAL - 2022-05-01 07:38:19 --> Unknown column 'tbldatapameran.id' in 'where clause'
#0 C:\xampp\htdocs\WEB-app\vendor\codeigniter4\framework\system\Database\MySQLi\Connection.php(292): mysqli->query('UPDATE `tbldata...', 0)
#1 C:\xampp\htdocs\WEB-app\vendor\codeigniter4\framework\system\Database\BaseConnection.php(670): CodeIgniter\Database\MySQLi\Connection->execute('UPDATE `tbldata...')
#2 C:\xampp\htdocs\WEB-app\vendor\codeigniter4\framework\system\Database\BaseConnection.php(598): CodeIgniter\Database\BaseConnection->simpleQuery('UPDATE `tbldata...')
#3 C:\xampp\htdocs\WEB-app\vendor\codeigniter4\framework\system\Database\BaseBuilder.php(1913): CodeIgniter\Database\BaseConnection->query('UPDATE `tbldata...', Array, false)
#4 C:\xampp\htdocs\WEB-app\vendor\codeigniter4\framework\system\Model.php(298): CodeIgniter\Database\BaseBuilder->update()
#5 C:\xampp\htdocs\WEB-app\vendor\codeigniter4\framework\system\BaseModel.php(865): CodeIgniter\Model->doUpdate(Array, Array)
#6 C:\xampp\htdocs\WEB-app\vendor\codeigniter4\framework\system\Model.php(651): CodeIgniter\BaseModel->update(Array, Array)
#7 C:\xampp\htdocs\WEB-app\app\Controllers\Admin.php(320): CodeIgniter\Model->update('SHW001', Array)
#8 C:\xampp\htdocs\WEB-app\vendor\codeigniter4\framework\system\CodeIgniter.php(832): App\Controllers\Admin->updatePameran()
#9 C:\xampp\htdocs\WEB-app\vendor\codeigniter4\framework\system\CodeIgniter.php(419): CodeIgniter\CodeIgniter->runController(Object(App\Controllers\Admin))
#10 C:\xampp\htdocs\WEB-app\vendor\codeigniter4\framework\system\CodeIgniter.php(326): CodeIgniter\CodeIgniter->handleRequest(NULL, Object(Config\Cache), false)
#11 C:\xampp\htdocs\WEB-app\public\index.php(37): CodeIgniter\CodeIgniter->run()
#12 C:\xampp\htdocs\WEB-app\vendor\codeigniter4\framework\system\Commands\Server\rewrite.php(43): require_once('C:\\xampp\\htdocs...')
#13 {main}
ERROR - 2022-05-01 07:38:58 --> Unknown column 'tbldatapameran.id' in 'where clause'
CRITICAL - 2022-05-01 07:38:58 --> Unknown column 'tbldatapameran.id' in 'where clause'
#0 C:\xampp\htdocs\WEB-app\vendor\codeigniter4\framework\system\Database\MySQLi\Connection.php(292): mysqli->query('UPDATE `tbldata...', 0)
#1 C:\xampp\htdocs\WEB-app\vendor\codeigniter4\framework\system\Database\BaseConnection.php(670): CodeIgniter\Database\MySQLi\Connection->execute('UPDATE `tbldata...')
#2 C:\xampp\htdocs\WEB-app\vendor\codeigniter4\framework\system\Database\BaseConnection.php(598): CodeIgniter\Database\BaseConnection->simpleQuery('UPDATE `tbldata...')
#3 C:\xampp\htdocs\WEB-app\vendor\codeigniter4\framework\system\Database\BaseBuilder.php(1913): CodeIgniter\Database\BaseConnection->query('UPDATE `tbldata...', Array, false)
#4 C:\xampp\htdocs\WEB-app\vendor\codeigniter4\framework\system\Model.php(298): CodeIgniter\Database\BaseBuilder->update()
#5 C:\xampp\htdocs\WEB-app\vendor\codeigniter4\framework\system\BaseModel.php(865): CodeIgniter\Model->doUpdate(Array, Array)
#6 C:\xampp\htdocs\WEB-app\vendor\codeigniter4\framework\system\Model.php(651): CodeIgniter\BaseModel->update(Array, Array)
#7 C:\xampp\htdocs\WEB-app\app\Controllers\Admin.php(320): CodeIgniter\Model->update('SHW001', Array)
#8 C:\xampp\htdocs\WEB-app\vendor\codeigniter4\framework\system\CodeIgniter.php(832): App\Controllers\Admin->updatePameran()
#9 C:\xampp\htdocs\WEB-app\vendor\codeigniter4\framework\system\CodeIgniter.php(419): CodeIgniter\CodeIgniter->runController(Object(App\Controllers\Admin))
#10 C:\xampp\htdocs\WEB-app\vendor\codeigniter4\framework\system\CodeIgniter.php(326): CodeIgniter\CodeIgniter->handleRequest(NULL, Object(Config\Cache), false)
#11 C:\xampp\htdocs\WEB-app\public\index.php(37): CodeIgniter\CodeIgniter->run()
#12 C:\xampp\htdocs\WEB-app\vendor\codeigniter4\framework\system\Commands\Server\rewrite.php(43): require_once('C:\\xampp\\htdocs...')
#13 {main}
CRITICAL - 2022-05-01 07:50:59 --> Undefined property: App\Controllers\Admin::$cabang
#0 C:\xampp\htdocs\WEB-app\app\Controllers\Admin.php(331): CodeIgniter\Debug\Exceptions->errorHandler(2, 'Undefined prope...', 'C:\\xampp\\htdocs...', 331)
#1 C:\xampp\htdocs\WEB-app\vendor\codeigniter4\framework\system\CodeIgniter.php(832): App\Controllers\Admin->publish()
#2 C:\xampp\htdocs\WEB-app\vendor\codeigniter4\framework\system\CodeIgniter.php(419): CodeIgniter\CodeIgniter->runController(Object(App\Controllers\Admin))
#3 C:\xampp\htdocs\WEB-app\vendor\codeigniter4\framework\system\CodeIgniter.php(326): CodeIgniter\CodeIgniter->handleRequest(NULL, Object(Config\Cache), false)
#4 C:\xampp\htdocs\WEB-app\public\index.php(37): CodeIgniter\CodeIgniter->run()
#5 C:\xampp\htdocs\WEB-app\vendor\codeigniter4\framework\system\Commands\Server\rewrite.php(43): require_once('C:\\xampp\\htdocs...')
#6 {main}
CRITICAL - 2022-05-01 07:52:20 --> Undefined array key "nobukti"
#0 C:\xampp\htdocs\WEB-app\app\Views\admin\showroom\viewspublish.php(44): CodeIgniter\Debug\Exceptions->errorHandler(2, 'Undefined array...', 'C:\\xampp\\htdocs...', 44)
#1 C:\xampp\htdocs\WEB-app\vendor\codeigniter4\framework\system\View\View.php(210): include('C:\\xampp\\htdocs...')
#2 C:\xampp\htdocs\WEB-app\vendor\codeigniter4\framework\system\View\View.php(213): CodeIgniter\View\View->CodeIgniter\View\{closure}()
#3 C:\xampp\htdocs\WEB-app\vendor\codeigniter4\framework\system\Common.php(1089): CodeIgniter\View\View->render('admin/showroom/...', Array, true)
#4 C:\xampp\htdocs\WEB-app\app\Controllers\Admin.php(333): view('admin/showroom/...', Array)
#5 C:\xampp\htdocs\WEB-app\vendor\codeigniter4\framework\system\CodeIgniter.php(832): App\Controllers\Admin->publish()
#6 C:\xampp\htdocs\WEB-app\vendor\codeigniter4\framework\system\CodeIgniter.php(419): CodeIgniter\CodeIgniter->runController(Object(App\Controllers\Admin))
#7 C:\xampp\htdocs\WEB-app\vendor\codeigniter4\framework\system\CodeIgniter.php(326): CodeIgniter\CodeIgniter->handleRequest(NULL, Object(Config\Cache), false)
#8 C:\xampp\htdocs\WEB-app\public\index.php(37): CodeIgniter\CodeIgniter->run()
#9 C:\xampp\htdocs\WEB-app\vendor\codeigniter4\framework\system\Commands\Server\rewrite.php(43): require_once('C:\\xampp\\htdocs...')
#10 {main}
CRITICAL - 2022-05-01 08:04:18 --> Undefined variable $btn
#0 C:\xampp\htdocs\WEB-app\app\Views\admin\showroom\viewspublish.php(19): CodeIgniter\Debug\Exceptions->errorHandler(2, 'Undefined varia...', 'C:\\xampp\\htdocs...', 19)
#1 C:\xampp\htdocs\WEB-app\vendor\codeigniter4\framework\system\View\View.php(210): include('C:\\xampp\\htdocs...')
#2 C:\xampp\htdocs\WEB-app\vendor\codeigniter4\framework\system\View\View.php(213): CodeIgniter\View\View->CodeIgniter\View\{closure}()
#3 C:\xampp\htdocs\WEB-app\vendor\codeigniter4\framework\system\Common.php(1089): CodeIgniter\View\View->render('admin/showroom/...', Array, true)
#4 C:\xampp\htdocs\WEB-app\app\Controllers\Admin.php(333): view('admin/showroom/...', Array)
#5 C:\xampp\htdocs\WEB-app\vendor\codeigniter4\framework\system\CodeIgniter.php(832): App\Controllers\Admin->publish()
#6 C:\xampp\htdocs\WEB-app\vendor\codeigniter4\framework\system\CodeIgniter.php(419): CodeIgniter\CodeIgniter->runController(Object(App\Controllers\Admin))
#7 C:\xampp\htdocs\WEB-app\vendor\codeigniter4\framework\system\CodeIgniter.php(326): CodeIgniter\CodeIgniter->handleRequest(NULL, Object(Config\Cache), false)
#8 C:\xampp\htdocs\WEB-app\public\index.php(37): CodeIgniter\CodeIgniter->run()
#9 C:\xampp\htdocs\WEB-app\vendor\codeigniter4\framework\system\Commands\Server\rewrite.php(43): require_once('C:\\xampp\\htdocs...')
#10 {main}
CRITICAL - 2022-05-01 08:55:01 --> Invalid file: admin/transferout/formtambah.php
#0 C:\xampp\htdocs\WEB-app\vendor\codeigniter4\framework\system\View\View.php(198): CodeIgniter\Exceptions\FrameworkException::forInvalidFile('admin/transfero...')
#1 C:\xampp\htdocs\WEB-app\vendor\codeigniter4\framework\system\Common.php(1089): CodeIgniter\View\View->render('admin/transfero...', Array, true)
#2 C:\xampp\htdocs\WEB-app\app\Controllers\Admin.php(254): view('admin/transfero...', Array)
#3 C:\xampp\htdocs\WEB-app\vendor\codeigniter4\framework\system\CodeIgniter.php(832): App\Controllers\Admin->tambah_transferout()
#4 C:\xampp\htdocs\WEB-app\vendor\codeigniter4\framework\system\CodeIgniter.php(419): CodeIgniter\CodeIgniter->runController(Object(App\Controllers\Admin))
#5 C:\xampp\htdocs\WEB-app\vendor\codeigniter4\framework\system\CodeIgniter.php(326): CodeIgniter\CodeIgniter->handleRequest(NULL, Object(Config\Cache), false)
#6 C:\xampp\htdocs\WEB-app\public\index.php(37): CodeIgniter\CodeIgniter->run()
#7 C:\xampp\htdocs\WEB-app\vendor\codeigniter4\framework\system\Commands\Server\rewrite.php(43): require_once('C:\\xampp\\htdocs...')
#8 {main}
CRITICAL - 2022-05-01 08:56:14 --> Undefined variable $kodestok
#0 C:\xampp\htdocs\WEB-app\app\Views\admin\stok-out\formtambah.php(31): CodeIgniter\Debug\Exceptions->errorHandler(2, 'Undefined varia...', 'C:\\xampp\\htdocs...', 31)
#1 C:\xampp\htdocs\WEB-app\vendor\codeigniter4\framework\system\View\View.php(210): include('C:\\xampp\\htdocs...')
#2 C:\xampp\htdocs\WEB-app\vendor\codeigniter4\framework\system\View\View.php(213): CodeIgniter\View\View->CodeIgniter\View\{closure}()
#3 C:\xampp\htdocs\WEB-app\vendor\codeigniter4\framework\system\Common.php(1089): CodeIgniter\View\View->render('admin/stok-out/...', Array, true)
#4 C:\xampp\htdocs\WEB-app\app\Controllers\Admin.php(254): view('admin/stok-out/...', Array)
#5 C:\xampp\htdocs\WEB-app\vendor\codeigniter4\framework\system\CodeIgniter.php(832): App\Controllers\Admin->tambah_transferout()
#6 C:\xampp\htdocs\WEB-app\vendor\codeigniter4\framework\system\CodeIgniter.php(419): CodeIgniter\CodeIgniter->runController(Object(App\Controllers\Admin))
#7 C:\xampp\htdocs\WEB-app\vendor\codeigniter4\framework\system\CodeIgniter.php(326): CodeIgniter\CodeIgniter->handleRequest(NULL, Object(Config\Cache), false)
#8 C:\xampp\htdocs\WEB-app\public\index.php(37): CodeIgniter\CodeIgniter->run()
#9 C:\xampp\htdocs\WEB-app\vendor\codeigniter4\framework\system\Commands\Server\rewrite.php(43): require_once('C:\\xampp\\htdocs...')
#10 {main}
CRITICAL - 2022-05-01 09:02:52 --> Undefined array key "nospk"
#0 C:\xampp\htdocs\WEB-app\app\Views\admin\stok-out\viewtransferout.php(54): CodeIgniter\Debug\Exceptions->errorHandler(2, 'Undefined array...', 'C:\\xampp\\htdocs...', 54)
#1 C:\xampp\htdocs\WEB-app\vendor\codeigniter4\framework\system\View\View.php(210): include('C:\\xampp\\htdocs...')
#2 C:\xampp\htdocs\WEB-app\vendor\codeigniter4\framework\system\View\View.php(213): CodeIgniter\View\View->CodeIgniter\View\{closure}()
#3 C:\xampp\htdocs\WEB-app\vendor\codeigniter4\framework\system\Common.php(1089): CodeIgniter\View\View->render('admin/stok-out/...', Array, true)
#4 C:\xampp\htdocs\WEB-app\app\Controllers\Admin.php(230): view('admin/stok-out/...', Array)
#5 C:\xampp\htdocs\WEB-app\vendor\codeigniter4\framework\system\CodeIgniter.php(832): App\Controllers\Admin->stokout()
#6 C:\xampp\htdocs\WEB-app\vendor\codeigniter4\framework\system\CodeIgniter.php(419): CodeIgniter\CodeIgniter->runController(Object(App\Controllers\Admin))
#7 C:\xampp\htdocs\WEB-app\vendor\codeigniter4\framework\system\CodeIgniter.php(326): CodeIgniter\CodeIgniter->handleRequest(NULL, Object(Config\Cache), false)
#8 C:\xampp\htdocs\WEB-app\public\index.php(37): CodeIgniter\CodeIgniter->run()
#9 C:\xampp\htdocs\WEB-app\vendor\codeigniter4\framework\system\Commands\Server\rewrite.php(43): require_once('C:\\xampp\\htdocs...')
#10 {main}
ERROR - 2022-05-01 09:06:17 --> Duplicate entry 'TRF' for key 'PRIMARY'
CRITICAL - 2022-05-01 09:06:17 --> Duplicate entry 'TRF' for key 'PRIMARY'
#0 C:\xampp\htdocs\WEB-app\vendor\codeigniter4\framework\system\Database\MySQLi\Connection.php(292): mysqli->query('INSERT INTO `tb...', 0)
#1 C:\xampp\htdocs\WEB-app\vendor\codeigniter4\framework\system\Database\BaseConnection.php(670): CodeIgniter\Database\MySQLi\Connection->execute('INSERT INTO `tb...')
#2 C:\xampp\htdocs\WEB-app\vendor\codeigniter4\framework\system\Database\BaseConnection.php(598): CodeIgniter\Database\BaseConnection->simpleQuery('INSERT INTO `tb...')
#3 C:\xampp\htdocs\WEB-app\vendor\codeigniter4\framework\system\Database\BaseBuilder.php(1771): CodeIgniter\Database\BaseConnection->query('INSERT INTO `tb...', Array, false)
#4 C:\xampp\htdocs\WEB-app\vendor\codeigniter4\framework\system\Model.php(239): CodeIgniter\Database\BaseBuilder->insert()
#5 C:\xampp\htdocs\WEB-app\vendor\codeigniter4\framework\system\BaseModel.php(738): CodeIgniter\Model->doInsert(Array)
#6 C:\xampp\htdocs\WEB-app\vendor\codeigniter4\framework\system\Model.php(625): CodeIgniter\BaseModel->insert(Array, true)
#7 C:\xampp\htdocs\WEB-app\app\Controllers\Admin.php(300): CodeIgniter\Model->insert(Array)
#8 C:\xampp\htdocs\WEB-app\vendor\codeigniter4\framework\system\CodeIgniter.php(832): App\Controllers\Admin->simpan_stokout()
#9 C:\xampp\htdocs\WEB-app\vendor\codeigniter4\framework\system\CodeIgniter.php(419): CodeIgniter\CodeIgniter->runController(Object(App\Controllers\Admin))
#10 C:\xampp\htdocs\WEB-app\vendor\codeigniter4\framework\system\CodeIgniter.php(326): CodeIgniter\CodeIgniter->handleRequest(NULL, Object(Config\Cache), false)
#11 C:\xampp\htdocs\WEB-app\public\index.php(37): CodeIgniter\CodeIgniter->run()
#12 C:\xampp\htdocs\WEB-app\vendor\codeigniter4\framework\system\Commands\Server\rewrite.php(43): require_once('C:\\xampp\\htdocs...')
#13 {main}
CRITICAL - 2022-05-01 09:07:28 --> Undefined property: App\Controllers\Admin::$stokOut
#0 C:\xampp\htdocs\WEB-app\app\Controllers\Admin.php(287): CodeIgniter\Debug\Exceptions->errorHandler(2, 'Undefined prope...', 'C:\\xampp\\htdocs...', 287)
#1 C:\xampp\htdocs\WEB-app\vendor\codeigniter4\framework\system\CodeIgniter.php(832): App\Controllers\Admin->simpan_stokout()
#2 C:\xampp\htdocs\WEB-app\vendor\codeigniter4\framework\system\CodeIgniter.php(419): CodeIgniter\CodeIgniter->runController(Object(App\Controllers\Admin))
#3 C:\xampp\htdocs\WEB-app\vendor\codeigniter4\framework\system\CodeIgniter.php(326): CodeIgniter\CodeIgniter->handleRequest(NULL, Object(Config\Cache), false)
#4 C:\xampp\htdocs\WEB-app\public\index.php(37): CodeIgniter\CodeIgniter->run()
#5 C:\xampp\htdocs\WEB-app\vendor\codeigniter4\framework\system\Commands\Server\rewrite.php(43): require_once('C:\\xampp\\htdocs...')
#6 {main}
CRITICAL - 2022-05-01 09:09:39 --> Undefined array key "kodebuku"
#0 C:\xampp\htdocs\WEB-app\app\Views\admin\stok-in\viewstokin.php(50): CodeIgniter\Debug\Exceptions->errorHandler(2, 'Undefined array...', 'C:\\xampp\\htdocs...', 50)
#1 C:\xampp\htdocs\WEB-app\vendor\codeigniter4\framework\system\View\View.php(210): include('C:\\xampp\\htdocs...')
#2 C:\xampp\htdocs\WEB-app\vendor\codeigniter4\framework\system\View\View.php(213): CodeIgniter\View\View->CodeIgniter\View\{closure}()
#3 C:\xampp\htdocs\WEB-app\vendor\codeigniter4\framework\system\Common.php(1089): CodeIgniter\View\View->render('admin/stok-in/v...', Array, true)
#4 C:\xampp\htdocs\WEB-app\app\Controllers\Admin.php(225): view('admin/stok-in/v...', Array)
#5 C:\xampp\htdocs\WEB-app\vendor\codeigniter4\framework\system\CodeIgniter.php(832): App\Controllers\Admin->stokin()
#6 C:\xampp\htdocs\WEB-app\vendor\codeigniter4\framework\system\CodeIgniter.php(419): CodeIgniter\CodeIgniter->runController(Object(App\Controllers\Admin))
#7 C:\xampp\htdocs\WEB-app\vendor\codeigniter4\framework\system\CodeIgniter.php(326): CodeIgniter\CodeIgniter->handleRequest(NULL, Object(Config\Cache), false)
#8 C:\xampp\htdocs\WEB-app\public\index.php(37): CodeIgniter\CodeIgniter->run()
#9 C:\xampp\htdocs\WEB-app\vendor\codeigniter4\framework\system\Commands\Server\rewrite.php(43): require_once('C:\\xampp\\htdocs...')
#10 {main}
CRITICAL - 2022-05-01 09:18:50 --> Undefined property: App\Controllers\Admin::$databarang
#0 C:\xampp\htdocs\WEB-app\app\Controllers\Admin.php(300): CodeIgniter\Debug\Exceptions->errorHandler(2, 'Undefined prope...', 'C:\\xampp\\htdocs...', 300)
#1 C:\xampp\htdocs\WEB-app\vendor\codeigniter4\framework\system\CodeIgniter.php(832): App\Controllers\Admin->simpan_stokout()
#2 C:\xampp\htdocs\WEB-app\vendor\codeigniter4\framework\system\CodeIgniter.php(419): CodeIgniter\CodeIgniter->runController(Object(App\Controllers\Admin))
#3 C:\xampp\htdocs\WEB-app\vendor\codeigniter4\framework\system\CodeIgniter.php(326): CodeIgniter\CodeIgniter->handleRequest(NULL, Object(Config\Cache), false)
#4 C:\xampp\htdocs\WEB-app\public\index.php(37): CodeIgniter\CodeIgniter->run()
#5 C:\xampp\htdocs\WEB-app\vendor\codeigniter4\framework\system\Commands\Server\rewrite.php(43): require_once('C:\\xampp\\htdocs...')
#6 {main}
CRITICAL - 2022-05-01 09:29:27 --> Undefined variable $btn
#0 C:\xampp\htdocs\WEB-app\app\Views\admin\showroom\viewspublish.php(19): CodeIgniter\Debug\Exceptions->errorHandler(2, 'Undefined varia...', 'C:\\xampp\\htdocs...', 19)
#1 C:\xampp\htdocs\WEB-app\vendor\codeigniter4\framework\system\View\View.php(210): include('C:\\xampp\\htdocs...')
#2 C:\xampp\htdocs\WEB-app\vendor\codeigniter4\framework\system\View\View.php(213): CodeIgniter\View\View->CodeIgniter\View\{closure}()
#3 C:\xampp\htdocs\WEB-app\vendor\codeigniter4\framework\system\Common.php(1089): CodeIgniter\View\View->render('admin/showroom/...', Array, true)
#4 C:\xampp\htdocs\WEB-app\app\Controllers\Admin.php(365): view('admin/showroom/...')
#5 C:\xampp\htdocs\WEB-app\vendor\codeigniter4\framework\system\CodeIgniter.php(832): App\Controllers\Admin->updatePublish()
#6 C:\xampp\htdocs\WEB-app\vendor\codeigniter4\framework\system\CodeIgniter.php(419): CodeIgniter\CodeIgniter->runController(Object(App\Controllers\Admin))
#7 C:\xampp\htdocs\WEB-app\vendor\codeigniter4\framework\system\CodeIgniter.php(326): CodeIgniter\CodeIgniter->handleRequest(NULL, Object(Config\Cache), false)
#8 C:\xampp\htdocs\WEB-app\public\index.php(37): CodeIgniter\CodeIgniter->run()
#9 C:\xampp\htdocs\WEB-app\vendor\codeigniter4\framework\system\Commands\Server\rewrite.php(43): require_once('C:\\xampp\\htdocs...')
#10 {main}
ERROR - 2022-05-01 09:49:53 --> Duplicate entry 'CB62191' for key 'PRIMARY'
CRITICAL - 2022-05-01 09:49:53 --> Duplicate entry 'CB62191' for key 'PRIMARY'
#0 C:\xampp\htdocs\WEB-app\vendor\codeigniter4\framework\system\Database\MySQLi\Connection.php(292): mysqli->query('INSERT INTO `tb...', 0)
#1 C:\xampp\htdocs\WEB-app\vendor\codeigniter4\framework\system\Database\BaseConnection.php(670): CodeIgniter\Database\MySQLi\Connection->execute('INSERT INTO `tb...')
#2 C:\xampp\htdocs\WEB-app\vendor\codeigniter4\framework\system\Database\BaseConnection.php(598): CodeIgniter\Database\BaseConnection->simpleQuery('INSERT INTO `tb...')
#3 C:\xampp\htdocs\WEB-app\vendor\codeigniter4\framework\system\Database\BaseBuilder.php(1771): CodeIgniter\Database\BaseConnection->query('INSERT INTO `tb...', Array, false)
#4 C:\xampp\htdocs\WEB-app\vendor\codeigniter4\framework\system\Model.php(239): CodeIgniter\Database\BaseBuilder->insert()
#5 C:\xampp\htdocs\WEB-app\vendor\codeigniter4\framework\system\BaseModel.php(738): CodeIgniter\Model->doInsert(Array)
#6 C:\xampp\htdocs\WEB-app\vendor\codeigniter4\framework\system\Model.php(625): CodeIgniter\BaseModel->insert(Array, true)
#7 C:\xampp\htdocs\WEB-app\app\Controllers\Admin.php(158): CodeIgniter\Model->insert(Array)
#8 C:\xampp\htdocs\WEB-app\vendor\codeigniter4\framework\system\CodeIgniter.php(832): App\Controllers\Admin->simpandata()
#9 C:\xampp\htdocs\WEB-app\vendor\codeigniter4\framework\system\CodeIgniter.php(419): CodeIgniter\CodeIgniter->runController(Object(App\Controllers\Admin))
#10 C:\xampp\htdocs\WEB-app\vendor\codeigniter4\framework\system\CodeIgniter.php(326): CodeIgniter\CodeIgniter->handleRequest(NULL, Object(Config\Cache), false)
#11 C:\xampp\htdocs\WEB-app\public\index.php(37): CodeIgniter\CodeIgniter->run()
#12 C:\xampp\htdocs\WEB-app\vendor\codeigniter4\framework\system\Commands\Server\rewrite.php(43): require_once('C:\\xampp\\htdocs...')
#13 {main}
CRITICAL - 2022-05-01 09:52:19 --> count(): Argument #1 ($value) must be of type Countable|array, string given
#0 C:\xampp\htdocs\WEB-app\app\Controllers\Admin.php(134): count('62191')
#1 C:\xampp\htdocs\WEB-app\vendor\codeigniter4\framework\system\CodeIgniter.php(832): App\Controllers\Admin->simpandata()
#2 C:\xampp\htdocs\WEB-app\vendor\codeigniter4\framework\system\CodeIgniter.php(419): CodeIgniter\CodeIgniter->runController(Object(App\Controllers\Admin))
#3 C:\xampp\htdocs\WEB-app\vendor\codeigniter4\framework\system\CodeIgniter.php(326): CodeIgniter\CodeIgniter->handleRequest(NULL, Object(Config\Cache), false)
#4 C:\xampp\htdocs\WEB-app\public\index.php(37): CodeIgniter\CodeIgniter->run()
#5 C:\xampp\htdocs\WEB-app\vendor\codeigniter4\framework\system\Commands\Server\rewrite.php(43): require_once('C:\\xampp\\htdocs...')
#6 {main}
ERROR - 2022-05-01 09:52:49 --> Duplicate entry 'CB62191' for key 'PRIMARY'
CRITICAL - 2022-05-01 09:52:49 --> Duplicate entry 'CB62191' for key 'PRIMARY'
#0 C:\xampp\htdocs\WEB-app\vendor\codeigniter4\framework\system\Database\MySQLi\Connection.php(292): mysqli->query('INSERT INTO `tb...', 0)
#1 C:\xampp\htdocs\WEB-app\vendor\codeigniter4\framework\system\Database\BaseConnection.php(670): CodeIgniter\Database\MySQLi\Connection->execute('INSERT INTO `tb...')
#2 C:\xampp\htdocs\WEB-app\vendor\codeigniter4\framework\system\Database\BaseConnection.php(598): CodeIgniter\Database\BaseConnection->simpleQuery('INSERT INTO `tb...')
#3 C:\xampp\htdocs\WEB-app\vendor\codeigniter4\framework\system\Database\BaseBuilder.php(1771): CodeIgniter\Database\BaseConnection->query('INSERT INTO `tb...', Array, false)
#4 C:\xampp\htdocs\WEB-app\vendor\codeigniter4\framework\system\Model.php(239): CodeIgniter\Database\BaseBuilder->insert()
#5 C:\xampp\htdocs\WEB-app\vendor\codeigniter4\framework\system\BaseModel.php(738): CodeIgniter\Model->doInsert(Array)
#6 C:\xampp\htdocs\WEB-app\vendor\codeigniter4\framework\system\Model.php(625): CodeIgniter\BaseModel->insert(Array, true)
#7 C:\xampp\htdocs\WEB-app\app\Controllers\Admin.php(144): CodeIgniter\Model->insert(Array)
#8 C:\xampp\htdocs\WEB-app\vendor\codeigniter4\framework\system\CodeIgniter.php(832): App\Controllers\Admin->simpandata()
#9 C:\xampp\htdocs\WEB-app\vendor\codeigniter4\framework\system\CodeIgniter.php(419): CodeIgniter\CodeIgniter->runController(Object(App\Controllers\Admin))
#10 C:\xampp\htdocs\WEB-app\vendor\codeigniter4\framework\system\CodeIgniter.php(326): CodeIgniter\CodeIgniter->handleRequest(NULL, Object(Config\Cache), false)
#11 C:\xampp\htdocs\WEB-app\public\index.php(37): CodeIgniter\CodeIgniter->run()
#12 C:\xampp\htdocs\WEB-app\vendor\codeigniter4\framework\system\Commands\Server\rewrite.php(43): require_once('C:\\xampp\\htdocs...')
#13 {main}
ERROR - 2022-05-01 09:54:14 --> Duplicate entry 'CB62191' for key 'PRIMARY'
CRITICAL - 2022-05-01 09:54:14 --> Duplicate entry 'CB62191' for key 'PRIMARY'
#0 C:\xampp\htdocs\WEB-app\vendor\codeigniter4\framework\system\Database\MySQLi\Connection.php(292): mysqli->query('INSERT INTO `tb...', 0)
#1 C:\xampp\htdocs\WEB-app\vendor\codeigniter4\framework\system\Database\BaseConnection.php(670): CodeIgniter\Database\MySQLi\Connection->execute('INSERT INTO `tb...')
#2 C:\xampp\htdocs\WEB-app\vendor\codeigniter4\framework\system\Database\BaseConnection.php(598): CodeIgniter\Database\BaseConnection->simpleQuery('INSERT INTO `tb...')
#3 C:\xampp\htdocs\WEB-app\vendor\codeigniter4\framework\system\Database\BaseBuilder.php(1771): CodeIgniter\Database\BaseConnection->query('INSERT INTO `tb...', Array, false)
#4 C:\xampp\htdocs\WEB-app\vendor\codeigniter4\framework\system\Model.php(239): CodeIgniter\Database\BaseBuilder->insert()
#5 C:\xampp\htdocs\WEB-app\vendor\codeigniter4\framework\system\BaseModel.php(738): CodeIgniter\Model->doInsert(Array)
#6 C:\xampp\htdocs\WEB-app\vendor\codeigniter4\framework\system\Model.php(625): CodeIgniter\BaseModel->insert(Array, true)
#7 C:\xampp\htdocs\WEB-app\app\Controllers\Admin.php(145): CodeIgniter\Model->insert(Array)
#8 C:\xampp\htdocs\WEB-app\vendor\codeigniter4\framework\system\CodeIgniter.php(832): App\Controllers\Admin->simpandata()
#9 C:\xampp\htdocs\WEB-app\vendor\codeigniter4\framework\system\CodeIgniter.php(419): CodeIgniter\CodeIgniter->runController(Object(App\Controllers\Admin))
#10 C:\xampp\htdocs\WEB-app\vendor\codeigniter4\framework\system\CodeIgniter.php(326): CodeIgniter\CodeIgniter->handleRequest(NULL, Object(Config\Cache), false)
#11 C:\xampp\htdocs\WEB-app\public\index.php(37): CodeIgniter\CodeIgniter->run()
#12 C:\xampp\htdocs\WEB-app\vendor\codeigniter4\framework\system\Commands\Server\rewrite.php(43): require_once('C:\\xampp\\htdocs...')
#13 {main}
ERROR - 2022-05-01 09:54:23 --> Duplicate entry 'CB62191' for key 'PRIMARY'
CRITICAL - 2022-05-01 09:54:23 --> Duplicate entry 'CB62191' for key 'PRIMARY'
#0 C:\xampp\htdocs\WEB-app\vendor\codeigniter4\framework\system\Database\MySQLi\Connection.php(292): mysqli->query('INSERT INTO `tb...', 0)
#1 C:\xampp\htdocs\WEB-app\vendor\codeigniter4\framework\system\Database\BaseConnection.php(670): CodeIgniter\Database\MySQLi\Connection->execute('INSERT INTO `tb...')
#2 C:\xampp\htdocs\WEB-app\vendor\codeigniter4\framework\system\Database\BaseConnection.php(598): CodeIgniter\Database\BaseConnection->simpleQuery('INSERT INTO `tb...')
#3 C:\xampp\htdocs\WEB-app\vendor\codeigniter4\framework\system\Database\BaseBuilder.php(1771): CodeIgniter\Database\BaseConnection->query('INSERT INTO `tb...', Array, false)
#4 C:\xampp\htdocs\WEB-app\vendor\codeigniter4\framework\system\Model.php(239): CodeIgniter\Database\BaseBuilder->insert()
#5 C:\xampp\htdocs\WEB-app\vendor\codeigniter4\framework\system\BaseModel.php(738): CodeIgniter\Model->doInsert(Array)
#6 C:\xampp\htdocs\WEB-app\vendor\codeigniter4\framework\system\Model.php(625): CodeIgniter\BaseModel->insert(Array, true)
#7 C:\xampp\htdocs\WEB-app\app\Controllers\Admin.php(145): CodeIgniter\Model->insert(Array)
#8 C:\xampp\htdocs\WEB-app\vendor\codeigniter4\framework\system\CodeIgniter.php(832): App\Controllers\Admin->simpandata()
#9 C:\xampp\htdocs\WEB-app\vendor\codeigniter4\framework\system\CodeIgniter.php(419): CodeIgniter\CodeIgniter->runController(Object(App\Controllers\Admin))
#10 C:\xampp\htdocs\WEB-app\vendor\codeigniter4\framework\system\CodeIgniter.php(326): CodeIgniter\CodeIgniter->handleRequest(NULL, Object(Config\Cache), false)
#11 C:\xampp\htdocs\WEB-app\public\index.php(37): CodeIgniter\CodeIgniter->run()
#12 C:\xampp\htdocs\WEB-app\vendor\codeigniter4\framework\system\Commands\Server\rewrite.php(43): require_once('C:\\xampp\\htdocs...')
#13 {main}
CRITICAL - 2022-05-01 10:00:54 --> Undefined property: App\Controllers\Admin::$db
#0 C:\xampp\htdocs\WEB-app\app\Controllers\Admin.php(133): CodeIgniter\Debug\Exceptions->errorHandler(2, 'Undefined prope...', 'C:\\xampp\\htdocs...', 133)
#1 C:\xampp\htdocs\WEB-app\vendor\codeigniter4\framework\system\CodeIgniter.php(832): App\Controllers\Admin->simpandata()
#2 C:\xampp\htdocs\WEB-app\vendor\codeigniter4\framework\system\CodeIgniter.php(419): CodeIgniter\CodeIgniter->runController(Object(App\Controllers\Admin))
#3 C:\xampp\htdocs\WEB-app\vendor\codeigniter4\framework\system\CodeIgniter.php(326): CodeIgniter\CodeIgniter->handleRequest(NULL, Object(Config\Cache), false)
#4 C:\xampp\htdocs\WEB-app\public\index.php(37): CodeIgniter\CodeIgniter->run()
#5 C:\xampp\htdocs\WEB-app\vendor\codeigniter4\framework\system\Commands\Server\rewrite.php(43): require_once('C:\\xampp\\htdocs...')
#6 {main}
CRITICAL - 2022-05-01 10:01:06 --> Undefined property: App\Controllers\Admin::$ddatacabang
#0 C:\xampp\htdocs\WEB-app\app\Controllers\Admin.php(133): CodeIgniter\Debug\Exceptions->errorHandler(2, 'Undefined prope...', 'C:\\xampp\\htdocs...', 133)
#1 C:\xampp\htdocs\WEB-app\vendor\codeigniter4\framework\system\CodeIgniter.php(832): App\Controllers\Admin->simpandata()
#2 C:\xampp\htdocs\WEB-app\vendor\codeigniter4\framework\system\CodeIgniter.php(419): CodeIgniter\CodeIgniter->runController(Object(App\Controllers\Admin))
#3 C:\xampp\htdocs\WEB-app\vendor\codeigniter4\framework\system\CodeIgniter.php(326): CodeIgniter\CodeIgniter->handleRequest(NULL, Object(Config\Cache), false)
#4 C:\xampp\htdocs\WEB-app\public\index.php(37): CodeIgniter\CodeIgniter->run()
#5 C:\xampp\htdocs\WEB-app\vendor\codeigniter4\framework\system\Commands\Server\rewrite.php(43): require_once('C:\\xampp\\htdocs...')
#6 {main}
CRITICAL - 2022-05-01 10:01:11 --> Call to undefined method App\Models\ModelCabang::get_where
#0 C:\xampp\htdocs\WEB-app\app\Controllers\Admin.php(133): CodeIgniter\Model->__call('get_where', Array)
#1 C:\xampp\htdocs\WEB-app\vendor\codeigniter4\framework\system\CodeIgniter.php(832): App\Controllers\Admin->simpandata()
#2 C:\xampp\htdocs\WEB-app\vendor\codeigniter4\framework\system\CodeIgniter.php(419): CodeIgniter\CodeIgniter->runController(Object(App\Controllers\Admin))
#3 C:\xampp\htdocs\WEB-app\vendor\codeigniter4\framework\system\CodeIgniter.php(326): CodeIgniter\CodeIgniter->handleRequest(NULL, Object(Config\Cache), false)
#4 C:\xampp\htdocs\WEB-app\public\index.php(37): CodeIgniter\CodeIgniter->run()
#5 C:\xampp\htdocs\WEB-app\vendor\codeigniter4\framework\system\Commands\Server\rewrite.php(43): require_once('C:\\xampp\\htdocs...')
#6 {main}
CRITICAL - 2022-05-01 10:01:48 --> Call to undefined method App\Models\ModelCabang::num_rows
#0 C:\xampp\htdocs\WEB-app\app\Controllers\Admin.php(134): CodeIgniter\Model->__call('num_rows', Array)
#1 C:\xampp\htdocs\WEB-app\vendor\codeigniter4\framework\system\CodeIgniter.php(832): App\Controllers\Admin->simpandata()
#2 C:\xampp\htdocs\WEB-app\vendor\codeigniter4\framework\system\CodeIgniter.php(419): CodeIgniter\CodeIgniter->runController(Object(App\Controllers\Admin))
#3 C:\xampp\htdocs\WEB-app\vendor\codeigniter4\framework\system\CodeIgniter.php(326): CodeIgniter\CodeIgniter->handleRequest(NULL, Object(Config\Cache), false)
#4 C:\xampp\htdocs\WEB-app\public\index.php(37): CodeIgniter\CodeIgniter->run()
#5 C:\xampp\htdocs\WEB-app\vendor\codeigniter4\framework\system\Commands\Server\rewrite.php(43): require_once('C:\\xampp\\htdocs...')
#6 {main}
CRITICAL - 2022-05-01 10:02:01 --> Object of class App\Models\ModelCabang could not be converted to int
#0 C:\xampp\htdocs\WEB-app\app\Controllers\Admin.php(134): CodeIgniter\Debug\Exceptions->errorHandler(8, 'Object of class...', 'C:\\xampp\\htdocs...', 134)
#1 C:\xampp\htdocs\WEB-app\vendor\codeigniter4\framework\system\CodeIgniter.php(832): App\Controllers\Admin->simpandata()
#2 C:\xampp\htdocs\WEB-app\vendor\codeigniter4\framework\system\CodeIgniter.php(419): CodeIgniter\CodeIgniter->runController(Object(App\Controllers\Admin))
#3 C:\xampp\htdocs\WEB-app\vendor\codeigniter4\framework\system\CodeIgniter.php(326): CodeIgniter\CodeIgniter->handleRequest(NULL, Object(Config\Cache), false)
#4 C:\xampp\htdocs\WEB-app\public\index.php(37): CodeIgniter\CodeIgniter->run()
#5 C:\xampp\htdocs\WEB-app\vendor\codeigniter4\framework\system\Commands\Server\rewrite.php(43): require_once('C:\\xampp\\htdocs...')
#6 {main}
CRITICAL - 2022-05-01 10:02:07 --> Call to undefined method App\Models\ModelCabang::num_rows
#0 C:\xampp\htdocs\WEB-app\app\Controllers\Admin.php(134): CodeIgniter\Model->__call('num_rows', Array)
#1 C:\xampp\htdocs\WEB-app\vendor\codeigniter4\framework\system\CodeIgniter.php(832): App\Controllers\Admin->simpandata()
#2 C:\xampp\htdocs\WEB-app\vendor\codeigniter4\framework\system\CodeIgniter.php(419): CodeIgniter\CodeIgniter->runController(Object(App\Controllers\Admin))
#3 C:\xampp\htdocs\WEB-app\vendor\codeigniter4\framework\system\CodeIgniter.php(326): CodeIgniter\CodeIgniter->handleRequest(NULL, Object(Config\Cache), false)
#4 C:\xampp\htdocs\WEB-app\public\index.php(37): CodeIgniter\CodeIgniter->run()
#5 C:\xampp\htdocs\WEB-app\vendor\codeigniter4\framework\system\Commands\Server\rewrite.php(43): require_once('C:\\xampp\\htdocs...')
#6 {main}
CRITICAL - 2022-05-01 10:02:58 --> Call to undefined method App\Models\ModelCabang::num_rows
#0 C:\xampp\htdocs\WEB-app\app\Controllers\Admin.php(134): CodeIgniter\Model->__call('num_rows', Array)
#1 C:\xampp\htdocs\WEB-app\vendor\codeigniter4\framework\system\CodeIgniter.php(832): App\Controllers\Admin->simpandata()
#2 C:\xampp\htdocs\WEB-app\vendor\codeigniter4\framework\system\CodeIgniter.php(419): CodeIgniter\CodeIgniter->runController(Object(App\Controllers\Admin))
#3 C:\xampp\htdocs\WEB-app\vendor\codeigniter4\framework\system\CodeIgniter.php(326): CodeIgniter\CodeIgniter->handleRequest(NULL, Object(Config\Cache), false)
#4 C:\xampp\htdocs\WEB-app\public\index.php(37): CodeIgniter\CodeIgniter->run()
#5 C:\xampp\htdocs\WEB-app\vendor\codeigniter4\framework\system\Commands\Server\rewrite.php(43): require_once('C:\\xampp\\htdocs...')
#6 {main}
ERROR - 2022-05-01 10:04:06 --> Duplicate entry 'CB62191' for key 'PRIMARY'
CRITICAL - 2022-05-01 10:04:06 --> Duplicate entry 'CB62191' for key 'PRIMARY'
#0 C:\xampp\htdocs\WEB-app\vendor\codeigniter4\framework\system\Database\MySQLi\Connection.php(292): mysqli->query('INSERT INTO `tb...', 0)
#1 C:\xampp\htdocs\WEB-app\vendor\codeigniter4\framework\system\Database\BaseConnection.php(670): CodeIgniter\Database\MySQLi\Connection->execute('INSERT INTO `tb...')
#2 C:\xampp\htdocs\WEB-app\vendor\codeigniter4\framework\system\Database\BaseConnection.php(598): CodeIgniter\Database\BaseConnection->simpleQuery('INSERT INTO `tb...')
#3 C:\xampp\htdocs\WEB-app\vendor\codeigniter4\framework\system\Database\BaseBuilder.php(1771): CodeIgniter\Database\BaseConnection->query('INSERT INTO `tb...', Array, false)
#4 C:\xampp\htdocs\WEB-app\vendor\codeigniter4\framework\system\Model.php(239): CodeIgniter\Database\BaseBuilder->insert()
#5 C:\xampp\htdocs\WEB-app\vendor\codeigniter4\framework\system\BaseModel.php(738): CodeIgniter\Model->doInsert(Array)
#6 C:\xampp\htdocs\WEB-app\vendor\codeigniter4\framework\system\Model.php(625): CodeIgniter\BaseModel->insert(Array, true)
#7 C:\xampp\htdocs\WEB-app\app\Controllers\Admin.php(144): CodeIgniter\Model->insert(Array)
#8 C:\xampp\htdocs\WEB-app\vendor\codeigniter4\framework\system\CodeIgniter.php(832): App\Controllers\Admin->simpandata()
#9 C:\xampp\htdocs\WEB-app\vendor\codeigniter4\framework\system\CodeIgniter.php(419): CodeIgniter\CodeIgniter->runController(Object(App\Controllers\Admin))
#10 C:\xampp\htdocs\WEB-app\vendor\codeigniter4\framework\system\CodeIgniter.php(326): CodeIgniter\CodeIgniter->handleRequest(NULL, Object(Config\Cache), false)
#11 C:\xampp\htdocs\WEB-app\public\index.php(37): CodeIgniter\CodeIgniter->run()
#12 C:\xampp\htdocs\WEB-app\vendor\codeigniter4\framework\system\Commands\Server\rewrite.php(43): require_once('C:\\xampp\\htdocs...')
#13 {main}
CRITICAL - 2022-05-01 10:08:19 --> Invalid file: admin/formtambah.php
#0 C:\xampp\htdocs\WEB-app\vendor\codeigniter4\framework\system\View\View.php(198): CodeIgniter\Exceptions\FrameworkException::forInvalidFile('admin/formtamba...')
#1 C:\xampp\htdocs\WEB-app\vendor\codeigniter4\framework\system\Common.php(1089): CodeIgniter\View\View->render('admin/formtamba...', Array, true)
#2 C:\xampp\htdocs\WEB-app\app\Controllers\Admin.php(136): view('admin/formtamba...', Array)
#3 C:\xampp\htdocs\WEB-app\vendor\codeigniter4\framework\system\CodeIgniter.php(832): App\Controllers\Admin->simpandata()
#4 C:\xampp\htdocs\WEB-app\vendor\codeigniter4\framework\system\CodeIgniter.php(419): CodeIgniter\CodeIgniter->runController(Object(App\Controllers\Admin))
#5 C:\xampp\htdocs\WEB-app\vendor\codeigniter4\framework\system\CodeIgniter.php(326): CodeIgniter\CodeIgniter->handleRequest(NULL, Object(Config\Cache), false)
#6 C:\xampp\htdocs\WEB-app\public\index.php(37): CodeIgniter\CodeIgniter->run()
#7 C:\xampp\htdocs\WEB-app\vendor\codeigniter4\framework\system\Commands\Server\rewrite.php(43): require_once('C:\\xampp\\htdocs...')
#8 {main}
CRITICAL - 2022-05-01 10:10:24 --> Invalid file: admin/formtambah.php
#0 C:\xampp\htdocs\WEB-app\vendor\codeigniter4\framework\system\View\View.php(198): CodeIgniter\Exceptions\FrameworkException::forInvalidFile('admin/formtamba...')
#1 C:\xampp\htdocs\WEB-app\vendor\codeigniter4\framework\system\Common.php(1089): CodeIgniter\View\View->render('admin/formtamba...', Array, true)
#2 C:\xampp\htdocs\WEB-app\app\Controllers\Admin.php(136): view('admin/formtamba...', Array)
#3 C:\xampp\htdocs\WEB-app\vendor\codeigniter4\framework\system\CodeIgniter.php(832): App\Controllers\Admin->simpandata()
#4 C:\xampp\htdocs\WEB-app\vendor\codeigniter4\framework\system\CodeIgniter.php(419): CodeIgniter\CodeIgniter->runController(Object(App\Controllers\Admin))
#5 C:\xampp\htdocs\WEB-app\vendor\codeigniter4\framework\system\CodeIgniter.php(326): CodeIgniter\CodeIgniter->handleRequest(NULL, Object(Config\Cache), false)
#6 C:\xampp\htdocs\WEB-app\public\index.php(37): CodeIgniter\CodeIgniter->run()
#7 C:\xampp\htdocs\WEB-app\vendor\codeigniter4\framework\system\Commands\Server\rewrite.php(43): require_once('C:\\xampp\\htdocs...')
#8 {main}
CRITICAL - 2022-05-01 10:10:41 --> Invalid file: admin/formtambah.php
#0 C:\xampp\htdocs\WEB-app\vendor\codeigniter4\framework\system\View\View.php(198): CodeIgniter\Exceptions\FrameworkException::forInvalidFile('admin/formtamba...')
#1 C:\xampp\htdocs\WEB-app\vendor\codeigniter4\framework\system\Common.php(1089): CodeIgniter\View\View->render('admin/formtamba...', Array, true)
#2 C:\xampp\htdocs\WEB-app\app\Controllers\Admin.php(136): view('admin/formtamba...', Array)
#3 C:\xampp\htdocs\WEB-app\vendor\codeigniter4\framework\system\CodeIgniter.php(832): App\Controllers\Admin->simpandata()
#4 C:\xampp\htdocs\WEB-app\vendor\codeigniter4\framework\system\CodeIgniter.php(419): CodeIgniter\CodeIgniter->runController(Object(App\Controllers\Admin))
#5 C:\xampp\htdocs\WEB-app\vendor\codeigniter4\framework\system\CodeIgniter.php(326): CodeIgniter\CodeIgniter->handleRequest(NULL, Object(Config\Cache), false)
#6 C:\xampp\htdocs\WEB-app\public\index.php(37): CodeIgniter\CodeIgniter->run()
#7 C:\xampp\htdocs\WEB-app\vendor\codeigniter4\framework\system\Commands\Server\rewrite.php(43): require_once('C:\\xampp\\htdocs...')
#8 {main}
CRITICAL - 2022-05-01 10:10:42 --> Undefined variable $message
#0 C:\xampp\htdocs\WEB-app\app\Views\admin\cabangdata\formtambah.php(26): CodeIgniter\Debug\Exceptions->errorHandler(2, 'Undefined varia...', 'C:\\xampp\\htdocs...', 26)
#1 C:\xampp\htdocs\WEB-app\vendor\codeigniter4\framework\system\View\View.php(210): include('C:\\xampp\\htdocs...')
#2 C:\xampp\htdocs\WEB-app\vendor\codeigniter4\framework\system\View\View.php(213): CodeIgniter\View\View->CodeIgniter\View\{closure}()
#3 C:\xampp\htdocs\WEB-app\vendor\codeigniter4\framework\system\Common.php(1089): CodeIgniter\View\View->render('admin/cabangdat...', Array, true)
#4 C:\xampp\htdocs\WEB-app\app\Controllers\Admin.php(126): view('admin/cabangdat...')
#5 C:\xampp\htdocs\WEB-app\vendor\codeigniter4\framework\system\CodeIgniter.php(832): App\Controllers\Admin->formtambah()
#6 C:\xampp\htdocs\WEB-app\vendor\codeigniter4\framework\system\CodeIgniter.php(419): CodeIgniter\CodeIgniter->runController(Object(App\Controllers\Admin))
#7 C:\xampp\htdocs\WEB-app\vendor\codeigniter4\framework\system\CodeIgniter.php(326): CodeIgniter\CodeIgniter->handleRequest(NULL, Object(Config\Cache), false)
#8 C:\xampp\htdocs\WEB-app\public\index.php(37): CodeIgniter\CodeIgniter->run()
#9 C:\xampp\htdocs\WEB-app\vendor\codeigniter4\framework\system\Commands\Server\rewrite.php(43): require_once('C:\\xampp\\htdocs...')
#10 {main}
CRITICAL - 2022-05-01 10:10:43 --> Undefined variable $message
#0 C:\xampp\htdocs\WEB-app\app\Views\admin\cabangdata\formtambah.php(26): CodeIgniter\Debug\Exceptions->errorHandler(2, 'Undefined varia...', 'C:\\xampp\\htdocs...', 26)
#1 C:\xampp\htdocs\WEB-app\vendor\codeigniter4\framework\system\View\View.php(210): include('C:\\xampp\\htdocs...')
#2 C:\xampp\htdocs\WEB-app\vendor\codeigniter4\framework\system\View\View.php(213): CodeIgniter\View\View->CodeIgniter\View\{closure}()
#3 C:\xampp\htdocs\WEB-app\vendor\codeigniter4\framework\system\Common.php(1089): CodeIgniter\View\View->render('admin/cabangdat...', Array, true)
#4 C:\xampp\htdocs\WEB-app\app\Controllers\Admin.php(126): view('admin/cabangdat...')
#5 C:\xampp\htdocs\WEB-app\vendor\codeigniter4\framework\system\CodeIgniter.php(832): App\Controllers\Admin->formtambah()
#6 C:\xampp\htdocs\WEB-app\vendor\codeigniter4\framework\system\CodeIgniter.php(419): CodeIgniter\CodeIgniter->runController(Object(App\Controllers\Admin))
#7 C:\xampp\htdocs\WEB-app\vendor\codeigniter4\framework\system\CodeIgniter.php(326): CodeIgniter\CodeIgniter->handleRequest(NULL, Object(Config\Cache), false)
#8 C:\xampp\htdocs\WEB-app\public\index.php(37): CodeIgniter\CodeIgniter->run()
#9 C:\xampp\htdocs\WEB-app\vendor\codeigniter4\framework\system\Commands\Server\rewrite.php(43): require_once('C:\\xampp\\htdocs...')
#10 {main}
CRITICAL - 2022-05-01 10:10:44 --> Undefined variable $message
#0 C:\xampp\htdocs\WEB-app\app\Views\admin\cabangdata\formtambah.php(26): CodeIgniter\Debug\Exceptions->errorHandler(2, 'Undefined varia...', 'C:\\xampp\\htdocs...', 26)
#1 C:\xampp\htdocs\WEB-app\vendor\codeigniter4\framework\system\View\View.php(210): include('C:\\xampp\\htdocs...')
#2 C:\xampp\htdocs\WEB-app\vendor\codeigniter4\framework\system\View\View.php(213): CodeIgniter\View\View->CodeIgniter\View\{closure}()
#3 C:\xampp\htdocs\WEB-app\vendor\codeigniter4\framework\system\Common.php(1089): CodeIgniter\View\View->render('admin/cabangdat...', Array, true)
#4 C:\xampp\htdocs\WEB-app\app\Controllers\Admin.php(126): view('admin/cabangdat...')
#5 C:\xampp\htdocs\WEB-app\vendor\codeigniter4\framework\system\CodeIgniter.php(832): App\Controllers\Admin->formtambah()
#6 C:\xampp\htdocs\WEB-app\vendor\codeigniter4\framework\system\CodeIgniter.php(419): CodeIgniter\CodeIgniter->runController(Object(App\Controllers\Admin))
#7 C:\xampp\htdocs\WEB-app\vendor\codeigniter4\framework\system\CodeIgniter.php(326): CodeIgniter\CodeIgniter->handleRequest(NULL, Object(Config\Cache), false)
#8 C:\xampp\htdocs\WEB-app\public\index.php(37): CodeIgniter\CodeIgniter->run()
#9 C:\xampp\htdocs\WEB-app\vendor\codeigniter4\framework\system\Commands\Server\rewrite.php(43): require_once('C:\\xampp\\htdocs...')
#10 {main}
CRITICAL - 2022-05-01 10:11:03 --> Invalid file: admin/formtambah.php
#0 C:\xampp\htdocs\WEB-app\vendor\codeigniter4\framework\system\View\View.php(198): CodeIgniter\Exceptions\FrameworkException::forInvalidFile('admin/formtamba...')
#1 C:\xampp\htdocs\WEB-app\vendor\codeigniter4\framework\system\Common.php(1089): CodeIgniter\View\View->render('admin/formtamba...', Array, true)
#2 C:\xampp\htdocs\WEB-app\app\Controllers\Admin.php(136): view('admin/formtamba...', Array)
#3 C:\xampp\htdocs\WEB-app\vendor\codeigniter4\framework\system\CodeIgniter.php(832): App\Controllers\Admin->simpandata()
#4 C:\xampp\htdocs\WEB-app\vendor\codeigniter4\framework\system\CodeIgniter.php(419): CodeIgniter\CodeIgniter->runController(Object(App\Controllers\Admin))
#5 C:\xampp\htdocs\WEB-app\vendor\codeigniter4\framework\system\CodeIgniter.php(326): CodeIgniter\CodeIgniter->handleRequest(NULL, Object(Config\Cache), false)
#6 C:\xampp\htdocs\WEB-app\public\index.php(37): CodeIgniter\CodeIgniter->run()
#7 C:\xampp\htdocs\WEB-app\vendor\codeigniter4\framework\system\Commands\Server\rewrite.php(43): require_once('C:\\xampp\\htdocs...')
#8 {main}
CRITICAL - 2022-05-01 10:20:08 --> Invalid file: admin/formtambah.php
#0 C:\xampp\htdocs\WEB-app\vendor\codeigniter4\framework\system\View\View.php(198): CodeIgniter\Exceptions\FrameworkException::forInvalidFile('admin/formtamba...')
#1 C:\xampp\htdocs\WEB-app\vendor\codeigniter4\framework\system\Common.php(1089): CodeIgniter\View\View->render('admin/formtamba...', Array, true)
#2 C:\xampp\htdocs\WEB-app\app\Controllers\Admin.php(136): view('admin/formtamba...', Array)
#3 C:\xampp\htdocs\WEB-app\vendor\codeigniter4\framework\system\CodeIgniter.php(832): App\Controllers\Admin->simpandata()
#4 C:\xampp\htdocs\WEB-app\vendor\codeigniter4\framework\system\CodeIgniter.php(419): CodeIgniter\CodeIgniter->runController(Object(App\Controllers\Admin))
#5 C:\xampp\htdocs\WEB-app\vendor\codeigniter4\framework\system\CodeIgniter.php(326): CodeIgniter\CodeIgniter->handleRequest(NULL, Object(Config\Cache), false)
#6 C:\xampp\htdocs\WEB-app\public\index.php(37): CodeIgniter\CodeIgniter->run()
#7 C:\xampp\htdocs\WEB-app\vendor\codeigniter4\framework\system\Commands\Server\rewrite.php(43): require_once('C:\\xampp\\htdocs...')
#8 {main}
ERROR - 2022-05-01 10:22:45 --> Duplicate entry 'CB62191' for key 'PRIMARY'
CRITICAL - 2022-05-01 10:22:45 --> Duplicate entry 'CB62191' for key 'PRIMARY'
#0 C:\xampp\htdocs\WEB-app\vendor\codeigniter4\framework\system\Database\MySQLi\Connection.php(292): mysqli->query('INSERT INTO `tb...', 0)
#1 C:\xampp\htdocs\WEB-app\vendor\codeigniter4\framework\system\Database\BaseConnection.php(670): CodeIgniter\Database\MySQLi\Connection->execute('INSERT INTO `tb...')
#2 C:\xampp\htdocs\WEB-app\vendor\codeigniter4\framework\system\Database\BaseConnection.php(598): CodeIgniter\Database\BaseConnection->simpleQuery('INSERT INTO `tb...')
#3 C:\xampp\htdocs\WEB-app\vendor\codeigniter4\framework\system\Database\BaseBuilder.php(1771): CodeIgniter\Database\BaseConnection->query('INSERT INTO `tb...', Array, false)
#4 C:\xampp\htdocs\WEB-app\vendor\codeigniter4\framework\system\Model.php(239): CodeIgniter\Database\BaseBuilder->insert()
#5 C:\xampp\htdocs\WEB-app\vendor\codeigniter4\framework\system\BaseModel.php(738): CodeIgniter\Model->doInsert(Array)
#6 C:\xampp\htdocs\WEB-app\vendor\codeigniter4\framework\system\Model.php(625): CodeIgniter\BaseModel->insert(Array, true)
#7 C:\xampp\htdocs\WEB-app\app\Controllers\Admin.php(142): CodeIgniter\Model->insert(Array)
#8 C:\xampp\htdocs\WEB-app\vendor\codeigniter4\framework\system\CodeIgniter.php(832): App\Controllers\Admin->simpandata()
#9 C:\xampp\htdocs\WEB-app\vendor\codeigniter4\framework\system\CodeIgniter.php(419): CodeIgniter\CodeIgniter->runController(Object(App\Controllers\Admin))
#10 C:\xampp\htdocs\WEB-app\vendor\codeigniter4\framework\system\CodeIgniter.php(326): CodeIgniter\CodeIgniter->handleRequest(NULL, Object(Config\Cache), false)
#11 C:\xampp\htdocs\WEB-app\public\index.php(37): CodeIgniter\CodeIgniter->run()
#12 C:\xampp\htdocs\WEB-app\vendor\codeigniter4\framework\system\Commands\Server\rewrite.php(43): require_once('C:\\xampp\\htdocs...')
#13 {main}
ERROR - 2022-05-01 10:25:10 --> Duplicate entry 'CB62191' for key 'PRIMARY'
CRITICAL - 2022-05-01 10:25:10 --> Duplicate entry 'CB62191' for key 'PRIMARY'
#0 C:\xampp\htdocs\WEB-app\vendor\codeigniter4\framework\system\Database\MySQLi\Connection.php(292): mysqli->query('INSERT INTO `tb...', 0)
#1 C:\xampp\htdocs\WEB-app\vendor\codeigniter4\framework\system\Database\BaseConnection.php(670): CodeIgniter\Database\MySQLi\Connection->execute('INSERT INTO `tb...')
#2 C:\xampp\htdocs\WEB-app\vendor\codeigniter4\framework\system\Database\BaseConnection.php(598): CodeIgniter\Database\BaseConnection->simpleQuery('INSERT INTO `tb...')
#3 C:\xampp\htdocs\WEB-app\vendor\codeigniter4\framework\system\Database\BaseBuilder.php(1771): CodeIgniter\Database\BaseConnection->query('INSERT INTO `tb...', Array, false)
#4 C:\xampp\htdocs\WEB-app\vendor\codeigniter4\framework\system\Model.php(239): CodeIgniter\Database\BaseBuilder->insert()
#5 C:\xampp\htdocs\WEB-app\vendor\codeigniter4\framework\system\BaseModel.php(738): CodeIgniter\Model->doInsert(Array)
#6 C:\xampp\htdocs\WEB-app\vendor\codeigniter4\framework\system\Model.php(625): CodeIgniter\BaseModel->insert(Array, true)
#7 C:\xampp\htdocs\WEB-app\app\Controllers\Admin.php(158): CodeIgniter\Model->insert(Array)
#8 C:\xampp\htdocs\WEB-app\vendor\codeigniter4\framework\system\CodeIgniter.php(832): App\Controllers\Admin->simpandata()
#9 C:\xampp\htdocs\WEB-app\vendor\codeigniter4\framework\system\CodeIgniter.php(419): CodeIgniter\CodeIgniter->runController(Object(App\Controllers\Admin))
#10 C:\xampp\htdocs\WEB-app\vendor\codeigniter4\framework\system\CodeIgniter.php(326): CodeIgniter\CodeIgniter->handleRequest(NULL, Object(Config\Cache), false)
#11 C:\xampp\htdocs\WEB-app\public\index.php(37): CodeIgniter\CodeIgniter->run()
#12 C:\xampp\htdocs\WEB-app\vendor\codeigniter4\framework\system\Commands\Server\rewrite.php(43): require_once('C:\\xampp\\htdocs...')
#13 {main}
ERROR - 2022-05-01 10:26:48 --> Duplicate entry 'CB62191' for key 'PRIMARY'
CRITICAL - 2022-05-01 10:26:48 --> Duplicate entry 'CB62191' for key 'PRIMARY'
#0 C:\xampp\htdocs\WEB-app\vendor\codeigniter4\framework\system\Database\MySQLi\Connection.php(292): mysqli->query('INSERT INTO `tb...', 0)
#1 C:\xampp\htdocs\WEB-app\vendor\codeigniter4\framework\system\Database\BaseConnection.php(670): CodeIgniter\Database\MySQLi\Connection->execute('INSERT INTO `tb...')
#2 C:\xampp\htdocs\WEB-app\vendor\codeigniter4\framework\system\Database\BaseConnection.php(598): CodeIgniter\Database\BaseConnection->simpleQuery('INSERT INTO `tb...')
#3 C:\xampp\htdocs\WEB-app\vendor\codeigniter4\framework\system\Database\BaseBuilder.php(1771): CodeIgniter\Database\BaseConnection->query('INSERT INTO `tb...', Array, false)
#4 C:\xampp\htdocs\WEB-app\vendor\codeigniter4\framework\system\Model.php(239): CodeIgniter\Database\BaseBuilder->insert()
#5 C:\xampp\htdocs\WEB-app\vendor\codeigniter4\framework\system\BaseModel.php(738): CodeIgniter\Model->doInsert(Array)
#6 C:\xampp\htdocs\WEB-app\vendor\codeigniter4\framework\system\Model.php(625): CodeIgniter\BaseModel->insert(Array, true)
#7 C:\xampp\htdocs\WEB-app\app\Controllers\Admin.php(159): CodeIgniter\Model->insert(Array)
#8 C:\xampp\htdocs\WEB-app\vendor\codeigniter4\framework\system\CodeIgniter.php(832): App\Controllers\Admin->simpandata()
#9 C:\xampp\htdocs\WEB-app\vendor\codeigniter4\framework\system\CodeIgniter.php(419): CodeIgniter\CodeIgniter->runController(Object(App\Controllers\Admin))
#10 C:\xampp\htdocs\WEB-app\vendor\codeigniter4\framework\system\CodeIgniter.php(326): CodeIgniter\CodeIgniter->handleRequest(NULL, Object(Config\Cache), false)
#11 C:\xampp\htdocs\WEB-app\public\index.php(37): CodeIgniter\CodeIgniter->run()
#12 C:\xampp\htdocs\WEB-app\vendor\codeigniter4\framework\system\Commands\Server\rewrite.php(43): require_once('C:\\xampp\\htdocs...')
#13 {main}
ERROR - 2022-05-01 10:27:34 --> Duplicate entry 'CB62191' for key 'PRIMARY'
CRITICAL - 2022-05-01 10:27:34 --> Duplicate entry 'CB62191' for key 'PRIMARY'
#0 C:\xampp\htdocs\WEB-app\vendor\codeigniter4\framework\system\Database\MySQLi\Connection.php(292): mysqli->query('INSERT INTO `tb...', 0)
#1 C:\xampp\htdocs\WEB-app\vendor\codeigniter4\framework\system\Database\BaseConnection.php(670): CodeIgniter\Database\MySQLi\Connection->execute('INSERT INTO `tb...')
#2 C:\xampp\htdocs\WEB-app\vendor\codeigniter4\framework\system\Database\BaseConnection.php(598): CodeIgniter\Database\BaseConnection->simpleQuery('INSERT INTO `tb...')
#3 C:\xampp\htdocs\WEB-app\vendor\codeigniter4\framework\system\Database\BaseBuilder.php(1771): CodeIgniter\Database\BaseConnection->query('INSERT INTO `tb...', Array, false)
#4 C:\xampp\htdocs\WEB-app\vendor\codeigniter4\framework\system\Model.php(239): CodeIgniter\Database\BaseBuilder->insert()
#5 C:\xampp\htdocs\WEB-app\vendor\codeigniter4\framework\system\BaseModel.php(738): CodeIgniter\Model->doInsert(Array)
#6 C:\xampp\htdocs\WEB-app\vendor\codeigniter4\framework\system\Model.php(625): CodeIgniter\BaseModel->insert(Array, true)
#7 C:\xampp\htdocs\WEB-app\app\Controllers\Admin.php(159): CodeIgniter\Model->insert(Array)
#8 C:\xampp\htdocs\WEB-app\vendor\codeigniter4\framework\system\CodeIgniter.php(832): App\Controllers\Admin->simpandata()
#9 C:\xampp\htdocs\WEB-app\vendor\codeigniter4\framework\system\CodeIgniter.php(419): CodeIgniter\CodeIgniter->runController(Object(App\Controllers\Admin))
#10 C:\xampp\htdocs\WEB-app\vendor\codeigniter4\framework\system\CodeIgniter.php(326): CodeIgniter\CodeIgniter->handleRequest(NULL, Object(Config\Cache), false)
#11 C:\xampp\htdocs\WEB-app\public\index.php(37): CodeIgniter\CodeIgniter->run()
#12 C:\xampp\htdocs\WEB-app\vendor\codeigniter4\framework\system\Commands\Server\rewrite.php(43): require_once('C:\\xampp\\htdocs...')
#13 {main}
ERROR - 2022-05-01 10:28:16 --> Duplicate entry 'CB62191' for key 'PRIMARY'
CRITICAL - 2022-05-01 10:28:16 --> Duplicate entry 'CB62191' for key 'PRIMARY'
#0 C:\xampp\htdocs\WEB-app\vendor\codeigniter4\framework\system\Database\MySQLi\Connection.php(292): mysqli->query('INSERT INTO `tb...', 0)
#1 C:\xampp\htdocs\WEB-app\vendor\codeigniter4\framework\system\Database\BaseConnection.php(670): CodeIgniter\Database\MySQLi\Connection->execute('INSERT INTO `tb...')
#2 C:\xampp\htdocs\WEB-app\vendor\codeigniter4\framework\system\Database\BaseConnection.php(598): CodeIgniter\Database\BaseConnection->simpleQuery('INSERT INTO `tb...')
#3 C:\xampp\htdocs\WEB-app\vendor\codeigniter4\framework\system\Database\BaseBuilder.php(1771): CodeIgniter\Database\BaseConnection->query('INSERT INTO `tb...', Array, false)
#4 C:\xampp\htdocs\WEB-app\vendor\codeigniter4\framework\system\Model.php(239): CodeIgniter\Database\BaseBuilder->insert()
#5 C:\xampp\htdocs\WEB-app\vendor\codeigniter4\framework\system\BaseModel.php(738): CodeIgniter\Model->doInsert(Array)
#6 C:\xampp\htdocs\WEB-app\vendor\codeigniter4\framework\system\Model.php(625): CodeIgniter\BaseModel->insert(Array, true)
#7 C:\xampp\htdocs\WEB-app\app\Controllers\Admin.php(159): CodeIgniter\Model->insert(Array)
#8 C:\xampp\htdocs\WEB-app\vendor\codeigniter4\framework\system\CodeIgniter.php(832): App\Controllers\Admin->simpandata()
#9 C:\xampp\htdocs\WEB-app\vendor\codeigniter4\framework\system\CodeIgniter.php(419): CodeIgniter\CodeIgniter->runController(Object(App\Controllers\Admin))
#10 C:\xampp\htdocs\WEB-app\vendor\codeigniter4\framework\system\CodeIgniter.php(326): CodeIgniter\CodeIgniter->handleRequest(NULL, Object(Config\Cache), false)
#11 C:\xampp\htdocs\WEB-app\public\index.php(37): CodeIgniter\CodeIgniter->run()
#12 C:\xampp\htdocs\WEB-app\vendor\codeigniter4\framework\system\Commands\Server\rewrite.php(43): require_once('C:\\xampp\\htdocs...')
#13 {main}
ERROR - 2022-05-01 10:28:28 --> Duplicate entry 'CB62191' for key 'PRIMARY'
CRITICAL - 2022-05-01 10:28:28 --> Duplicate entry 'CB62191' for key 'PRIMARY'
#0 C:\xampp\htdocs\WEB-app\vendor\codeigniter4\framework\system\Database\MySQLi\Connection.php(292): mysqli->query('INSERT INTO `tb...', 0)
#1 C:\xampp\htdocs\WEB-app\vendor\codeigniter4\framework\system\Database\BaseConnection.php(670): CodeIgniter\Database\MySQLi\Connection->execute('INSERT INTO `tb...')
#2 C:\xampp\htdocs\WEB-app\vendor\codeigniter4\framework\system\Database\BaseConnection.php(598): CodeIgniter\Database\BaseConnection->simpleQuery('INSERT INTO `tb...')
#3 C:\xampp\htdocs\WEB-app\vendor\codeigniter4\framework\system\Database\BaseBuilder.php(1771): CodeIgniter\Database\BaseConnection->query('INSERT INTO `tb...', Array, false)
#4 C:\xampp\htdocs\WEB-app\vendor\codeigniter4\framework\system\Model.php(239): CodeIgniter\Database\BaseBuilder->insert()
#5 C:\xampp\htdocs\WEB-app\vendor\codeigniter4\framework\system\BaseModel.php(738): CodeIgniter\Model->doInsert(Array)
#6 C:\xampp\htdocs\WEB-app\vendor\codeigniter4\framework\system\Model.php(625): CodeIgniter\BaseModel->insert(Array, true)
#7 C:\xampp\htdocs\WEB-app\app\Controllers\Admin.php(159): CodeIgniter\Model->insert(Array)
#8 C:\xampp\htdocs\WEB-app\vendor\codeigniter4\framework\system\CodeIgniter.php(832): App\Controllers\Admin->simpandata()
#9 C:\xampp\htdocs\WEB-app\vendor\codeigniter4\framework\system\CodeIgniter.php(419): CodeIgniter\CodeIgniter->runController(Object(App\Controllers\Admin))
#10 C:\xampp\htdocs\WEB-app\vendor\codeigniter4\framework\system\CodeIgniter.php(326): CodeIgniter\CodeIgniter->handleRequest(NULL, Object(Config\Cache), false)
#11 C:\xampp\htdocs\WEB-app\public\index.php(37): CodeIgniter\CodeIgniter->run()
#12 C:\xampp\htdocs\WEB-app\vendor\codeigniter4\framework\system\Commands\Server\rewrite.php(43): require_once('C:\\xampp\\htdocs...')
#13 {main}
ERROR - 2022-05-01 10:37:27 --> Duplicate entry 'CB62191' for key 'PRIMARY'
CRITICAL - 2022-05-01 10:37:27 --> Duplicate entry 'CB62191' for key 'PRIMARY'
#0 C:\xampp\htdocs\WEB-app\vendor\codeigniter4\framework\system\Database\MySQLi\Connection.php(292): mysqli->query('INSERT INTO `tb...', 0)
#1 C:\xampp\htdocs\WEB-app\vendor\codeigniter4\framework\system\Database\BaseConnection.php(670): CodeIgniter\Database\MySQLi\Connection->execute('INSERT INTO `tb...')
#2 C:\xampp\htdocs\WEB-app\vendor\codeigniter4\framework\system\Database\BaseConnection.php(598): CodeIgniter\Database\BaseConnection->simpleQuery('INSERT INTO `tb...')
#3 C:\xampp\htdocs\WEB-app\vendor\codeigniter4\framework\system\Database\BaseBuilder.php(1771): CodeIgniter\Database\BaseConnection->query('INSERT INTO `tb...', Array, false)
#4 C:\xampp\htdocs\WEB-app\vendor\codeigniter4\framework\system\Model.php(239): CodeIgniter\Database\BaseBuilder->insert()
#5 C:\xampp\htdocs\WEB-app\vendor\codeigniter4\framework\system\BaseModel.php(738): CodeIgniter\Model->doInsert(Array)
#6 C:\xampp\htdocs\WEB-app\vendor\codeigniter4\framework\system\Model.php(625): CodeIgniter\BaseModel->insert(Array, true)
#7 C:\xampp\htdocs\WEB-app\app\Controllers\Admin.php(160): CodeIgniter\Model->insert(Array)
#8 C:\xampp\htdocs\WEB-app\vendor\codeigniter4\framework\system\CodeIgniter.php(832): App\Controllers\Admin->simpandata()
#9 C:\xampp\htdocs\WEB-app\vendor\codeigniter4\framework\system\CodeIgniter.php(419): CodeIgniter\CodeIgniter->runController(Object(App\Controllers\Admin))
#10 C:\xampp\htdocs\WEB-app\vendor\codeigniter4\framework\system\CodeIgniter.php(326): CodeIgniter\CodeIgniter->handleRequest(NULL, Object(Config\Cache), false)
#11 C:\xampp\htdocs\WEB-app\public\index.php(37): CodeIgniter\CodeIgniter->run()
#12 C:\xampp\htdocs\WEB-app\vendor\codeigniter4\framework\system\Commands\Server\rewrite.php(43): require_once('C:\\xampp\\htdocs...')
#13 {main}
